47
39
24
38
180
101
108
75
84
133
60
15
0
52
39
18
108
71
66
36
28
61
231
52
37
54
110
80
5
110
73
31
39
92
43
22
60
31
13
27
11
51
105
20
0
72
78
60
87
71
0
3
5
15
7
20
21
42
9
12
28
49
27
51
54
90
11
14
16
47
36
70
63
99
33
36
65
101
66
105
66
66
13
16
18
28
20
33
61
97
44
47
90
126
77
116
77
77
39
42
44
90
79
128
79
79
39
42
44
44
39
42
39
39
15
18
20
30
22
35
36
93
24
27
43
100
75
135
75
75
52
55
57
124
110
180
110
110
52
55
57
57
52
55
52
52
15
18
20
30
22
35
36
36
24
27
43
43
24
27
24
24
15
18
20
30
22
35
22
22
15
18
20
20
15
18
15
15
0
3
5
15
7
20
21
42
9
12
28
49
27
51
54
54
11
14
16
47
36
70
63
63
33
36
65
65
33
36
33
33
13
16
18
28
20
33
61
61
44
47
90
90
44
47
44
44
13
16
18
28
20
33
20
20
13
16
18
18
13
16
13
13
0
3
5
15
7
20
21
42
9
12
28
49
27
51
27
27
11
14
16
47
36
70
36
36
11
14
16
16
11
14
11
11
0
3
5
15
7
20
21
21
9
12
28
28
9
12
9
9
79227
29378
342235
61642
38549
46190
62709
57508
28276
57276
73857
67191
60264
95402
73134
89077
358519
18813
106533
98541
25249
111247
95257
45118
40298
20766
109994
38770
134277
109571
57972
35735
29537
108880
69568
74755
40391
65153
98407
60286
146484
93841
36387
60662
91852
38812
18263
73675
74777
47734
13284468
10416885
10141467
4959139
13703453
6164228
7859303
21061628
11272118
9789259
54791689
5639556
8834280
9486815
5509260
6831151
13034233
10284312
7580900
9864332
7438607
10470687
12011995
6736322
13154266
10872682
16902688
5279440
9317856
14015853
9393777
8928093
9041021
8515247
3655912
5408466
9234586
7897764
7479042
7102598
8100533
8609678
18376482
8536078
7660335
11388958
8405272
8221691
6211868
14681840
5107479
7706598
6973818
8623711
10593008
9186571
7043143
6988204
4581162
10022144
13079199
12266291
7771716
7027586
13021785
8449221
11480862
5693752
6838021
5117089
8681997
6571112
13452673
11109509
7464127
12639888
6678631
7922140
19115914
6285557
11285289
6358522
9895423
4357777
9237793
8060783
15826875
6582723
8461614
7886569
6510544
8316988
8585739
4480139
9199718
8756249
8640600
8883817
4492712
10574540
1040527883
880825671
1003873595
863421413
884219148
859532597
893111768
867686078
972516668
876227086
826186887
888086454
854006053
857189440
944955561
1239784928
1300908962
1062992747
1566409731
1212964776
889930603
789957655
879831035
767219278
1141396604
961064492
1034158190
999785730
960796935
1038784677
905101170
912411954
1278129411
820363922
1096181875
730701168
934067024
1036696682
876734855
968410002
1169810528
1037989512
1143508010
1031755568
1132312402
1103186153
952588225
847105014
792009277
841619845
1102699947
267045313027926
9979031967018
240923925113160
10035593637501
260023926701275
9878421310622
248760563270569
9852795635130
499545983848954
