1 1
1 3
1 3
1 3
1 1
1 4
1 4
1 3
1 1
1 4
1 3
1 2
1 1
1 2
1 2
1 2
1 1
1 4
1 4
1 1
1 2
1 2
1 3
1 4
1 2
1 2
1 2
1 3
1 4
1 1
1 2
1 1
1 4
1 2
1 4
1 1
1 1
1 2
1 1
1 1
1 3
1 4
1 3
1 1
1 4
1 1
1 1
1 1
1 2
1 2
1 2
1 3
1 4
1 1
1 4
1 4
1 4
1 3
1 2
1 4
1 1
1 4
1 3
1 2
1 2
1 1
1 3
1 2
1 4
1 2
1 4
1 3
1 4
1 3
1 2
1 3
1 2
1 2
1 4
1 3
1 2
1 1
1 4
1 1
1 4
1 1
1 1
1 3
1 3
1 2
1 4
1 4
1 1
1 3
1 2
1 1
1 4
1 2
1 3
1 3
1 2
1 1
1 1
1 3
1 1
1 2
1 2
1 1
1 1
1 3
1 3
1 1
1 3
1 2
1 1
1 3
1 3
1 4
1 4
1 2
1 4
1 4
1 1
1 3
1 1
1 4
1 3
1 1
1 1
1 1
1 4
1 3
1 1
1 1
1 4
1 3
1 4
1 4
1 3
1 4
1 1
1 4
1 4
1 3
1 4
1 1
1 3
1 1
1 3
1 1
1 4
1 3
1 1
1 2
1 3
1 3
1 2
1 3
1 4
1 1
1 2
1 3
1 3
1 2
1 3
1 3
1 2
1 2
1 3
1 4
1 3
1 1
1 4
1 1
1 3
1 1
1 2
1 4
1 4
1 2
1 3
1 1
1 4
1 3
1 1
1 3
1 1
1 3
1 4
1 2
1 1
1 4
1 3
1 3
1 2
1 1
1 4
1 4
1 3
1 4
1 2
1 3
1 3
1 2
1 1
1 4
1 1
1 1
1 1
1 4
1 1
1 2
1 4
1 2
1 2
1 4
1 4
1 2
1 1
1 3
1 4
1 4
1 2
1 3
1 2
1 3
1 2
1 1
1 1
1 3
1 4
1 1
1 4
1 1
1 3
1 4
1 4
1 1
1 1
1 3
1 2
1 3
1 4
1 4
1 3
1 4
1 1
1 3
1 3
1 2
1 3
1 2
1 4
1 2
1 1
1 1
1 1
1 1
1 2
1 4
1 4
1 4
1 2
1 4
1 1
1 2
1 1
1 3
1 1
1 3
1 1
1 4
1 4
1 4
1 1
1 2
1 3
1 3
1 2
1 2
1 2
1 3
1 3
1 2
1 2
1 4
1 4
1 3
1 2
1 3
1 1
1 1
1 2
1 3
1 4
1 2
1 2
1 4
1 4
1 4
1 2
1 1
1 2
1 4
1 4
1 1
1 4
1 2
1 3
1 4
1 2
1 4
1 3
1 3
1 3
1 4
1 1
1 1
1 3
1 4
1 1
1 4
1 4
1 2
1 4
1 3
1 3
1 2
1 2
1 4
1 4
1 1
1 4
1 3
1 1
1 2
1 3
1 1
1 4
1 4
1 2
1 1
1 4
1 2
1 2
1 1
1 1
1 1
1 1
1 1
1 3
1 4
1 1
1 1
1 1
1 2
1 1
1 2
1 3
1 1
1 3
1 1
1 2
1 3
1 2
1 4
1 1
1 4
1 4
1 4
1 3
1 2
1 1
1 1
1 2
1 2
1 1
1 3
1 1
1 4
1 4
1 4
1 1
1 3
1 4
1 1
1 2
1 4
1 4
1 4
1 2
1 3
1 3
1 4
1 3
1 1
1 2
1 1
1 2
1 1
1 4
1 4
0 74
1 2
1 3
1 4
1 4
1 2
1 4
1 3
1 4
1 1
1 3
1 3
1 3
1 4
1 4
1 1
1 4
1 3
1 3
1 4
1 1
1 4
1 2
1 1
1 4
1 2
1 3
1 2
1 2
1 1
1 2
1 4
1 3
1 4
1 1
1 1
1 1
1 2
1 1
1 4
1 2
1 3
1 2
1 1
1 2
1 1
1 3
1 1
1 2
1 2
1 2
1 2
1 4
1 1
1 4
1 3
1 4
1 1
1 4
1 4
1 4
1 4
1 3
1 3
1 1
1 1
1 1
1 4
1 1
1 1
1 1
1 3
1 3
1 4
1 1
1 4
1 4
1 4
1 2
1 2
1 1
1 3
1 3
1 2
1 1
1 1
1 1
1 1
1 2
1 4
1 1
1 2
1 3
1 2
1 2
1 1
1 3
1 4
1 1
1 3
1 3
1 3
1 2
1 3
1 4
1 4
1 3
1 1
1 3
1 3
1 2
1 4
1 1
1 4
1 2
1 1
1 1
1 4
1 4
1 3
1 1
1 1
1 2
1 2
1 1
1 1
1 3
1 3
1 3
1 2
1 3
1 4
1 4
1 1
1 3
1 2
1 4
1 4
1 2
1 1
1 4
1 3
1 4
1 1
1 1
1 4
1 1
1 4
1 3
1 4
1 4
1 4
1 3
1 4
1 2
1 4
1 1
1 3
1 2
1 2
1 1
1 4
1 3
1 1
1 4
1 2
1 4
1 3
1 2
1 1
1 2
1 4
1 1
1 3
1 1
1 2
1 4
1 2
1 3
1 2
1 1
1 2
1 2
1 3
1 2
1 4
1 4
1 4
1 3
1 1
1 1
1 4
1 1
1 4
1 2
1 1
1 3
1 2
1 1
1 3
1 4
1 3
1 2
1 1
1 1
1 2
1 1
1 2
1 1
1 3
1 2
1 1
1 4
1 3
1 2
1 1
1 2
1 2
1 4
1 4
1 1
1 3
1 1
1 4
1 3
1 1
1 3
1 1
1 1
1 3
1 1
1 3
1 1
1 2
1 4
1 4
1 3
1 1
1 4
1 3
1 1
1 3
1 2
1 1
1 3
1 3
1 2
1 3
1 1
1 2
1 3
1 1
1 4
1 4
1 2
1 3
1 2
1 2
1 4
1 1
1 2
1 4
1 3
1 3
1 3
1 3
1 4
1 2
1 3
1 4
1 1
1 4
1 1
1 2
1 1
1 3
1 3
1 2
1 3
1 4
1 4
1 2
1 1
1 4
1 2
1 3
1 1
1 1
1 2
1 2
1 1
1 2
1 3
1 1
1 2
1 1
1 3
1 1
1 2
1 2
1 1
1 2
1 3
1 3
1 4
1 3
1 1
1 1
1 4
1 3
1 3
1 1
1 1
1 1
1 2
1 2
1 2
1 2
1 1
1 3
1 2
1 1
1 1
1 2
1 4
1 2
1 3
1 3
1 4
1 2
1 2
1 4
1 2
1 2
1 1
1 1
1 2
1 4
1 1
1 2
1 1
1 4
1 2
1 2
1 2
1 4
1 3
1 2
1 1
1 4
1 4
1 3
1 4
1 3
1 2
1 1
1 3
1 2
1 3
1 4
1 3
1 3
1 4
1 2
1 1
1 4
1 2
1 2
1 1
1 1
1 1
1 3
1 1
1 2
0 3
1 1
1 3
1 3
1 3
1 1
1 1
1 3
1 3
1 1
1 2
1 4
1 4
1 2
1 1
1 1
1 2
1 1
1 2
1 3
1 2
1 2
1 3
1 1
1 2
1 3
1 4
1 3
1 2
0 49
1 2
1 2
1 4
1 2
1 1
1 2
1 3
1 2
1 2
1 1
1 2
1 3
1 1
1 3
1 3
1 1
1 3
1 1
1 1
1 2
1 2
1 3
1 2
1 4
1 3
1 4
1 1
1 1
1 1
1 1
1 4
1 3
1 1
1 1
1 1
1 1
1 2
1 4
1 4
1 1
1 1
1 1
1 3
1 1
1 2
1 3
1 1
1 2
1 2
1 3
1 2
1 1
1 2
1 1
1 1
1 4
1 3
1 4
1 3
1 2
1 2
1 2
1 3
1 1
1 4
1 4
1 4
1 3
1 3
1 1
1 3
1 4
1 2
1 3
1 4
1 1
1 4
1 2
1 1
1 4
1 3
1 2
1 4
1 1
1 2
1 4
1 1
1 3
1 3
1 4
1 4
1 3
1 2
1 3
1 4
1 2
1 4
1 3
1 1
1 1
1 2
1 4
1 4
1 3
1 1
1 3
1 2
1 4
1 3
1 4
1 2
1 4
1 4
1 1
1 1
1 2
1 1
1 3
1 1
1 2
1 3
1 4
1 3
1 3
1 2
1 3
1 3
1 3
1 4
1 2
1 2
1 1
1 2
1 1
1 3
1 3
1 1
1 4
1 1
1 4
1 4
1 3
1 1
1 2
1 1
1 2
1 4
1 3
1 3
1 4
1 2
1 4
1 4
1 3
1 3
1 4
1 3
1 3
1 4
1 4
1 2
1 4
1 2
1 1
1 1
1 4
1 2
1 2
1 4
1 1
1 2
1 3
1 3
1 1
1 1
1 4
1 1
1 1
1 1
1 1
1 3
1 1
1 2
1 4
1 1
1 1
1 1
1 4
1 4
1 3
1 2
1 3
1 4
1 4
0 41
0 94
0 22
0 52
0 135
0 27
0 20
0 85
0 12
1 4
0 53
0 25
0 86
0 59
0 66
0 73
0 29
0 38
0 34
0 31
0 52
0 51
0 58
0 71
0 35
0 78
0 64
0 31
0 45
0 52
0 55
0 146
0 54
0 82
0 32
0 62
0 80
0 77
0 27
0 48
0 76
0 60
0 48
0 36
0 44
0 30
0 35
1 4
0 103
0 94
0 74
0 9
0 59
0 67
0 84
0 59
0 30
1 4
0 68
0 31
0 6
0 21
0 53
0 42
0 39
0 29
0 28
0 76
0 92
0 68
0 102
1 4
0 40
1 4
0 91
1 4
0 54
1 4
1 4
0 101
0 56
0 95
0 15
0 46
0 48
0 58
0 38
0 109
1 4
0 61
0 3
0 45
0 56
0 24
0 62
0 37
0 63
0 175
0 44
0 52
0 45
0 89
0 132
0 13
0 134
0 121
0 44
0 165
0 107
0 138
0 119
0 125
1 4
0 15
0 66
0 53
0 106
0 70
0 36
0 147
0 131
0 57
0 26
0 47
0 30
0 132
0 6
0 83
0 74
0 20
0 126
0 21
0 84
0 89
0 55
0 66
0 147
0 138
0 140
0 68
0 97
0 113
0 66
0 59
0 63
0 215
0 108
0 89
0 50
0 25
0 40
0 16
0 54
0 14
0 130
0 137
0 10
0 33
0 30
0 28
0 94
0 12
0 68
0 42
0 27
0 97
0 30
0 70
0 14
0 111
0 55
0 48
0 8
0 38
0 32
0 41
0 47
0 136
0 58
0 169
0 71
0 136
0 46
0 105
0 56
0 40
0 91
0 31
0 6
0 41
0 95
0 17
0 48
0 75
1 4
0 64
0 46
0 51
0 41
0 4
0 85
0 124
0 132
1 4
0 81
1 4
0 118
0 83
0 80
0 54
0 66
1 4
0 48
0 87
0 103
0 8
0 60
0 125
0 114
0 72
1 4
0 129
0 52
0 96
0 109
0 71
0 74
0 66
1 4
0 94
0 56
0 93
0 82
0 91
0 167
0 40
0 18
0 97
0 68
0 68
0 61
0 77
0 126
0 2
0 89
0 34
0 71
0 105
0 140
0 61
0 32
0 118
0 83
1 4
0 90
0 58
1 4
0 23
0 33
0 89
0 53
0 75
0 37
0 72
0 152
0 108
0 82
1 4
0 51
0 35
0 72
0 21
0 1
0 69
1 4
0 139
0 25
0 62
0 96
0 106
0 57
0 28
0 32
0 126
0 112
0 66
0 31
0 96
0 68
0 82
1 4
0 84
0 83
0 67
0 122
0 117
0 38
0 62
0 65
0 61
0 47
0 38
1 4
0 33
0 96
0 15
0 84
0 85
0 39
0 27
0 50
0 42
0 139
0 48
0 49
0 12
0 91
0 65
0 73
0 53
0 53
0 129
0 40
0 38
0 104
0 35
0 100
0 57
0 81
0 94
0 112
0 142
0 68
0 34
0 96
1 4
0 5
0 47
0 66
1 4
0 55
0 11
0 51
0 64
0 45
0 51
0 53
0 67
0 59
0 69
0 61
0 58
0 4
0 50
0 54
0 63
0 112
0 61
0 49
0 57
0 86
0 75
0 47
1 4
0 58
0 122
0 13
0 10
0 22
0 57
0 46
0 36
0 90
0 98
1 4
0 25
0 98
0 113
0 10
0 72
0 56
0 52
0 89
0 7
1 4
0 49
1 4
1 4
0 44
1 4
1 4
0 28
1 4
0 22
0 16
1 4
1 4
1 4
1 4
1 4
1 4
1 4
0 50
1 4
1 4
1 4
1 4
1 4
1 4
1 4
0 38
0 50
1 4
0 48
1 4
0 14
1 4
1 4
1 4
1 4
1 4
0 45
0 11
1 4
1 4
1 4
0 15
0 36
1 4
1 4
1 4
1 4
0 48
0 47
1 4
1 4
1 4
1 4
1 4
1 4
1 4
0 44
0 37
0 10
0 45
1 4
1 4
1 4
1 4
1 4
1 4
0 38
1 4
0 23
0 36
0 50
1 4
0 25
1 4
1 4
1 4
0 41
0 36
1 4
1 4
1 4
0 23
0 46
1 4
0 42
1 4
1 4
1 4
1 4
1 4
1 4
1 4
0 41
1 4
1 4
1 4
0 120
0 60
0 106
0 62
0 38
0 22
0 57
0 73
0 46
0 132
0 127
0 73
0 164
0 20
0 58
0 68
0 46
0 61
0 50
0 25
0 77
0 22
0 45
0 134
0 61
0 57
0 52
0 97
0 18
0 72
0 66
0 102
0 64
0 57
0 103
0 58
0 68
0 64
0 43
0 63
0 49
0 73
0 36
0 87
0 96
0 1
0 27
0 80
0 63
0 103
0 33
0 105
0 122
0 110
0 89
0 35
0 142
0 65
0 83
0 94
0 39
0 63
0 82
0 66
0 58
0 75
0 22
0 69
0 30
0 69
0 93
0 36
0 56
0 77
1 4
0 74
1 4
0 17
0 23
0 79
0 42
0 99
0 14
0 71
1 4
0 53
0 92
0 4
0 1
0 38
0 61
0 31
1 4
0 49
0 152
0 136
0 100
1 4
0 21
0 186
1 4
0 126
0 147
1 4
0 157
0 140
0 158
1 4
0 175
0 232
0 51
0 54
0 29
0 163
0 37
0 91
0 209
0 102
0 139
0 168
0 166
0 69
0 167
0 132
0 177
0 125
0 100
0 144
0 160
0 174
0 143
0 214
0 74
0 33
0 123
0 200
0 148
0 123
0 162
0 139
0 137
0 171
0 70
0 155
0 155
0 130
0 108
0 130
0 124
0 129
0 63
0 163
1 4
0 101
0 158
0 73
0 123
1 4
0 221
1 4
0 178
0 174
0 151
0 192
0 233
0 140
0 70
0 166
0 153
0 141
0 122
1 4
0 155
0 90
0 163
0 121
1 4
0 150
0 156
0 126
0 170
0 165
0 80
0 152
0 99
0 103
0 80
0 61
0 32
0 83
0 95
0 50
0 37
0 37
0 75
1 4
0 10
0 55
0 107
1 4
0 101
0 66
0 134
1 4
0 41
0 12
0 25
0 155
0 63
0 140
0 21
0 52
0 78
0 40
0 112
0 74
0 1
0 120
0 126
0 58
0 63
0 97
0 129
1 4
0 82
0 86
0 5
0 61
0 48
1 4
0 97
0 88
0 53
0 78
0 45
0 24
0 137
0 48
1 4
0 17
0 11
0 67
1 4
0 119
1 4
0 76
0 32
0 77
0 55
0 89
0 35
0 94
0 47
0 78
0 16
0 50
0 66
0 58
0 85
0 42
0 6
0 109
0 24
0 70
1 4
0 80
0 77
0 103
0 71
0 21
0 85
0 29
0 159
1 4
0 1
0 75
0 66
0 38
1 4
0 101
0 69
0 95
0 86
0 123
1 4
0 86
0 97
1 4
1 4
0 87
0 70
0 93
0 88
0 2
0 139
0 96
0 155
0 113
1 4
0 86
0 175
0 110
1 4
0 112
0 57
0 77
0 117
0 135
1 4
1 4
0 95
1 4
0 132
0 29
0 91
0 84
0 48
0 89
0 129
1 4
1 4
0 78
0 106
0 111
0 98
1 4
0 188
0 75
0 58
1 4
0 59
0 125
0 72
0 122
1 4
0 101
0 20
0 115
0 181
0 96
0 92
0 126
1 4
0 90
1 4
1 4
0 126
0 162
0 106
1 4
1 4
0 89
0 119
1 4
0 105
0 96
0 99
1 4
0 101
0 26
0 96
0 98
0 116
1 4
0 110
1 4
0 122
0 132
0 75
1 4
0 66
1 4
1 4
0 62
0 106
0 42
0 36
0 115
0 47
1 4
0 37
0 69
0 90
0 32
0 88
0 44
0 55
0 49
0 67
0 54
0 48
0 39
0 42
0 69
0 35
0 65
0 66
0 148
0 75
0 6
1 4
0 71
0 72
0 86
0 20
1 4
0 42
0 24
0 150
0 59
0 21
1 4
0 2
0 60
0 53
0 126
0 109
0 13
0 113
0 65
0 59
0 72
0 43
0 26
1 4
1 4
0 80
0 65
0 26
1 4
0 39
0 52
0 38
0 64
1 4
0 160
0 213
0 24
0 19
0 39
0 49
0 27
0 83
1 4
0 61
0 63
1 4
0 79
0 44
0 89
0 23
0 79
0 89
1 4
0 28
0 48
0 55
0 92
0 63
0 62
0 59
0 90
0 33
0 44
0 53
0 136
0 83
0 171
0 68
0 158
0 52
0 98
0 117
1 4
0 69
0 105
0 91
1 3
0 63
0 65
0 81
0 9
0 74
1 3
0 62
0 133
0 102
0 74
0 150
0 8
1 4
0 160
0 71
0 38
0 89
0 46
0 91
1 3
0 113
0 168
0 10
0 161
0 52
0 177
0 115
1 4
1 3
0 11
0 108
1 3
0 66
0 116
0 56
0 79
0 60
0 161
1 4
1 4
1 4
0 66
0 33
1 2
1 4
0 30
0 68
1 4
0 65
0 51
1 4
1 3
1 4
0 59
1 4
0 66
1 3
0 105
0 95
0 59
0 151
0 58
0 92
1 4
0 100
0 78
0 77
1 4
1 4
0 169
0 72
0 60
0 40
1 3
0 76
0 33
1 3
0 58
0 147
0 99
0 60
0 81
0 112
0 50
0 175
1 4
0 80
1 4
1 4
1 3
1 4
1 4
1 4
1 4
1 3
1 4
1 4
1 4
1 3
0 13
1 4
1 4
1 4
1 3
1 4
1 4
1 4
0 6
1 4
1 3
1 4
0 12
1 4
1 4
1 3
1 4
0 19
0 34
1 4
1 4
0 33
1 4
1 4
1 4
1 3
1 3
1 3
0 11
1 4
1 4
1 4
1 4
1 4
0 57
1 4
1 4
1 4
1 3
1 4
1 3
1 4
0 31
1 4
1 4
1 4
1 4
1 4
1 4
1 3
1 4
0 28
1 4
1 4
1 4
1 3
1 3
1 3
1 4
1 4
1 4
1 3
1 4
1 4
1 4
1 3
0 45
1 3
0 36
1 4
1 3
1 4
0 3
1 4
1 3
1 4
1 4
0 10
1 3
0 59
1 4
0 83
0 136
1 3
0 165
0 28
1 4
0 108
0 55
0 133
1 4
1 4
1 4
1 3
1 4
1 4
0 126
1 4
1 4
1 4
1 3
1 3
1 4
0 159
0 143
0 159
0 40
1 4
1 2
0 95
1 4
0 99
0 52
1 4
1 4
1 4
1 3
1 4
1 4
0 87
1 4
1 4
1 3
1 2
1 4
0 81
1 4
0 90
0 109
1 3
0 148
1 4
1 4
1 4
0 151
1 4
1 4
0 104
0 190
1 4
1 4
0 151
1 3
1 4
1 4
0 31
1 4
1 4
0 32
1 4
0 93
1 4
0 85
1 3
1 4
0 67
0 81
0 110
0 131
0 115
1 4
0 88
0 185
1 4
0 149
1 4
1 4
1 4
1 3
1 4
1 4
1 3
1 4
1 4
0 150
0 2
1 3
1 3
0 119
0 214
0 165
0 171
0 153
0 245
1 4
1 4
0 274
0 135
1 4
0 127
0 181
0 189
0 262
1 4
0 221
0 216
1 4
0 88
0 263
1 4
1 4
0 168
0 224
0 266
1 3
1 4
0 177
0 157
0 137
0 171
0 264
0 253
1 4
0 166
1 3
1 3
1 4
1 4
0 238
0 177
0 163
1 4
0 260
0 171
0 133
1 4
1 4
0 33
0 280
0 106
1 3
0 163
0 156
1 4
1 3
0 140
1 4
0 175
1 4
0 140
0 188
0 134
0 174
0 192
1 4
0 89
0 154
0 141
1 4
1 4
1 2
1 3
1 4
1 4
0 78
0 145
1 4
0 153
0 247
0 158
0 169
0 117
0 264
0 184
0 144
0 204
0 204
1 4
0 187
0 174
0 146
1 4
1 4
1 4
1 4
1 4
1 4
1 4
1 4
1 3
1 4
1 3
1 4
1 4
1 4
1 4
1 4
1 3
1 4
1 4
1 4
1 4
1 3
1 4
1 4
1 4
1 4
1 4
1 4
1 4
1 4
1 3
1 4
1 4
1 4
1 4
1 4
1 4
1 4
1 4
1 4
1 4
1 4
1 3
1 4
1 4
1 4
1 3
1 3
1 4
1 3
1 4
1 4
1 4
1 4
1 4
1 3
1 4
1 4
1 3
1 3
1 3
1 3
1 4
1 3
1 3
1 4
1 4
1 4
1 4
1 3
1 4
1 4
1 3
1 4
1 4
1 4
1 4
1 3
1 4
1 3
1 4
1 4
1 3
1 4
1 4
1 3
1 4
1 4
1 3
1 4
1 3
1 3
1 4
0 148
0 162
1 4
0 116
0 39
0 274
0 99
0 112
0 100
0 288
0 139
0 117
0 137
0 150
0 193
0 129
0 165
0 157
0 120
0 146
0 266
0 189
1 4
0 125
0 41
0 102
0 114
0 182
0 166
0 84
0 199
0 116
0 53
0 11
1 4
0 87
0 65
0 97
0 98
0 92
0 164
0 153
1 4
0 287
0 23
0 136
0 149
0 263
0 107
0 104
0 136
0 233
0 4
1 4
0 100
0 128
0 116
0 157
0 101
1 4
0 117
0 7
0 106
0 184
0 129
0 120
0 59
0 123
0 117
0 104
1 4
0 174
1 4
0 126
0 94
1 4
0 147
1 4
0 109
1 4
0 252
0 123
1 4
0 125
0 57
1 4
1 4
0 169
0 170
0 260
0 160
0 38
0 72
0 136
0 96
0 64
0 135
0 124
0 97
0 186
0 377
0 317
0 130
0 174
0 310
0 302
0 1
0 88
0 325
0 320
1 4
0 271
1 4
0 175
0 332
0 278
0 1
0 304
0 303
0 16
0 300
0 347
0 315
0 285
0 355
0 317
0 297
0 257
0 13
0 306
0 214
0 230
0 268
1 4
1 4
0 296
0 273
0 266
0 249
1 4
0 292
0 15
0 395
0 305
0 367
0 393
0 348
0 275
0 38
0 55
1 4
0 264
1 4
1 4
0 370
0 294
0 325
0 268
0 269
0 254
1 3
0 110
1 3
0 247
0 329
0 59
0 321
1 4
0 351
0 298
1 4
0 384
0 132
0 264
0 226
0 188
0 345
0 29
1 4
0 320
0 179
0 32
0 378
0 235
0 191
0 240
0 248
1 4
0 36
1 4
0 79
0 354
0 119
0 300
0 364
0 298
1 3
0 59
1 2
0 109
0 17
0 86
1 4
0 36
0 88
1 3
0 15
0 17
0 145
1 3
0 177
0 75
0 192
0 197
1 4
0 91
1 4
0 18
0 72
1 3
0 138
0 58
1 4
1 4
0 209
0 7
1 4
0 98
0 80
1 3
0 19
0 70
1 4
0 133
0 147
0 57
0 64
0 132
0 21
0 45
0 212
0 87
0 20
0 21
0 101
0 123
1 4
1 3
0 51
0 155
0 135
1 4
0 161
1 3
0 129
1 3
0 144
0 154
0 154
0 201
0 43
1 4
1 2
0 30
0 79
0 30
0 84
0 159
0 173
0 104
0 247
0 108
0 125
0 175
0 18
0 87
1 4
0 95
0 20
1 3
0 80
1 4
0 53
0 43
0 233
0 48
1 4
1 4
0 123
0 77
0 24
1 4
1 4
1 4
1 3
1 4
1 4
1 4
1 4
1 4
1 4
1 4
0 27
1 4
1 4
1 4
1 4
1 3
1 4
1 4
1 3
1 4
1 4
1 4
1 4
1 4
1 4
1 4
1 4
1 4
1 2
1 3
1 4
1 4
1 4
1 4
1 4
1 3
1 4
1 4
1 3
1 4
1 4
1 4
1 4
0 12
1 4
1 3
1 4
1 3
1 3
1 4
1 4
1 2
1 3
1 4
1 4
1 4
1 4
0 10
1 4
1 4
1 4
1 4
1 3
1 4
1 3
1 3
1 3
1 3
1 4
1 4
1 3
1 3
1 3
1 4
1 2
1 3
1 4
1 3
1 3
1 4
1 4
1 4
1 4
1 4
1 4
1 4
1 3
1 3
1 4
1 4
1 4
1 4
0 35
1 4
1 4
1 4
1 4
1 4
1 4
1 4
1 4
1 4
0 7
1 4
1 3
1 4
1 4
1 3
1 4
1 4
1 4
1 4
1 4
1 4
1 4
1 4
1 3
1 4
1 4
1 4
1 4
1 4
0 17
1 4
1 4
1 4
1 3
1 4
1 4
1 4
1 3
1 4
1 4
1 4
1 4
1 4
1 3
1 4
1 4
1 4
1 4
1 4
1 4
1 4
1 4
1 4
1 4
1 2
1 4
1 3
1 3
1 4
1 4
1 4
1 4
1 4
1 4
1 4
1 4
1 4
1 4
1 3
1 4
0 17
1 3
1 4
1 2
0 32
1 3
1 3
1 4
1 3
1 3
1 3
1 4
1 4
1 4
1 3
1 4
1 4
1 4
1 2
1 4
0 22
1 3
1 3
1 4
1 3
0 17
1 4
1 4
1 3
1 4
1 4
1 3
1 4
1 3
1 4
0 2
1 3
1 4
1 3
1 4
1 4
1 3
1 3
1 4
1 4
1 3
1 4
1 4
1 3
1 3
1 3
1 4
1 4
1 3
0 11
1 4
0 37
1 4
1 4
1 4
1 4
1 4
1 3
1 4
1 4
1 4
1 4
1 4
1 4
1 4
1 3
1 3
1 4
1 4
1 4
1 4
1 4
1 4
1 4
1 4
1 3
1 4
1 4
1 4
1 4
1 4
1 4
1 4
1 4
1 4
1 4
1 4
1 4
1 4
1 3
1 4
1 4
1 3
1 4
1 3
1 4
1 3
1 4
1 4
1 3
1 4
1 3
1 4
1 4
1 4
1 4
1 4
1 3
1 4
1 4
0 29
0 22
0 59
0 33
0 59
0 65
0 58
0 51
0 10
0 98
1 4
0 43
0 68
1 4
0 32
0 79
0 123
0 54
0 93
1 3
1 3
1 4
0 62
0 54
0 51
0 90
0 49
0 69
0 60
1 4
0 48
0 56
0 76
0 72
0 65
0 48
0 62
0 97
0 50
0 105
0 78
0 41
0 81
0 25
0 58
0 33
0 23
0 27
0 63
0 94
1 4
1 4
1 3
0 63
0 77
0 45
0 49
0 30
1 4
0 27
0 60
0 34
0 41
0 48
0 67
0 61
0 48
0 50
1 4
1 4
0 65
0 50
1 3
0 56
0 46
0 70
0 25
0 66
0 97
0 39
0 67
0 84
0 30
0 71
0 40
0 7
0 41
0 1
0 56
0 73
1 4
1 4
0 11
0 53
0 48
0 54
1 4
0 58
0 152
1 4
0 221
0 162
0 155
1 4
0 160
1 3
1 3
0 155
1 4
0 53
0 23
0 134
0 83
0 102
0 209
0 154
0 1
0 140
0 89
0 112
1 4
0 151
0 118
0 167
0 171
0 123
0 131
0 130
0 136
1 4
0 47
0 87
0 139
0 144
0 119
0 21
0 53
0 79
0 64
1 4
0 157
0 41
0 120
0 75
0 209
0 20
0 123
0 108
0 88
0 27
0 119
1 4
0 159
1 3
0 32
1 3
0 219
0 131
0 151
0 30
0 137
0 5
0 33
0 121
0 127
0 138
0 201
0 164
0 107
0 108
1 4
0 126
0 135
0 12
0 78
0 130
0 98
0 103
0 38
1 4
0 100
0 123
0 82
1 4
0 124
0 143
0 124
0 171
1 3
0 90
0 1
1 4
1 4
0 53
0 62
0 121
0 97
0 63
1 4
0 73
1 4
0 66
0 74
0 53
1 2
0 76
1 4
0 111
0 86
0 73
1 4
0 60
0 76
0 70
0 82
0 75
0 121
0 44
0 53
0 77
0 55
0 142
1 4
0 73
1 4
1 4
0 43
0 90
1 4
0 66
1 3
0 69
0 132
0 44
0 88
0 98
0 48
0 67
0 84
0 29
1 4
1 4
0 74
0 68
0 35
1 3
0 27
0 102
1 3
0 58
0 87
0 55
0 24
0 71
0 13
0 46
0 65
1 2
0 83
0 68
0 109
0 49
1 4
0 70
1 4
0 136
0 88
1 4
1 4
0 145
0 67
0 72
1 4
0 67
0 48
0 18
0 54
0 86
0 16
0 49
1 4
0 61
0 62
0 76
0 26
0 40
1 4
0 110
0 77
0 67
0 31
0 31
0 4
0 57
0 30
0 75
0 28
1 3
0 47
1 4
0 105
0 2
0 71
0 76
0 3
0 49
0 19
0 85
0 44
0 23
0 20
0 48
0 80
0 5
0 35
1 3
0 34
0 50
0 28
0 13
0 33
0 36
0 37
0 28
1 4
0 20
0 42
0 50
0 23
1 4
0 96
0 6
1 4
0 43
0 57
1 4
0 1
0 53
0 48
0 93
0 10
0 22
0 30
0 86
0 74
0 20
0 38
0 110
0 35
0 29
0 25
0 32
0 48
0 24
1 4
1 4
0 67
1 4
0 11
0 46
0 77
0 51
0 41
0 39
1 4
0 47
0 78
1 3
0 49
0 3
0 46
0 36
0 44
1 3
0 31
0 26
0 35
0 65
0 49
1 4
1 4
0 52
0 59
0 87
0 48
0 47
0 68
0 15
0 56
0 54
0 43
1 2
0 91
0 19
1 4
1 2
1 3
0 49
0 37
1 4
0 86
0 47
0 34
0 42
1 4
0 40
0 19
1 4
0 57
0 29
0 59
0 51
1 3
0 68
0 49
0 50
1 4
0 42
1 4
1 4
0 42
1 4
0 46
0 27
0 31
0 29
0 22
0 35
0 77
0 62
0 89
0 73
0 114
0 38
0 25
0 44
0 11
0 46
0 23
1 4
1 4
1 4
1 4
1 4
1 4
1 4
0 13
1 4
0 122
0 20
0 86
0 29
1 3
0 68
0 28
0 34
0 38
0 63
0 110
0 78
1 3
0 68
0 87
0 28
0 66
0 93
0 54
0 103
0 57
0 38
0 40
1 4
0 36
0 2
0 42
0 4
0 22
1 4
0 52
1 4
1 4
0 70
1 3
1 4
0 34
0 225
0 73
1 4
0 179
0 196
0 283
1 4
0 98
0 104
0 66
0 90
1 3
0 87
0 101
0 39
1 4
0 182
0 84
0 85
0 71
0 218
0 161
0 234
0 67
0 222
1 4
0 86
0 197
0 78
0 162
0 106
0 189
0 128
0 24
0 59
0 200
0 192
0 170
1 4
0 108
0 97
0 112
0 186
0 56
0 222
0 177
0 36
0 124
0 89
0 116
1 4
0 103
0 132
0 99
0 200
0 27
0 145
1 4
0 62
0 243
1 4
0 182
1 4
0 32
0 120
0 182
0 71
0 110
1 4
1 3
0 246
0 120
0 93
0 19
0 38
0 13
0 97
0 23
0 9
1 4
0 242
0 18
0 43
0 147
0 57
1 4
1 4
0 179
0 114
0 90
0 55
0 60
0 45
0 100
0 73
0 52
0 50
0 63
0 143
0 39
0 47
0 15
0 111
1 3
0 49
0 54
0 98
0 62
0 61
0 60
0 57
0 50
0 77
0 73
0 155
0 42
0 71
0 38
0 53
0 57
0 58
1 2
0 42
0 24
0 53
0 4
1 4
0 36
0 48
0 50
0 65
0 43
0 50
1 4
0 78
0 101
0 52
0 78
0 8
0 69
1 4
1 4
0 70
0 71
0 80
0 17
0 51
0 56
0 80
1 4
0 62
0 37
0 32
0 56
0 94
0 93
0 75
0 37
0 76
0 17
0 71
1 4
0 57
0 69
0 69
0 68
1 4
0 52
0 54
0 62
0 62
0 54
1 2
0 71
0 80
0 67
0 6
0 68
0 79
0 48
0 53
0 53
0 70
0 64
0 49
0 29
0 119
1 4
1 3
1 4
1 4
1 4
1 4
1 4
1 4
1 4
1 4
1 4
1 4
1 3
1 4
0 17
1 4
1 4
1 4
1 4
1 4
1 4
0 37
1 3
1 4
0 9
1 4
1 3
1 4
1 3
1 3
1 4
1 3
1 4
1 4
1 4
1 3
1 2
1 4
1 4
1 2
1 4
1 3
1 4
1 4
1 4
1 4
1 4
1 3
1 2
1 4
1 4
1 4
1 4
1 3
1 4
1 4
1 4
1 3
1 4
1 4
1 4
1 3
1 4
1 4
1 4
1 4
1 4
1 4
1 3
1 4
0 3
1 4
1 3
1 4
1 4
1 4
1 4
1 3
1 3
0 6
1 3
0 36
1 3
0 27
0 33
1 4
1 3
1 4
1 4
1 4
1 4
1 4
1 4
1 4
0 28
0 70
0 71
0 96
0 79
0 50
0 32
0 77
0 82
0 30
0 106
0 77
0 84
0 28
0 26
0 130
0 74
0 49
1 3
1 4
0 134
1 4
0 142
0 62
0 48
1 4
0 88
0 22
0 79
0 9
0 93
0 65
0 35
0 44
0 40
0 76
0 59
1 4
0 48
1 4
0 26
0 64
0 51
1 4
0 81
0 73
1 4
1 3
0 68
0 82
0 41
0 101
0 61
1 3
0 84
1 4
0 110
1 4
0 58
0 33
0 62
0 61
0 17
0 25
0 78
0 66
0 72
0 17
1 4
0 46
0 17
0 49
0 26
1 4
0 13
1 4
1 4
0 36
0 79
0 16
0 30
0 80
0 39
0 53
0 33
0 41
0 121
1 4
0 56
0 39
0 78
0 52
0 41
1 3
0 26
1 4
0 22
0 19
0 17
0 11
1 4
0 20
0 80
0 30
0 31
0 21
0 11
0 29
0 18
0 16
0 24
0 16
0 24
0 8
0 22
0 17
0 20
0 13
0 19
0 35
0 25
0 28
0 21
0 30
0 27
0 31
0 28
0 89
0 37
0 18
0 20
1 4
0 26
0 25
0 12
0 8
1 4
0 26
0 25
0 31
0 61
0 5
0 25
0 42
0 18
0 23
0 39
0 22
0 20
0 18
0 101
0 25
0 16
0 22
0 9
0 21
0 11
0 32
0 26
0 17
0 10
0 15
0 7
0 27
1 3
0 26
0 30
0 29
0 86
0 22
0 28
0 33
0 14
0 27
0 14
0 15
0 17
0 1
0 10
0 54
0 14
0 19
1 3
1 4
1 4
1 4
0 23
0 23
0 9
0 14
0 7
0 37
0 34
0 17
0 12
1 4
0 25
0 32
0 38
0 27
1 4
0 8
0 50
0 53
0 3
0 36
0 35
0 28
0 22
0 33
0 34
0 11
0 38
0 7
0 38
0 15
0 33
0 45
1 4
1 3
0 28
0 56
1 3
0 37
0 43
0 63
0 46
0 27
0 58
0 111
0 25
0 25
0 165
0 120
0 53
1 4
0 27
0 4
0 85
1 4
0 44
0 97
0 35
0 35
0 10
0 30
0 37
0 36
0 38
0 113
0 8
0 34
0 94
0 21
0 19
0 7
0 34
0 31
0 92
0 95
0 23
0 111
0 34
0 36
0 9
0 35
0 38
0 43
0 94
0 45
1 4
0 52
0 7
0 16
0 6
0 33
1 3
0 17
0 21
0 18
0 12
0 36
0 37
0 40
0 20
0 58
0 42
0 24
0 174
0 177
0 175
0 154
1 3
0 176
0 183
0 182
0 160
0 227
0 170
0 180
0 140
0 186
0 156
0 193
0 182
0 164
0 137
0 175
0 164
0 163
0 157
0 129
0 179
0 162
0 169
0 194
0 175
0 185
0 177
0 180
0 183
0 142
0 162
0 179
0 159
0 146
0 179
1 3
0 182
0 170
0 169
0 180
0 169
0 63
1 3
0 147
0 182
0 246
0 164
0 173
0 180
0 154
0 193
0 169
0 184
0 174
0 180
0 159
0 168
0 175
0 163
1 4
0 155
0 179
0 262
0 169
0 178
0 151
0 171
0 183
0 174
0 181
0 144
0 168
0 170
0 177
1 4
0 176
0 167
0 159
1 3
0 233
0 165
0 177
0 166
0 153
0 146
0 197
0 167
0 161
0 167
0 172
0 27
0 25
0 41
0 48
0 31
0 15
0 37
0 35
0 34
1 3
0 3
0 33
0 42
0 11
0 51
0 31
0 54
0 33
0 62
0 44
0 57
0 20
0 40
0 36
0 37
0 117
0 25
0 53
1 4
0 43
1 4
0 36
0 64
0 39
0 38
0 43
0 28
1 4
0 36
0 29
0 60
0 31
0 122
0 29
0 33
0 30
0 49
1 4
0 31
0 41
0 32
0 36
1 3
0 34
0 49
0 36
0 38
0 47
0 48
0 57
0 48
1 4
0 56
0 33
0 36
0 35
0 65
0 32
0 27
1 4
0 38
0 16
0 45
0 44
0 50
0 38
0 50
0 94
0 39
0 41
0 45
0 101
0 52
0 62
0 23
0 27
0 54
0 44
0 23
0 42
0 35
0 50
0 36
0 48
0 61
0 59
0 43
0 33
0 46
0 18
0 116
0 30
0 48
0 14
0 31
1 4
0 30
0 101
0 24
0 44
1 3
0 6
0 31
0 39
0 32
0 23
0 24
0 37
0 17
0 22
1 3
0 33
0 39
0 38
0 36
0 2
0 9
0 44
0 145
1 4
0 32
0 75
0 42
0 2
0 31
0 25
0 100
0 31
0 32
0 25
0 17
0 29
0 24
0 104
0 18
0 51
0 32
0 45
0 31
0 16
0 37
1 4
1 4
0 25
0 27
0 35
0 14
0 20
0 44
0 32
0 10
0 50
0 13
0 29
0 34
0 36
0 40
0 9
0 17
0 37
0 15
0 34
0 35
0 25
0 43
0 40
0 49
0 33
0 24
0 27
0 32
0 22
1 4
1 3
0 21
0 6
0 31
1 4
0 34
0 25
0 11
0 8
0 89
0 26
0 52
0 33
1 4
0 40
0 34
0 28
1 3
1 4
0 21
0 38
0 45
0 27
0 53
0 22
0 27
0 109
0 24
0 25
0 33
0 37
0 5
0 28
0 30
0 15
0 38
0 34
1 4
0 6
0 51
0 25
0 29
0 16
0 37
0 41
0 1
0 11
0 34
0 41
0 115
0 13
1 4
1 3
0 17
0 53
0 36
1 4
0 58
0 39
0 33
0 19
0 43
0 46
0 45
0 27
0 54
0 44
0 36
0 46
0 30
0 8
0 17
0 33
1 4
0 134
0 48
0 14
0 38
0 41
0 16
0 48
0 71
0 27
0 65
0 110
0 5
0 57
0 52
0 45
0 36
0 32
0 21
0 44
0 55
1 4
1 4
0 48
0 1
0 27
0 45
1 4
0 31
0 115
0 14
0 49
0 38
0 42
0 18
0 57
0 56
0 40
0 24
0 15
0 36
1 4
0 46
1 4
0 45
0 59
0 56
0 48
0 51
1 4
0 61
0 59
1 4
0 21
1 4
1 2
1 4
0 30
0 57
1 4
0 48
0 43
0 19
1 4
0 44
1 4
1 4
1 4
1 4
0 55
0 62
0 20
0 57
0 32
0 44
0 16
0 56
1 4
0 21
0 49
0 61
0 54
0 38
0 49
0 49
0 18
0 39
0 29
0 56
0 4
1 4
0 50
0 48
0 43
1 4
0 32
0 35
0 45
1 4
0 49
0 52
0 36
0 39
0 26
0 25
1 4
0 31
1 4
1 3
0 58
0 59
0 64
1 4
0 33
0 29
0 39
0 41
0 28
1 3
0 30
0 17
0 23
0 49
0 36
0 20
0 50
0 37
0 54
1 4
0 40
0 30
1 4
0 40
1 3
1 3
1 3
1 3
1 4
1 4
1 4
1 4
1 4
1 4
1 3
1 4
1 4
1 4
1 4
1 4
1 4
1 4
1 4
1 4
1 4
1 3
1 3
1 4
1 3
1 4
1 4
1 2
1 4
1 4
1 3
1 4
1 4
1 4
1 4
1 4
1 4
1 3
1 4
1 4
1 3
1 3
1 2
1 4
1 4
1 4
1 4
1 4
1 4
1 4
1 4
1 4
1 4
1 4
1 4
1 4
1 4
1 4
1 4
1 4
1 4
1 4
1 4
1 4
1 4
1 4
1 4
1 3
1 4
1 4
1 3
1 3
1 4
1 3
1 4
1 3
1 3
1 3
1 4
1 4
1 4
1 4
1 4
1 3
1 3
1 4
1 4
1 4
1 4
1 3
1 4
1 4
1 4
1 4
1 4
1 4
1 4
0 15
0 33
1 4
0 20
0 23
0 16
0 10
0 13
0 11
1 4
0 24
0 37
0 33
0 29
0 4
0 41
1 4
0 2
0 28
0 20
0 31
0 9
0 7
0 23
0 26
1 4
0 38
1 4
1 4
0 14
1 3
0 30
0 13
0 34
0 25
0 17
0 47
0 22
0 29
0 20
0 38
0 27
0 20
0 24
0 31
1 4
0 6
1 4
0 23
0 36
0 23
0 18
0 19
1 3
0 21
0 14
0 23
0 31
0 15
0 13
0 8
0 23
0 9
0 23
1 4
0 19
0 33
1 4
0 22
0 20
0 14
0 34
1 4
0 16
0 27
0 18
0 3
1 4
0 24
0 18
0 17
0 117
1 4
0 13
0 2
0 25
0 53
0 24
0 28
0 28
0 37
0 25
0 22
0 30
0 26
0 3
0 27
0 36
0 24
1 4
0 33
1 3
0 19
1 3
0 43
0 4
0 11
0 56
0 42
0 27
0 34
0 10
0 52
0 50
0 31
0 49
0 41
0 34
0 56
0 37
0 50
0 28
1 3
0 30
0 31
0 42
0 35
0 22
0 47
0 29
0 48
0 45
0 35
0 37
0 37
0 44
1 4
1 3
0 69
1 3
1 4
0 33
0 11
0 35
0 25
0 33
0 46
0 72
0 34
0 33
0 42
0 42
0 28
0 54
0 30
1 4
0 20
0 18
0 47
0 42
0 122
0 14
0 33
0 37
0 39
0 5
0 29
0 43
0 34
1 4
0 42
0 35
0 52
0 41
0 21
0 45
0 14
0 49
0 33
0 46
0 39
0 43
1 4
0 36
0 73
0 71
0 36
0 42
0 54
0 32
0 56
0 37
0 48
0 41
1 4
0 4
0 4
0 8
0 1
0 12
0 89
0 5
0 72
1 3
0 15
0 6
0 12
0 8
0 14
0 10
0 12
0 4
0 6
0 15
0 14
0 3
0 13
1 4
0 13
0 14
0 7
0 12
1 4
0 10
0 10
1 3
0 116
0 10
0 10
0 19
0 11
0 14
0 10
0 11
0 20
0 8
0 14
0 15
0 3
0 9
0 8
0 7
0 13
0 2
0 13
0 10
0 9
1 4
0 16
0 102
0 15
1 4
1 4
0 7
0 15
0 8
0 8
0 14
0 12
0 13
0 7
0 5
0 5
1 4
0 12
0 65
0 12
0 12
0 12
0 11
0 12
0 9
0 11
0 16
0 6
0 2
0 19
0 14
1 2
1 4
0 5
0 5
1 3
0 7
0 7
0 6
0 12
0 17
0 9
0 18
0 15
1 4
0 13
0 8
0 6
0 15
0 47
0 14
0 13
1 3
0 9
1 4
1 4
0 7
0 14
0 10
0 13
0 13
0 9
0 13
0 16
0 11
0 14
0 7
0 10
0 12
0 12
0 5
0 12
0 3
0 9
0 8
0 18
1 4
0 12
0 11
0 14
0 14
1 3
0 12
0 26
0 11
0 10
0 14
0 9
0 14
0 19
1 4
0 11
0 19
0 6
0 1
0 10
0 8
0 11
0 20
0 9
0 15
0 19
0 19
0 7
0 3
0 19
0 12
0 12
0 13
0 97
0 14
0 12
0 11
0 15
0 12
0 14
0 8
0 13
0 9
0 17
0 11
0 7
0 11
0 9
0 15
0 11
0 59
0 13
0 14
0 69
0 2
1 4
0 11
0 11
0 10
0 11
0 10
0 15
1 4
0 18
0 21
0 11
0 19
0 15
0 24
0 25
0 15
0 23
0 19
1 4
0 20
0 7
0 13
0 22
0 19
0 41
0 18
1 4
0 13
0 17
0 16
0 16
0 14
0 22
0 22
0 82
0 17
0 9
0 5
0 15
0 1
0 21
0 12
0 20
1 4
0 21
0 20
0 23
0 21
0 24
0 12
0 17
0 22
0 18
0 17
0 17
0 18
0 19
0 19
0 17
0 10
0 8
0 23
0 16
1 4
0 24
0 22
1 3
0 93
0 23
0 6
0 19
0 23
1 4
0 18
1 4
0 3
0 20
0 100
0 17
0 19
0 21
0 22
0 13
0 23
0 18
0 22
0 14
0 17
0 18
0 16
1 4
0 12
0 17
0 21
0 15
1 4
1 4
0 16
0 15
0 19
0 14
0 16
1 4
0 25
0 2
0 3
0 20
0 16
1 4
0 18
1 4
0 16
0 16
0 17
0 85
0 16
1 4
0 106
0 12
0 20
0 11
1 4
0 15
1 3
0 19
0 4
1 3
0 18
0 18
0 24
0 16
0 32
0 21
0 15
0 15
0 16
0 51
0 7
0 17
0 17
0 7
0 8
0 1
0 8
0 19
0 11
1 4
0 10
1 3
1 4
0 12
0 22
0 13
0 12
0 9
0 24
0 11
1 3
0 15
1 3
1 3
0 15
0 21
1 2
0 6
0 10
0 12
1 3
0 13
0 17
0 1
0 12
0 3
1 4
1 3
0 5
0 13
0 13
0 14
0 18
1 4
0 6
0 8
0 17
0 15
0 2
0 10
0 18
0 19
0 23
1 4
1 4
0 25
0 13
0 15
0 11
0 21
0 15
0 13
1 3
0 7
0 10
0 9
1 4
0 11
0 8
0 9
0 17
0 24
0 11
0 9
0 15
0 40
1 3
0 22
0 11
1 4
0 17
1 3
0 12
0 18
0 12
0 9
1 4
0 13
0 11
0 13
0 12
0 16
0 10
0 11
0 5
0 16
1 4
0 10
0 11
0 11
0 15
0 16
0 8
0 2
0 13
0 14
0 1
1 4
0 6
0 16
1 2
0 14
0 8
0 8
0 4
0 16
0 11
0 4
0 11
0 7
1 4
0 15
0 15
0 8
0 17
0 14
0 12
0 15
0 11
0 14
0 95
1 4
0 12
0 10
0 12
0 52
0 7
0 14
1 4
0 12
0 85
0 9
1 4
0 56
0 6
0 15
0 18
1 4
0 11
0 11
0 14
0 7
0 19
0 10
0 6
0 11
1 4
0 11
0 10
0 12
0 4
1 4
1 4
0 18
0 12
1 4
0 6
0 13
0 22
0 3
1 4
0 13
0 13
0 18
1 4
1 4
0 7
0 12
0 15
0 13
1 4
0 17
0 7
0 2
0 13
0 8
0 4
0 9
0 3
0 7
0 15
0 8
0 10
0 14
0 4
0 1
0 12
0 14
1 4
0 14
0 11
0 9
1 3
0 10
0 15
0 12
0 2
1 4
0 9
0 12
0 7
0 21
0 13
0 16
1 4
1 4
0 9
0 14
1 3
0 5
0 5
0 12
0 8
1 4
0 12
0 19
0 7
0 12
0 15
1 3
0 15
0 16
1 3
0 13
0 10
0 6
0 11
0 7
0 14
0 3
0 17
0 20
0 5
0 16
0 10
0 8
0 4
0 11
0 8
0 14
0 9
0 18
1 4
0 25
0 23
1 3
0 21
0 22
1 4
0 5
0 20
0 7
0 15
0 13
0 2
0 18
0 21
0 22
0 25
0 27
0 15
0 66
0 22
1 4
0 18
0 24
0 23
0 23
0 22
0 9
0 20
0 26
0 20
0 13
1 4
1 4
0 21
1 4
0 118
0 21
0 8
0 23
1 4
0 3
0 20
0 15
1 4
0 4
0 21
0 10
0 19
0 18
0 11
0 22
0 19
0 20
0 21
0 27
0 24
0 10
0 27
0 24
0 24
0 14
0 16
0 21
0 23
0 23
0 17
0 18
0 23
0 24
0 26
0 13
0 23
0 24
0 21
0 4
1 4
0 3
0 24
0 21
0 22
1 4
0 1
0 12
0 22
0 91
0 20
1 4
0 22
0 3
0 23
0 17
0 21
1 2
0 24
0 25
1 4
0 19
0 24
0 7
0 5
0 8
1 4
0 19
0 15
0 17
0 7
0 9
0 18
0 13
0 6
0 10
0 9
0 18
0 13
0 16
0 10
0 8
1 4
0 9
0 8
0 3
0 20
1 4
0 9
0 16
0 60
0 10
0 5
0 4
0 8
0 12
0 13
0 14
0 18
0 10
0 13
0 15
0 11
0 16
1 4
0 10
0 4
0 10
0 19
0 7
0 2
0 17
0 10
0 9
0 19
0 14
0 12
0 2
0 14
0 5
0 1
0 14
0 8
0 14
0 18
1 4
1 4
0 10
0 15
1 3
0 11
0 11
0 19
0 27
0 8
0 5
0 11
1 4
1 4
0 3
0 14
0 17
0 11
0 13
0 12
0 3
1 4
0 7
0 6
0 12
1 4
0 19
1 4
1 4
0 14
0 8
0 10
0 15
0 90
0 4
0 6
1 4
0 8
1 3
1 4
1 4
0 7
0 9
0 13
0 9
0 14
1 4
0 3
0 8
0 14
0 13
0 15
0 10
0 12
0 7
1 4
0 5
0 16
0 10
0 4
0 12
0 17
0 6
0 10
0 8
0 2
0 11
1 4
0 6
0 27
0 14
1 4
0 14
0 5
0 13
0 9
0 10
0 10
0 1
0 11
1 4
0 13
0 4
0 11
1 4
0 14
0 12
1 4
0 11
0 6
0 13
0 14
1 4
0 93
0 5
0 43
0 5
0 6
0 12
0 11
1 4
0 5
0 12
0 12
1 4
0 48
1 4
1 4
0 17
0 75
0 16
0 1
0 16
0 8
0 9
0 9
0 8
0 11
0 2
0 14
1 4
1 3
1 4
0 10
0 10
0 5
0 10
0 13
0 13
0 7
0 4
0 5
0 10
0 6
0 22
0 22
1 3
0 11
0 12
0 18
0 23
1 4
0 19
0 7
0 5
0 14
0 7
0 19
0 24
0 5
1 4
0 19
0 17
0 13
0 22
0 27
0 20
0 17
0 6
0 25
0 22
0 10
0 24
0 12
0 10
0 21
0 15
0 26
0 13
0 67
1 4
0 21
0 16
0 21
0 21
0 17
1 3
0 23
0 18
1 4
0 23
0 21
1 4
0 6
0 13
0 22
0 17
0 16
1 4
0 6
0 19
0 19
0 20
0 3
0 15
0 29
0 15
0 18
0 17
0 22
0 8
0 14
0 28
1 3
0 16
1 4
0 19
0 28
0 11
0 12
0 21
0 23
0 38
0 14
0 20
0 24
0 23
0 29
0 8
0 30
0 15
0 20
0 64
0 1
0 20
1 4
0 19
0 20
0 24
0 188
0 207
0 166
0 134
0 199
0 118
0 319
0 111
0 286
0 97
0 132
0 174
0 58
0 190
0 186
0 144
0 126
0 174
0 152
0 139
0 167
0 230
0 223
0 204
0 44
0 142
0 91
0 151
0 147
0 290
0 270
0 108
0 137
0 213
0 131
0 187
0 44
0 193
0 193
0 248
0 264
0 231
0 110
0 161
0 171
0 178
0 236
0 165
0 159
0 146
0 181
0 88
0 148
0 101
0 189
0 157
0 130
0 266
0 92
0 128
0 252
0 217
0 151
0 138
0 140
0 1
0 124
0 67
0 225
0 85
0 199
0 131
0 208
0 121
0 96
0 146
0 189
0 126
0 104
0 327
0 125
0 160
0 93
0 96
0 250
0 152
0 201
0 129
0 198
0 62
0 38
0 218
0 237
0 156
0 107
0 68
0 124
0 204
0 236
0 194
0 175
0 160
0 196
0 171
0 106
0 170
0 198
0 220
0 139
0 170
0 115
0 157
0 230
0 82
0 266
0 71
0 183
0 267
0 182
0 122
0 173
0 100
0 308
0 156
0 207
0 60
0 220
0 150
0 125
0 142
0 261
0 130
0 85
0 143
0 78
0 246
0 175
0 129
0 99
0 78
0 183
0 83
0 326
0 161
0 109
0 119
0 134
0 295
0 109
0 169
0 110
0 349
0 120
0 260
0 120
0 210
0 95
0 112
0 181
0 174
0 150
0 171
0 10
0 106
0 114
0 145
0 159
0 149
0 153
0 145
0 176
0 260
0 141
0 158
0 153
0 127
0 176
0 204
0 350
0 146
0 232
0 215
0 79
0 131
0 149
0 113
0 64
0 116
0 164
0 49
0 84
0 76
0 102
0 38
0 73
0 20
0 97
0 55
0 72
0 45
0 115
0 59
0 56
0 52
0 88
0 53
0 58
0 55
0 70
0 35
0 97
0 107
0 60
0 72
0 105
0 129
0 129
0 80
0 82
0 86
0 38
0 27
0 84
0 135
0 6
0 53
0 108
0 122
0 39
0 137
0 66
0 40
0 6
0 44
0 113
0 26
0 69
0 56
0 78
0 70
0 121
0 48
0 89
0 85
0 44
0 94
0 25
0 95
0 91
0 11
0 60
0 64
0 27
0 112
0 5
0 93
0 32
0 57
0 58
0 74
0 95
0 71
0 130
0 52
0 13
0 59
0 73
0 52
0 108
0 80
0 62
0 66
0 53
0 60
0 92
0 138
0 71
0 89
0 48
0 47
0 69
0 86
0 50
0 114
0 51
0 82
0 160
0 99
0 178
0 261
0 143
0 228
0 247
0 238
0 230
0 151
0 147
0 142
0 171
0 216
0 152
0 277
0 76
0 132
0 197
0 321
0 107
0 144
0 140
0 212
0 151
0 107
0 155
0 149
0 85
0 102
0 149
0 176
0 251
0 130
0 163
0 120
0 68
0 103
0 179
0 118
0 108
0 149
0 213
0 211
0 87
0 189
0 190
0 128
0 103
0 198
0 198
0 182
0 146
0 248
0 197
0 138
0 208
0 64
0 243
0 97
0 125
0 251
0 219
0 236
0 158
0 106
0 133
0 110
0 113
0 129
0 95
0 157
0 171
0 193
0 147
0 223
0 229
0 142
0 136
0 77
0 109
0 121
0 159
0 115
0 273
0 68
0 128
0 247
0 115
0 28
0 234
0 235
0 137
0 128
0 128
0 150
0 199
0 143
0 149
0 147
0 104
0 100
0 164
0 126
0 129
0 240
0 184
0 210
0 199
0 183
0 239
0 113
0 118
0 134
0 136
0 131
0 186
0 254
0 177
0 190
0 216
0 174
0 181
0 77
0 108
0 168
0 97
0 139
0 221
0 193
0 242
0 99
0 91
0 220
0 193
0 132
0 169
0 163
0 123
0 108
0 132
0 83
0 159
0 74
0 113
0 89
0 87
0 158
0 172
0 124
0 121
0 52
0 174
0 162
0 214
0 212
0 200
0 195
0 74
0 240
0 196
0 256
0 163
0 15
0 9
0 158
0 116
0 140
0 103
0 111
0 178
0 185
0 178
0 176
0 174
0 16
0 170
0 178
0 130
0 140
0 146
0 161
0 165
0 37
0 184
0 117
0 205
0 113
0 205
0 179
0 153
0 206
0 135
0 67
0 221
0 272
0 345
0 69
0 248
0 181
0 177
0 218
0 320
0 151
0 331
0 382
0 200
0 464
0 444
0 302
0 409
0 22
0 97
0 353
0 251
0 139
0 254
0 221
0 4
0 258
0 203
0 16
0 18
0 231
0 115
0 266
0 68
0 134
0 135
0 183
0 171
0 314
0 146
0 125
0 208
0 198
0 284
0 161
0 65
0 394
0 247
0 24
0 223
0 107
0 282
0 300
0 173
0 126
0 148
0 270
0 270
0 223
0 124
0 279
0 204
0 55
0 250
0 261
0 264
0 162
0 280
0 253
0 273
0 273
0 234
0 300
0 210
0 73
0 262
0 186
0 32
0 283
0 254
0 99
0 242
0 363
0 209
0 156
0 200
0 184
0 144
0 363
0 436
0 341
0 293
0 37
0 226
0 257
0 320
0 16
0 153
0 158
0 222
0 54
0 139
0 177
0 238
0 240
0 43
0 205
0 82
0 272
0 179
0 197
0 263
0 215
0 200
0 162
0 58
0 210
0 241
0 236
0 183
0 254
0 166
0 114
0 185
0 136
0 237
0 196
0 171
0 67
0 39
0 125
0 292
0 230
0 187
0 152
0 161
0 167
0 177
0 184
0 23
0 209
0 144
0 211
0 181
0 111
0 176
0 239
0 188
0 286
0 131
0 173
0 55
0 108
0 207
0 231
0 200
0 56
0 232
0 162
0 281
0 306
0 185
0 129
0 288
0 201
0 31
0 182
0 201
0 137
0 140
0 254
0 210
0 203
0 126
0 232
0 186
0 226
0 224
0 143
0 113
0 291
0 190
0 279
0 146
0 172
0 222
0 76
0 157
0 130
0 241
0 49
0 78
0 16
0 133
0 153
0 232
0 144
0 108
0 57
0 132
0 161
0 65
0 190
0 119
0 69
0 129
0 86
0 100
0 94
0 157
0 37
0 167
0 74
0 83
0 137
0 77
0 233
0 46
0 113
0 191
0 219
0 92
0 224
0 224
0 156
0 78
0 86
0 204
0 177
0 243
0 83
0 107
0 85
0 146
0 97
0 42
0 188
0 236
0 145
0 88
0 74
0 155
0 125
0 103
0 33
0 79
0 126
0 69
0 237
0 188
0 127
0 47
0 33
0 81
0 88
0 59
0 39
0 112
0 15
0 78
0 98
0 146
0 78
0 122
0 74
0 91
0 89
0 135
0 135
0 75
0 112
0 114
0 75
0 93
0 9
0 141
0 50
0 45
0 74
0 183
0 53
0 49
0 152
0 146
0 66
0 39
0 154
0 17
0 144
0 79
0 213
0 134
0 85
0 99
0 14
0 169
0 131
0 78
0 227
0 125
0 162
0 278
0 121
0 58
0 243
0 124
0 166
0 107
0 111
0 23
0 160
0 80
0 57
0 170
0 122
0 91
0 253
0 130
0 146
0 88
0 226
0 155
0 38
0 145
0 124
0 169
0 162
0 172
0 201
0 170
0 199
0 133
0 134
0 44
0 217
0 142
0 181
0 130
0 64
0 54
0 93
0 152
0 155
0 205
0 79
0 138
0 140
0 154
0 151
0 156
0 199
0 100
0 157
0 168
0 117
0 86
0 62
0 145
0 91
0 135
0 160
0 223
0 28
0 229
0 104
0 144
0 202
0 151
0 109
0 179
0 174
0 142
0 158
0 222
0 131
0 100
0 146
0 138
0 133
0 106
0 174
0 176
0 251
0 216
0 183
0 251
0 213
0 173
0 149
0 205
0 237
0 214
0 210
0 215
0 286
0 306
0 238
0 260
0 204
0 124
0 248
0 353
0 244
0 212
0 217
0 235
0 164
0 280
0 73
0 261
0 219
0 258
0 275
0 160
0 283
0 243
0 292
0 249
0 187
0 229
0 341
0 143
0 184
0 216
0 245
0 274
0 273
0 271
0 217
0 201
0 327
0 183
0 298
0 134
0 66
0 286
0 123
0 227
0 302
0 169
0 290
0 254
0 224
0 40
0 250
0 201
0 231
0 14
0 219
0 268
0 210
0 211
0 107
0 329
0 202
0 212
0 106
0 212
0 264
0 175
0 198
0 131
0 101
0 287
0 131
0 195
0 156
0 246
0 120
0 9
0 150
0 112
0 139
0 78
0 124
0 178
0 208
0 123
0 124
0 234
0 228
0 169
0 107
0 102
0 120
0 90
0 152
0 38
0 155
0 149
0 111
0 282
0 92
0 132
0 52
0 161
0 122
0 218
0 174
0 195
0 79
0 199
0 144
0 34
0 190
0 66
0 171
0 311
0 198
0 209
0 261
0 84
0 90
0 199
0 255
0 170
0 167
0 142
0 231
0 134
0 114
0 124
0 129
0 111
0 77
0 124
0 231
0 125
0 37
0 225
0 190
0 69
0 149
0 177
0 139
0 170
0 187
0 212
0 206
0 142
0 305
0 191
0 229
0 55
0 142
0 148
0 192
0 194
0 152
0 113
0 112
0 163
0 127
0 192
0 123
0 172
0 131
0 145
0 226
0 141
0 194
0 58
0 106
0 87
0 67
0 98
0 104
0 118
0 181
0 66
0 132
0 72
0 73
0 57
0 78
0 43
0 126
0 39
0 134
0 95
0 132
0 50
0 118
0 66
0 40
0 74
0 91
0 76
0 137
0 119
0 128
0 48
0 114
0 67
0 72
0 86
0 129
0 77
0 18
0 102
0 62
0 59
0 46
0 126
0 213
0 88
0 74
0 182
0 82
0 228
0 198
0 63
0 73
0 57
0 108
0 54
0 86
0 236
0 108
0 150
0 55
0 185
0 51
0 41
0 45
0 23
0 75
0 110
0 31
0 81
0 43
0 124
0 107
0 33
0 90
0 86
0 7
0 102
0 37
0 110
0 141
0 38
0 113
0 51
0 136
0 65
0 150
0 185
0 77
0 105
0 177
0 116
0 120
0 25
0 88
0 128
0 283
0 330
0 215
0 340
0 184
0 199
0 119
0 233
0 119
0 280
0 228
0 35
0 72
0 270
0 179
0 76
0 112
0 247
0 148
0 128
0 115
0 159
0 95
0 165
0 114
0 179
0 228
0 218
0 149
0 244
0 226
0 268
0 228
0 140
0 167
0 11
0 204
0 104
0 205
0 274
0 206
0 118
0 189
0 381
0 203
0 181
0 253
0 152
0 383
0 218
0 210
0 308
0 160
0 113
0 185
0 394
0 272
0 204
0 98
0 313
0 58
0 227
0 106
0 217
0 138
0 135
0 119
0 312
0 278
0 106
0 155
0 201
0 239
0 176
0 91
0 69
0 284
0 222
0 125
0 199
0 95
0 183
0 252
0 350
0 234
0 205
0 209
0 229
0 279
0 224
0 123
0 165
0 193
0 316
0 62
0 201
0 116
0 78
0 90
0 147
0 46
0 95
0 158
0 92
0 148
0 95
0 55
0 80
0 64
0 118
0 73
0 86
0 143
0 176
0 66
0 109
0 125
0 86
0 90
0 53
0 62
0 139
0 96
0 89
0 127
0 148
0 147
0 48
0 45
0 105
0 83
0 112
0 171
0 48
0 115
0 85
0 111
0 98
0 51
0 87
0 166
0 167
0 84
0 104
0 112
0 72
0 60
0 117
0 178
0 160
0 44
0 136
0 105
0 146
0 162
0 123
0 70
0 88
0 113
0 116
0 140
0 154
0 143
0 25
0 165
0 39
0 173
0 109
0 55
0 41
0 78
0 7
0 95
0 106
0 100
0 3
0 107
0 140
0 68
0 108
0 50
0 93
0 140
0 120
0 98
0 144
0 88
0 34
0 80
0 142
0 56
0 118
0 347
0 328
0 78
0 276
0 318
0 315
0 327
0 330
0 351
0 272
0 272
0 347
0 346
0 416
0 239
0 321
0 261
0 196
0 264
0 261
0 297
0 255
0 318
0 273
0 341
0 308
0 342
0 246
0 294
0 290
0 294
0 345
0 282
0 76
0 417
0 282
0 252
0 312
0 282
0 290
0 367
0 465
0 304
0 199
0 396
0 234
0 311
0 392
0 415
0 285
0 350
0 263
0 347
0 205
0 312
0 253
0 157
0 161
0 226
0 153
0 286
0 378
0 310
0 340
0 222
0 348
0 309
0 328
0 276
0 292
0 258
0 284
0 341
0 356
0 462
0 288
0 357
0 362
0 340
0 275
0 197
0 295
0 278
0 289
0 346
0 274
0 301
0 288
0 253
0 195
0 235
0 333
0 304
0 336
0 335
0 110
0 89
0 131
0 85
0 62
0 111
0 80
0 85
0 202
0 74
0 128
0 126
0 119
0 145
0 73
0 145
0 106
0 26
0 109
0 97
0 75
0 191
0 192
0 70
0 110
0 112
0 61
0 122
0 138
0 245
0 66
0 171
0 163
0 179
0 134
0 109
0 232
0 157
0 76
0 114
0 239
0 155
0 49
0 131
0 108
0 68
0 99
0 79
0 93
0 32
0 99
0 118
0 108
0 102
0 61
0 248
0 121
0 51
0 103
0 121
0 69
0 94
0 80
0 60
0 236
0 63
0 138
0 150
0 197
0 125
0 123
0 110
0 114
0 101
0 109
0 157
0 36
0 80
0 178
0 93
0 10
0 133
0 87
0 172
0 142
0 88
0 197
0 81
0 198
0 136
0 193
0 44
0 59
0 198
0 240
0 218
0 109
0 96
0 170
0 14
0 99
0 100
0 96
0 152
0 109
0 35
0 137
0 140
0 127
0 79
0 187
0 113
0 78
0 39
0 62
0 160
0 40
0 98
0 114
0 139
0 113
0 141
0 82
0 139
0 82
0 36
0 39
0 49
0 12
0 84
0 44
0 80
0 68
0 116
0 102
0 80
0 111
0 44
0 111
0 78
0 68
0 95
0 50
0 192
0 100
0 116
0 146
0 43
0 123
0 70
0 113
0 133
0 93
0 107
0 141
0 121
0 44
0 59
0 89
0 114
0 78
0 216
0 24
0 100
0 103
0 77
0 89
0 121
0 110
0 171
0 186
0 49
0 157
0 101
0 170
0 77
0 68
0 61
0 95
0 99
0 93
0 96
0 88
0 86
0 56
0 31
0 108
0 67
0 92
0 17
0 123
0 62
0 138
0 30
0 275
0 275
0 177
0 178
0 202
0 169
0 177
0 126
0 150
0 186
0 116
0 208
0 186
0 175
0 270
0 94
0 201
0 154
0 142
0 192
0 99
0 235
0 186
0 250
0 296
0 186
0 119
0 93
0 92
0 246
0 73
0 141
0 46
0 224
0 60
0 240
0 199
0 102
0 95
0 190
0 190
0 253
0 141
0 258
0 256
0 125
0 112
0 200
0 155
0 112
0 217
0 189
0 82
0 261
0 183
0 321
0 35
0 27
0 84
0 174
0 177
0 115
0 89
0 288
0 143
0 121
0 200
0 211
0 166
0 195
0 193
0 251
0 190
0 173
0 192
0 97
0 173
0 237
0 185
0 177
0 255
0 119
0 92
0 225
0 170
0 131
0 206
0 206
0 201
0 241
0 142
0 169
0 195
0 238
0 180
0 190
0 70
0 120
0 88
0 196
0 81
0 229
0 115
0 175
0 172
0 80
0 98
0 324
0 235
0 178
0 132
0 152
0 73
0 212
0 343
0 122
0 163
0 252
0 98
0 207
0 250
0 73
0 131
0 105
0 252
0 57
0 280
0 126
0 145
0 132
0 162
0 176
0 256
0 61
0 134
0 101
0 204
0 20
0 49
0 143
0 252
0 306
0 160
0 194
0 125
0 155
0 175
0 137
0 320
0 129
0 107
0 42
0 63
0 192
0 90
0 61
0 108
0 233
0 4
0 248
0 99
0 55
0 99
0 150
0 74
0 174
0 83
0 58
0 182
0 162
0 186
0 201
0 241
0 139
0 193
0 26
0 259
0 36
0 157
0 97
0 257
0 66
0 171
0 104
0 269
0 445
0 393
0 390
0 508
0 150
0 371
0 329
0 73
0 202
0 362
0 308
0 242
0 312
0 241
0 164
0 300
0 257
0 242
0 317
0 192
0 224
0 378
0 463
0 371
0 364
0 299
0 213
0 174
0 399
0 205
0 405
0 334
0 413
0 357
0 225
0 164
0 246
0 167
0 155
0 271
0 317
0 363
0 323
0 226
0 328
0 461
0 153
0 195
0 247
0 268
0 315
0 390
0 282
0 389
0 103
0 261
0 384
0 344
0 199
0 246
0 240
0 333
0 295
0 320
0 452
0 454
0 361
0 393
0 191
0 359
0 248
0 490
0 355
0 208
0 360
0 388
0 413
0 312
0 416
0 395
0 290
0 437
0 425
0 162
0 343
0 240
0 319
0 329
0 203
0 246
0 341
0 400
0 227
0 421
0 414
0 268
0 198
0 2154
0 1461
0 2321
0 2379
0 1295
0 1102
0 1044
0 2502
0 909
0 127
0 2389
0 2150
0 1196
0 1642
0 1929
0 2484
0 750
0 1426
0 2191
0 165
0 167
0 788
0 2647
0 512
0 2786
0 1267
0 636
0 2735
0 2383
0 382
0 120
0 1417
0 2676
0 2705
0 441
0 2501
0 1259
0 1116
0 2687
0 312
0 78
0 1156
0 2598
0 1504
0 2171
0 887
0 2080
0 2060
0 2065
0 399
0 2098
0 1153
0 713
0 1287
0 449
0 1159
0 1690
0 1445
0 2257
0 1348
0 97
0 20
0 627
0 1939
0 993
0 1366
0 2300
0 1815
0 2559
0 246
0 2007
0 1976
0 316
0 1477
0 2353
0 1572
0 439
0 847
0 1054
0 2426
0 2610
0 2207
0 1111
0 534
0 2376
0 325
0 1530
0 1874
0 1776
0 1242
0 927
0 586
0 463
0 1217
0 286
0 1319
0 489
0 1778
0 2455
0 933
0 937
0 2752
0 441
0 2964
0 2302
0 2591
0 320
0 1410
0 3192
0 2524
0 1573
0 699
0 1068
0 390
0 147
0 143
0 1468
0 1474
0 86
0 233
0 2491
0 1183
0 1025
0 473
0 1285
0 2236
0 1361
0 29
0 2159
0 1142
0 2142
0 987
0 2015
0 1087
0 2607
0 2872
0 1806
0 1021
0 549
0 2082
0 1390
0 1657
0 619
0 2847
0 1024
0 3172
0 1540
0 249
0 2233
0 1383
0 493
0 596
0 3040
0 369
0 2789
0 1266
0 2755
0 1743
0 1139
0 3102
0 1915
0 2459
0 929
0 920
0 2020
0 3079
0 1945
0 3044
0 3147
0 725
0 2339
0 1872
0 823
0 944
0 1679
0 632
0 3196
0 870
0 2682
0 797
0 2421
0 2944
0 3121
0 2535
0 87
0 1736
0 1951
0 1964
0 1125
0 497
0 2623
0 1894
0 175
0 2662
0 916
0 1639
0 1911
0 1439
0 3048
0 2873
0 2940
0 2003
0 1103
0 1261
0 2569
0 933
0 2470
0 1028
0 2847
0 209
0 1140
0 798
0 690
0 1628
0 2984
0 285
0 875
0 1329
0 578
0 2926
0 2313
0 2326
0 2672
0 225
0 388
0 2251
0 53
0 2920
0 1811
0 2822
0 451
0 3198
0 777
0 2615
0 3079
0 1593
0 2179
0 1517
0 1795
0 843
0 1178
0 722
0 977
0 1734
0 1839
0 2139
0 403
0 359
0 1729
0 2202
0 2367
0 852
0 2494
0 370
0 1088
0 1227
0 1276
0 1869
0 232
0 256
0 2267
0 610
0 1005
0 2702
0 2731
0 644
0 1380
0 1792
0 1500
0 3185
0 891
0 2337
0 2062
0 2774
0 317
0 3195
0 3104
0 1286
0 73
0 2897
0 1955
0 157
0 1386
0 521
0 1627
0 528
0 2387
0 2358
1 4
1 4
1 4
1 4
1 4
0 95
1 4
1 4
1 4
1 4
1 4
1 4
0 54
0 237
1 4
1 4
1 4
1 4
1 4
0 58
1 4
1 4
1 4
1 4
1 4
1 4
1 4
0 25
1 4
1 4
1 4
1 4
1 4
0 155
1 4
1 4
1 4
1 4
1 4
1 4
1 4
1 4
1 4
1 4
1 4
1 4
1 4
0 197
1 4
1 4
1 4
1 4
1 4
1 4
1 4
0 97
1 4
1 4
1 4
1 4
0 136
1 4
1 4
1 4
1 4
1 4
1 4
0 183
1 4
1 4
1 4
1 4
1 4
1 4
1 4
1 4
1 4
1 4
1 4
0 140
1 4
1 4
1 4
1 4
1 4
1 4
1 4
1 4
0 1
1 4
1 4
1 4
1 4
1 4
1 4
1 4
1 4
0 3302
0 1803
0 758
0 2827
0 561
0 2178
0 96
0 717
0 3028
0 1248
0 2932
0 196
0 554
0 1297
0 201
0 3155
0 1767
0 367
0 573
0 2718
0 1262
0 26
0 243
0 2628
0 3034
0 1945
0 3157
0 1988
0 2226
0 157
0 2160
0 2424
0 2780
0 1962
0 2036
0 1704
0 873
0 1327
0 1921
0 2528
0 1368
0 1552
0 476
0 1492
0 3300
0 1834
0 1061
0 1744
0 1125
0 1712
0 2698
0 421
0 5
0 2448
0 2720
0 1201
0 1303
0 3265
0 2442
0 2815
0 480
0 3286
0 1017
0 1171
0 954
0 74
0 634
0 257
0 369
0 2101
0 2974
0 3070
0 2354
0 1567
0 2387
0 3158
0 2297
0 521
0 1450
0 3005
0 1255
0 280
0 3189
0 2513
0 2882
0 2597
0 1420
0 307
0 2248
0 639
0 3081
0 1641
0 3039
0 1516
0 818
0 2041
0 1959
0 216
0 2699
0 1911
0 365
0 2756
0 3005
0 434
0 897
0 2085
0 2993
0 2242
0 1461
0 1266
0 423
0 2448
0 1789
0 2572
0 2171
0 2213
0 3052
0 2369
0 2137
0 198
0 1838
0 2208
0 1330
0 541
0 692
0 1106
0 1059
0 1039
0 652
0 572
0 2276
0 3163
0 155
0 109
0 3166
0 282
0 905
0 2245
0 2859
0 1751
0 2285
0 747
0 1326
0 1742
0 1413
0 2932
0 2757
0 2665
0 2497
0 1968
0 151
0 1204
0 1176
0 252
0 321
0 1609
0 1404
0 764
0 2768
0 1674
0 683
0 1884
0 2799
0 928
0 852
0 1524
0 2338
0 591
0 2589
0 607
0 45
0 237
0 1633
0 1585
0 46
0 2569
0 3112
0 5
0 3165
0 1549
0 1124
0 871
0 960
0 1741
0 2644
0 479
0 388
0 1553
0 2961
0 2005
1 4
1 4
0 331
1 4
1 4
1 4
1 4
1 4
1 4
1 4
1 4
1 4
1 4
1 4
1 4
0 84
1 4
1 4
1 4
1 4
1 4
1 4
0 26
1 4
1 4
0 388
1 4
1 4
1 4
1 4
1 4
1 4
1 4
1 4
1 4
1 4
1 4
1 4
1 4
1 4
1 4
1 4
1 4
1 4
0 433
1 4
1 4
1 4
1 4
1 4
0 437
1 4
1 4
0 235
1 4
1 4
1 4
0 41
1 4
0 114
1 4
1 4
1 4
1 4
1 4
0 154
0 536
1 4
0 272
1 4
0 479
1 4
1 4
1 4
1 4
1 4
0 77
1 4
1 4
1 4
1 4
1 4
1 4
0 470
1 4
0 292
0 432
1 4
1 4
1 4
0 495
0 2668
0 2457
0 1524
0 1926
0 368
0 1691
0 2208
0 2071
0 168
0 2999
0 574
0 2005
0 2868
0 3287
0 3328
0 2717
0 1076
0 1096
0 1941
0 3020
0 1369
0 1812
0 278
0 1738
0 2702
0 2930
0 2315
0 965
0 2981
0 492
0 3169
0 1066
0 788
0 1835
0 3238
0 2000
0 636
0 2351
0 2509
0 1550
0 2157
0 665
0 820
0 1321
0 1882
0 1035
0 2078
0 2241
0 600
0 2913
0 1435
0 1607
0 2482
0 684
0 2768
0 2064
0 3078
0 1740
0 2116
0 2818
0 359
0 1232
0 3059
0 214
0 426
0 1485
0 1189
0 105
0 2571
0 1153
0 1904
0 784
0 2745
0 1973
0 2319
0 3154
0 3190
0 815
0 2893
0 2500
0 733
0 1918
0 2369
0 2420
0 61
0 2300
0 2252
0 888
0 521
0 1576
0 2622
0 318
1 4
1 4
1 4
1 4
1 4
1 4
1 4
1 4
1 4
1 4
1 4
1 4
1 4
1 4
1 4
1 4
1 4
1 4
1 4
1 4
1 4
1 4
1 4
1 4
1 4
1 4
1 4
1 4
1 4
1 4
1 4
1 4
1 4
1 4
1 4
1 4
1 4
1 4
1 4
1 4
1 4
0 73
0 103
1 4
0 34
1 4
1 4
1 4
1 4
1 4
1 4
1 4
1 4
1 4
1 4
1 4
1 4
1 4
1 4
1 4
1 4
1 4
1 4
1 4
1 4
1 4
1 4
1 4
1 4
1 4
1 4
1 4
1 4
1 4
1 4
1 4
1 4
1 4
1 4
1 4
1 4
1 4
1 4
1 4
0 99
1 4
1 4
1 4
1 4
1 4
1 4
1 4
1 4
1 4
1 4
1 4
1 4
0 821
0 2250
0 2711
0 1089
0 734
0 2304
0 174
0 2840
0 1714
0 2850
0 1271
0 2120
0 1921
0 1733
0 2773
0 2480
0 824
0 1834
0 2362
0 1925
0 2678
0 1566
0 1676
0 67
0 1780
0 2163
0 2746
0 403
0 2591
0 243
0 905
0 1344
0 2853
0 1763
0 1126
0 1168
0 2832
0 1167
0 223
0 2433
0 2031
0 1657
0 217
0 1574
0 1524
0 399
0 2277
0 570
0 2110
0 321
0 1531
0 539
0 2405
0 682
0 2517
0 2440
0 1611
0 460
0 1931
0 115
0 1976
0 796
0 1138
0 2650
0 2811
0 1867
0 1232
0 1393
0 1439
0 641
0 1484
0 1355
0 1650
0 2037
0 683
0 552
0 1417
0 546
0 1795
0 198
0 108
0 87
0 716
0 1087
0 2723
0 2197
0 2649
0 970
0 1313
0 838
0 1149
0 1011
0 39
0 2035
0 2802
0 2273
0 2425
0 1336
1 4
0 1652
0 2185
0 1953
0 414
1 4
1 4
0 157
1 4
0 975
0 1102
0 2450
1 4
0 740
0 374
0 1342
0 1481
0 1864
1 4
1 4
0 1957
0 1424
0 2054
0 1836
0 576
0 1202
0 1177
0 38
0 656
0 207
0 1174
0 688
0 1577
1 4
0 585
0 100
1 4
0 319
0 115
0 1588
0 1431
0 1454
0 1457
0 39
0 1813
1 4
0 542
0 2447
0 1076
0 1007
0 649
0 611
0 131
0 2198
0 2367
0 806
0 261
0 1775
0 943
0 1589
1 4
0 682
0 1980
0 2045
1 4
1 4
1 4
0 878
0 839
0 1884
0 2332
0 1227
0 508
1 4
0 456
0 391
1 4
0 2105
0 544
0 1264
0 2408
0 1565
0 2379
0 2452
0 1594
0 2038
0 2456
1 4
0 967
0 652
0 1230
0 555
0 2080
0 1527
0 1282
0 2270
0 1698
0 2576
0 2266
0 307
0 1316
0 170
0 1377
0 1977
0 2512
0 322
0 1808
0 1100
0 16
0 450
0 1597
0 1961
0 1566
0 2028
0 1176
0 226
0 1303
0 579
0 2439
0 1651
0 593
0 1270
0 1184
0 1457
0 160
0 916
0 1489
0 743
0 2213
0 2628
0 93
0 882
0 1505
0 1889
0 1562
0 2734
0 2569
0 497
0 1735
0 1920
0 2600
0 2737
0 1211
0 2070
0 253
0 2048
0 1657
0 2591
0 604
0 575
0 1357
0 2768
0 1039
0 717
0 1663
0 1870
0 639
0 842
0 1924
0 1521
0 1284
0 2713
0 2692
0 2629
0 1138
0 913
0 184
0 946
0 1483
0 368
0 350
0 2257
0 2601
0 1254
0 2309
0 2395
0 1065
0 149
0 904
0 780
0 2155
0 2783
0 88
0 2345
0 1512
0 406
0 543
0 748
0 2467
0 35
0 660
1 4
1 4
0 861
0 830
0 578
1 4
1 4
0 798
0 92
1 4
1 4
1 4
0 650
0 262
0 1037
0 319
1 4
0 60
1 4
1 4
0 433
0 244
1 4
0 1045
0 514
1 4
0 344
1 4
1 4
1 4
1 4
0 421
0 287
1 4
1 4
1 4
1 4
1 4
1 4
1 4
0 626
1 4
0 722
1 4
1 4
0 1006
0 725
1 4
1 4
1 4
1 4
1 4
1 4
0 793
1 4
1 4
0 842
1 4
1 4
0 778
1 4
1 4
1 4
1 4
1 4
0 152
1 4
0 307
1 4
1 4
0 306
1 4
0 721
1 4
1 4
1 4
0 906
1 4
0 748
1 4
1 4
0 782
0 969
1 4
0 679
1 4
1 4
0 480
1 4
0 938
0 395
1 4
0 55
1 4
1 4
0 549
1 4
1 4
0 678
0 382
1 4
0 173
1 4
0 238
1 4
1 4
1 4
1 4
1 4
0 623
1 4
1 4
1 4
1 4
1 4
1 4
1 4
0 677
0 284
1 4
1 4
1 4
0 419
1 4
1 4
0 214
1 4
0 495
1 4
1 4
1 4
1 4
1 4
1 4
1 4
1 4
1 4
1 4
0 850
1 4
1 4
1 4
1 4
0 681
1 4
0 507
1 4
1 4
1 4
1 4
1 4
0 731
1 4
0 320
1 4
1 4
0 440
1 4
1 4
0 476
0 188
1 4
1 4
1 4
0 61
1 4
0 624
1 4
1 4
1 4
0 764
1 4
0 288
0 203
1 4
1 4
1 4
1 4
1 4
1 4
0 94
1 4
1 4
1 4
0 360
1 4
0 2180
0 857
0 2328
0 782
0 752
0 2125
0 1681
0 1456
0 360
0 547
1 4
0 254
1 4
0 364
0 1023
1 4
0 154
0 1764
0 1915
0 2406
1 4
0 293
0 1582
0 666
0 2017
1 4
0 524
0 935
0 1712
1 4
0 148
0 1822
0 1568
0 1315
0 1807
0 1117
0 210
0 506
0 1255
1 4
0 1868
0 756
0 2154
0 1989
0 1185
0 1617
1 4
1 4
0 1086
0 2299
0 1506
0 1025
0 1173
0 1397
0 2283
0 319
0 1834
0 2115
0 2256
0 794
0 871
0 1734
0 227
0 1534
0 83
0 2231
1 4
0 2419
0 2081
0 2351
0 1933
0 2393
0 2201
1 4
0 950
0 17
0 289
0 609
0 708
0 955
0 999
1 4
0 1997
0 2085
0 2234
0 1633
0 1492
0 1180
0 461
0 1205
0 825
1 4
0 386
0 2360
0 424
0 840
0 1620
0 90
0 208
0 2490
0 625
0 986
0 1905
0 2585
0 1809
0 760
0 1491
0 1805
0 1437
0 1022
0 2032
0 602
0 2356
0 1527
0 1143
0 896
0 1984
0 2192
0 2052
0 1280
0 1383
0 514
0 1614
0 2397
0 454
0 1517
0 364
0 2186
0 255
0 1354
0 2463
0 738
0 2120
0 852
0 1237
0 1113
0 641
0 806
0 686
0 2154
0 2662
0 261
0 1786
0 424
0 1684
0 1929
0 1175
0 2280
0 562
0 210
0 2398
0 1687
0 2364
0 1727
0 1710
0 754
0 1956
0 912
0 1689
0 1416
0 265
0 1995
0 1368
0 1505
0 1569
0 776
0 782
0 142
0 2421
0 2508
0 1333
0 206
0 40
0 924
0 1842
0 1774
0 1775
0 2100
0 1702
0 1647
0 600
0 2062
0 2276
0 1610
0 1264
0 339
0 429
0 2336
1 4
0 479
1 4
0 444
1 4
1 4
1 4
0 114
1 4
1 4
1 4
1 4
1 4
1 4
1 4
1 4
1 4
1 4
1 4
1 4
1 4
0 174
1 4
1 4
0 597
1 4
1 4
1 4
1 4
1 4
1 4
0 639
1 4
1 4
1 4
1 4
1 4
1 4
1 4
1 4
1 4
0 279
0 304
1 4
1 4
1 4
1 4
1 4
1 4
1 4
1 4
0 565
0 617
1 4
0 492
0 348
0 212
1 4
1 4
1 4
0 86
0 230
0 410
1 4
1 4
0 58
1 4
1 4
1 4
1 4
0 528
1 4
1 4
1 4
1 4
1 4
1 4
1 4
1 4
0 40
1 4
1 4
1 4
1 4
0 160
1 4
1 4
1 4
1 4
1 4
1 4
1 4
1 4
1 4
1 4
1 4
1 4
1 4
1 4
1 4
0 136
0 3035
0 2274
0 741
0 1433
0 1561
0 604
0 1573
0 711
0 459
0 3181
0 1479
0 2844
0 2208
0 1362
0 3161
0 2350
0 1916
0 283
0 2968
0 2899
0 2083
0 2636
0 1506
0 836
0 3106
0 2684
0 2755
0 1948
0 125
0 975
0 2877
0 2224
0 108
0 835
0 2203
0 2724
0 565
0 2953
0 4
0 1390
0 2425
0 1833
0 31
0 1869
0 271
0 435
0 2771
0 2165
0 903
0 364
0 3043
0 2135
0 2987
0 723
0 2479
0 213
0 187
0 2733
0 1235
0 650
0 1160
0 2527
0 286
0 505
0 2365
0 161
0 1105
0 918
0 1512
0 1625
0 794
0 76
0 1316
0 2337
0 1607
0 2013
0 1031
0 3070
0 1760
0 1888
0 780
0 1704
0 251
0 1243
0 890
0 2591
0 1992
0 1455
0 870
0 2423
0 1035
0 1678
0 1786
0 796
0 410
0 1619
0 2873
0 502
0 1776
0 1145
0 813
0 979
0 258
0 2209
0 665
0 701
0 887
0 2035
0 280
0 1420
0 2113
0 175
0 2545
0 1816
0 723
0 2352
0 1377
0 1578
0 340
0 2164
0 1100
0 1031
0 1432
0 914
0 354
0 189
0 853
0 1147
0 2823
0 2294
0 219
0 1949
0 2044
0 1476
0 1737
0 2389
0 1537
0 861
0 2697
0 120
0 1169
0 2007
0 1664
0 554
0 2184
0 454
0 2830
0 958
0 1879
0 2177
0 1200
0 857
0 1676
0 2019
0 2466
0 1466
0 313
0 1695
0 89
0 635
0 1512
0 785
0 1252
0 621
0 2327
0 324
0 2581
0 85
0 1351
0 990
0 511
0 2768
0 1794
0 2848
0 2149
0 2658
0 2267
0 910
0 2072
0 1273
0 174
0 468
0 2405
0 1210
1 4
1 4
0 11
1 4
1 4
1 4
1 4
1 4
0 1059
0 29
1 4
0 414
0 707
0 1655
1 4
0 1104
1 4
1 4
0 1570
1 4
0 213
1 4
1 4
0 280
1 4
1 4
0 964
1 4
1 4
1 4
0 219
0 293
1 4
0 571
0 1196
0 164
0 63
0 713
1 4
1 4
1 4
0 738
0 265
1 4
0 812
1 4
0 186
1 4
1 4
1 4
0 1281
0 782
1 4
0 1640
1 4
0 1400
1 4
0 1367
1 4
1 4
0 358
1 4
1 4
1 4
1 4
0 1601
0 871
0 1317
0 990
1 4
0 525
0 1723
1 4
0 899
0 1276
1 4
0 503
0 1540
1 4
1 4
1 4
0 448
1 4
0 627
0 657
1 4
1 4
0 387
1 4
0 1028
1 4
0 392
0 1472
1 4
0 1788
0 1150
1 4
0 120
0 26
