6837590519
36868030115
287049736
23502763684
94414994739
36197668187
25901157269
6118819060
9840969673
23716977547
342897977
5081091950
28056042894
22838483205
18398857099
93871173252
20575162185
1350831589
99654208004
10676898542
44180923738
2962551000
11982187951
64001721803
37014354760
6872609410
40551656098
8642139797
15553728970
2172359709
37613462450
24934174098
50567875286
31649863652
16490911204
22361703786
19925430580
13168344198
4234916553
15578903611
86465310424
27673563010
574677708
76744008850
8664989041
58878772431
34690107703
76170634128
19691471105
22140434245
5849991758
58989188089
63431729602
7337627307
2355024418
42630924056
67639332952
108807752002
4450825928
70825879423
18696665139
8346646533
62794588223
94059058883
13979559569
118745175371
46722856161
2015710329
94331017319
1675250839
9913963366
10974961329
13267179305
24260388889
8773455335
31081181371
81471537894
24693890866
81942400327
14429511910
18614275193
14717510909
32310875675
6229378481
9474182946
10473077319
29985549129
54573296399
25155272934
62177615312
24694231207534
-119878370632445
197903388456483
29202733840372
147531644739253
123967916057312
85244380910379
-242576950125885
35641022688164
-2186561065628284
