1
2
0
3
15
12
5
1
9
59
99
110
59
13
2
35
207
523
752
802
599
250
62
10
113
836
2715
5397
7037
6434
4139
1939
655
126
12
355
2841
10627
25876
43712
55181
53578
38976
21757
9080
2769
564
40
1029
10293
46235
132023
268141
408501
478593
438834
317015
178740
78438
25622
5924
917
86
3284
34902
180213
595950
1414596
2543893
3584490
4037145
3667455
2702853
1606843
763883
285081
80791
16306
2233
162
9858
118242
687655
2587445
7016271
14522501
23835910
31621487
34386516
30885475
22926037
14041491
7032345
2850481
911470
223159
39350
4461
249
29242
393122
2551496
10728228
32678245
76609658
143280753
218717223
276779432
293042098
261004222
195922347
123697284
65387847
28627906
10240612
2918835
641742
101634
10253
497
88304
1299265
9319541
43360855
146687747
383654596
804867718
1387333435
1997171886
2427812287
2509565284
2215227047
1671908935
1077497190
590809264
273598718
105917695
33721445
8617731
1709984
247849
23348
1107
