Case 1 : 50
Case 2 : 16
Case 3 : 47
Case 4 : 211
Case 5 : 24
Case 6 : 106
Case 7 : 137
Case 8 : 0
Case 9 : 8
Case 10 : 59
Case 11 : 66
Case 12 : 110
Case 13 : 7
Case 14 : 11
Case 15 : 33
Case 16 : 7
Case 17 : 31
Case 18 : 60
Case 19 : 103
Case 20 : 6
Case 21 : 34
Case 22 : 23
Case 23 : 19
Case 24 : 126
Case 25 : 3
Case 26 : 0
Case 27 : 0
Case 28 : 36
Case 29 : 52
Case 30 : 19
Case 31 : 73
Case 32 : 46
Case 33 : 27
Case 34 : 0
Case 35 : 37
Case 36 : 110
Case 37 : 8
Case 38 : 54
Case 39 : 21
Case 40 : -1
Case 41 : 81
Case 42 : 68
Case 43 : 6
Case 44 : 11
Case 45 : 0
Case 46 : 47
Case 47 : 0
Case 48 : 0
Case 49 : 94
Case 50 : 15
Case 51 : 0
Case 52 : 62
Case 53 : 112
Case 54 : 8
Case 55 : 10
Case 56 : 21
Case 57 : 6
Case 58 : 9
Case 59 : 0
Case 60 : 0
Case 61 : 9
Case 62 : 161
Case 63 : 52
Case 64 : 70
Case 65 : 10
Case 66 : 3
Case 67 : 55
Case 68 : 77
Case 69 : 8
Case 70 : 33
Case 71 : 18
Case 72 : 6
Case 73 : 64
Case 74 : 4
Case 75 : 42
Case 76 : 7
Case 77 : 4
Case 78 : 121
Case 79 : 0
Case 80 : 22
Case 81 : 6
Case 82 : 63
Case 83 : 45
Case 84 : 52
Case 85 : 6
Case 86 : 104
Case 87 : 0
Case 88 : 0
Case 89 : 4
Case 90 : 41
Case 91 : 10
Case 92 : 35
Case 93 : 31
Case 94 : 7
Case 95 : 53
Case 96 : 81
Case 97 : 0
Case 98 : 54
Case 99 : 12
Case 100 : 109
