82.181160
4317407.920323
978.449094
51.565281
183749.696546
323646313.966581
1233.921559
3299.231430
264.917917
1133550726.147415
890.078335
98.024855
112.982173
3503.455730
154.279174
503415.202904
3535351268.158393
45.755269
158.416295
434213.228291
83614181.061127
434.231496
429.847604
291094.026128
54.772087
15477.059606
1164.511917
375898009.601807
59.512404
78.062819
9949454.851344
784532.328653
8809010160.988243
42719.852126
43.519451
14578988.379993
10967474843.569748
86.103782
129.404283
71.449729
5046279810.620362
4962524.355291
5789.203690
81.171450
2119656467.926453
432.470092
43.000842
51.837743
31984.964455
105.307593
706082.231972
97.614702
5466959.532818
6893358551.391987
53.182313
381.985510
397682219.958497
483275509.719777
50802.306853
188164.961601
50802.306853
224477.245406
40.142417
59.979262
79.268697
213.867483
88.966586
43.041336
60.480001
114.535875
3695.706752
154.279174
144.826437
1241.143649
7166077.723228
195460.892408
64.592641
110617662.412450
191776.760193
339.879667
87.457310
56.738695
45.019454
45.286999
202548936.785946
76.341221
183.808697
20180254.346118
378256164.079014
65636.623692
74.291582
1157.843197
1893007644.344003
143.119024
38094.665944
37991909.111586
1771575171.437767
4135492627.641224
2870.360535
69.368040
