62577474
217304923
55383928
84227740
253860215
150263690
212982067
139609726
250595625
99099682
38200010
19527712
243205825
225833860
109768768
88516280
135434442
21087045
124812112
193025102
109087720
192079602
136143993
19842116
143467504
66239767
195171088
111623105
10822321
33416136
89425302
184899465
69156182
89529305
213794438
29404927
163438900
151788517
212175371
212982067
83140166
187190067
180515360
153090990
188733338
202156448
175783666
127966644
31219676
170422430
17056095
169627221
162875535
219763314
12066901
36959096
251649458
10923265
165188504
86051315
245914306
144346272
76021280
17077304
128383344
165828337
171257981
145949607
133983922
205598134
15477
206260091
245707863
102737892
127083067
255902990
213830608
117163673
216719123
125163439
155969671
185530514
104726911
223085303
18874351
3
85950770
70736
105833477
60233146
72758073
57681626
40358096
105683559
239633125
88516280
46947355
179150801
232391579
241071580
