429514
1676143
4121
3340698
9833089
7276942
30143316
9508600
31119621
11619637
1160768
11009182
9011924
368178
452
314193
10612444
71208
3241969
24492017
26819076
168748
24989168
41355888
1828426
2530046
41088
28056605
25732328
150934
3274201
15413447
15496127
266344
1608478
282686
3110478
10592606
35371448
16405206
369827
32706605
359741
9378919
13698748
17187045
1273552
3335827
32324887
40876
900
20447507
9131923
12965514
4180837
6815811
19992781
6569464
2762
16616366
10699410
36600170
8834976
8401373
188066
18792308
225767
172
637505
1415
10844339
7098
1898515
1615755
2454562
1390131
182088
3017989
77626
318281
15107
6235942
231139
25786
35831834
32847322
37387866
4147249
181598
5733739
183426
1838
1803
26461686
11993
1
3454753
65503
435688
19250456
1
7965580
17817
17219911
3020020
14269582
1539815
21456030
769701
16244522
138023
521681
176106
1685209
16757459
11695122
24644589
320
22205212
37795118
1740913
10089547
6258835
41199788
29404079
2169607
16934927
11986987
1655015
1708917
12136414
3276322
41604988
20583
697262
15343196
408807
24042662
5229751
33529869
273918
75896
5723
4235872
666974
4855321
12288
6764124
6533059
198385
4053482
889165
6181716
15094997
41698997
3741
1152386
5928482
20957
1087539
4703064
31017660
1
16978946
26094889
35175606
18704878
1941948
527667
21706563
19684679
16937066
35609956
3553708
19761034
32464
19
974823
6649753
23643976
3614
1
46725256
25927718
116403
1
3220111
5599125
1452
37222802
1308377
160940
2556406
45795494
241468
66061
18076459
130091
26995508
8147597
45416
1814068
165396
753397
2611521
64195
299
8435413
170378
21583487
600435
10095366
40598202
16613532
25524000
29633053
8381710
27
16373363
2907893
4309630
2755605
17536038
22542367
144
3468285
5600117
22280158
3832350
297778
1064143
12789578
40571652
14121325
28145
279499
28049258
8020059
16138614
16499765
72069
31379467
12395111
18695185
6
308039
1814701
14652941
3251788
30219275
8
432933
804778
1825
3
7079093
2054202
35835193
39892575
1803720
2296224
9912809
3770215
32673677
1
35953182
31
46376203
1020829
231703
3927
16359548
47097810
3
696581
18885324
10961
2059433
6806451
8579624
33785242
38718722
1161764
13316693
379160
9974509
308271
23628996
309164
12305320
4037265
15269892
28517289
166718
289320
1
8417404
1608418
237832
18669601
16486
20386322
26449585
8522613
36011390
28857571
419120
37745091
14111169
193937
3942165
1
30228727
168
2208973
1602603
3663023
20223772
9520
222846
10804
2175
4195808
1022915
10092316
25839958
1721000
652751
9451121
568
7542339
27240971
305115
29585634
606419
22892156
3893274
20445218
19969405
1357286
8081697
894520
871974
35594959
1
38202
28397009
32889307
414478
109417
30
2657257
9360350
287
73
1354859
16992373
20692652
36525459
20844920
275951
3214
16236821
92
6825701
1696093
86636
2536808
10399579
1445751
404
2897266
2420361
29
28494
45128310
22775583
46252552
13303257
20513
297344
219734
3728
19586051
34934244
2318914
13373351
78615
1410893
13051636
13143160
23943218
13537
2625605
2397029
17221537
2198085
13241412
11356771
1349356
32734255
35826277
22570788
21378
21
173305
9666129
45263663
5434853
231882
44412
4013896
2141384
11484081
23590494
23417
1
5527656
22552951
10038027
9866
3851825
43267
40152017
21327441
59368
3958865
2180345
3378719
5098
1
12957431
9559334
27505
9454926
1
7763198
1540427
26099067
42346963
28357729
2307199
732266
4745311
39529142
278267
2503513
2311508
213127
311460
6048724
199514
1
31510485
18512464
25318
33302264
22970347
2180397
15839856
2273591
36107521
24788
29961272
467441
5860301
2166347
33885804
4232
153584
85141
1055679
7662528
97
65256
2321024
167775
1742439
38830062
748822
193210
17192006
2051
4591290
17960
10892610
11611316
17383165
296
10220826
1
37393003
4606
17607
302461
5104076
281375
5
4019651
22090954
3590733
27924174
2363881
1108078
2
516050
1
179303
160203
14498801
10851954
12419196
2044495
1
34271680
1
35864326
6981075
47389431
8581518
1897519
262103
10
19967
4763535
1964046
23617558
2697
18538
1
1116
18631389
2039107
1109408
9300
1
12030228
26743
239
12255807
14806731
2386791
2720485
416715
27482127
2681367
1
6203093
17846746
25394395
30310215
4698283
801783
33607265
1843692
1165225
13578313
5747257
270
12088684
10600104
4555136
1397583
6490440
1004813
662011
1368233
16752900
18261673
333112
1719134
21627
1504621
28465795
5999408
115587
2349232
1352508
10635332
37131882
1810862
180472
26834529
1208049
14163675
2581511
698
23996635
2062464
15316227
3264699
9318225
1947486
3597
34
222708
14966694
8301011
17581865
3357767
44188592
1210947
36184527
11937280
86495
24344995
1038866
912311
190425
3202
213717
25490777
43913773
11864773
287350
25639880
5990363
21284075
1328677
28576489
13586343
26587663
30198716
1924869
4576
1
11891391
22264
1031033
28061404
13079162
35030263
33276397
6005926
6967
5142932
188466
22938940
34722985
353919
80278
73861
16176315
21858
5543193
1312452
10057133
19567
6420
1064352
2439839
3125786
16031565
15418292
17724520
789025
29943613
14298804
2248423
23573839
33524357
13833667
14188542
3269259
6402585
47519436
27042421
30455391
1784601
5440
391936
8936584
3897275
1
1170518
1821
7893
325672
3887040
4159264
41715106
3263649
2191470
2983572
2
3
3531187
13526876
25658078
3405663
10518724
3041426
21682507
6098
22931275
13275803
100446
20324683
271317
36311
28057152
42211437
13993
23323935
5959678
9591164
24984
42795980
32180232
4400661
1757249
342554
4344222
1749873
17697194
23093669
30367
12025487
58772
20221275
463457
339874
3385145
1
3741390
22274931
14130892
1431504
700324
17209938
2269552
3266709
29830187
5179004
34566007
100190
447314
6222878
57745
2462890
42224798
1857073
62528
2521596
8659855
231217
36932947
3140714
244299
120268
11328029
237
50658
1255183
866
1
1
2263
41724866
14527
127969
5113828
7151265
25331478
28574604
8893578
25699227
1462058
19485512
1411210
2510079
18914175
15935889
1218888
3413677
22823635
9847
4343044
1555645
12363
3615589
162923
31511473
665511
875642
8773392
3433775
15238195
31188149
11205
11663
10753140
17362842
15768612
2187918
3360125
33874762
406595
8187853
17084012
10844
3141273
160592
19382041
2933733
31064498
35083176
37028746
10132
2210953
4537
875674
18032698
2023666
30106383
38371525
129173
378858
188
241
16670
913032
38688556
173059
4131
2145166
11301627
24032941
1168062
233800
35570
45606478
431859
1076743
25878840
148782
7181777
3624177
13517028
12338623
640628
9031
14091236
5142168
7976556
8908
24990536
34418754
1243
362024
552577
32136523
16762964
24081836
2663069
31272953
2409188
116492
3483702
389568
28895265
9
8062972
383518
1305520
26720968
25524606
20099
1828042
2896877
24099184
311316
2156699
214580
329005
39021101
8535377
5062821
237755
34358497
3480480
3380839
422294
632226
207666
18166497
3959061
143
1
8874763
4891151
15411
39555
9666345
12958391
3193947
6888272
48109848
16430939
13790771
17794739
132772
1680872
13937352
4023517
3843630
12314754
2465619
620
9735975
16355934
9341507
26531161
11755036
66
18224758
14965694
12042648
28971082
22021934
12931722
10778320
1375543
77938
1420045
18631135
6234
15644442
13633154
6173906
2039688
30178326
1197078
165655
28282200
14964649
20379615
25245
5152338
2423367
103846
6773108
33837245
16894
15754998
7591081
23867179
1803299
2768955
8584590
1890065
20115
176690
39277731
33157
18116419
12146735
9183982
1
1176661
10140
32690
24439988
62
2254690
1195246
472804
8794215
1
3713927
46511
3665879
31506
15004667
1202263
8433766
7202983
3846630
18963711
31409621
30053409
3722393
2375128
3
2042174
18931966
280640
12295311
25098041
134729
13596888
851
987201
441589
1582976
16479930
494161
1945699
18847372
10433160
193984
29085
28717749
295829
3282
1
14540172
347346
1586034
1
73965
194364
18902523
10726
17588222
43495358
220046
223825
19315328
781
15205800
13361576
41279485
33793331
283
17068848
25962136
32794783
27130773
510
35083395
3214629
15001382
325519
5976
8588966
853
19522610
129015
1331490
9669109
2040881
25966840
3635772
1224
37007247
31379236
4245046
2762369
36452007
12600113
4213
11051
1
9057362
2844307
5348887
11904516
1380152
7318749
1179627
26305038
47352738
2260228
128845
2247802
3422536
5071582
32550019
22314609
3315238
370238
1
547837
12862520
426653
1472298
17934489
35
1319506
775131
7895506
789939
32850407
13394117
1442423
4137548
3557001
19623
197480
2168
58360
7586730
19655181
33
27
40633594
58458
2690815
27026202
578681
33620866
1
20890673
18716705
1716486
474193
11639898
213508
14971990
1782954
30222863
2951034
4823855
767643
25473385
28489883
26339960
23172465
103087
1620265
986
23265609
18034
27713850
1106665
1429229
21405163
21487948
232629
42906760
109902
25076739
9294250
26821
1041
20486231
1863365
20143680
12007741
2035361
14072394
11
2804436
5947124
2786594
2525051
13732975
27881159
8844423
4439872
10439074
118497
37269155
2600897
21644867
19245020
4079074
1330943
27426569
7323365
5625326
906662
89837
44861244
14916561
3409636
2476
6653108
1
537
1201860
19948280
4574994
252
26010582
438613
20681
18862
39032770
7726139
18
224761
1
14660251
1340595
89102
1799154
28690333
1993722
5472941
2103418
1
18163543
24884157
1
50434
14412083
2191851
153
284
2009452
231851
24356
29420
1
25388356
211
1360954
2117127
21675085
30060920
47030014
20956
3986969
27515952
9723048
460
149959
38552572
363199
14565682
1768973
8758803
38738245
2017271
2013128
331627
43616
46332
1136882
1048
30321963
900324
35055
2729233
26298282
1350716
3171
406562
15956495
9884005
14004532
26430856
204010
43401094
143555
11367480
173125
318694
65284
4374084
13104332
1661
2880716
6593447
25644
4070308
42497105
1814158
46240396
2765040
17041936
122760
20917746
38779568
20128384
13283296
17705985
4106
390081
17708567
47368
18154350
238276
27302888
116384
3245889
987489
21791663
1032231
519489
589000
989164
3598930
28113923
20229855
34
10991
2128084
120424
5545947
1
73
278
8698049
26226858
2448348
235090
18041877
10718764
106526
1877290
23580320
43964
129072
22613258
2200
4
2918330
199847
23504178
221911
1766166
1501793
491221
1653812
2097197
32432846
2738630
6910717
3560809
238517
112847
2069
1252437
42160139
43889476
32393236
46489991
267325
66589
15919576
1
719078
16215677
18619180
42172735
1
18673451
41343205
110157
7110931
26056456
1596674
2317316
4901665
13502859
3223
2811402
202
1
334979
447406
16067680
25493346
8005905
35467766
1
1086253
23120306
5673
14806710
42780222
76921
36374348
37428903
11607936
2702961
22232152
18930093
4574214
18664393
2005245
270311
7424770
13906390
14300055
21831
1
3
41621741
109445
35393814
858148
30696471
21411404
28760699
38489507
25236584
25236511
18486206
7248240
889355
949258
21534493
1
808501
456582
1541559
3709551
43372766
5565019
3138811
28543801
16828471
750145
5389
13832078
29674
34670459
211
18194982
6837189
17662616
1097402
6141041
2225868
25386814
71324
1
6260840
2288780
8670651
33711069
6013226
792745
5590906
90536
946738
215
34302284
40964195
1427132
21651729
3832127
16373514
12939512
21116160
15187
9556
3335732
27219
13583991
150369
2467496
34943431
43687804
21363197
113133
4432108
31174
535166
5996357
19531
14917654
3433524
34094982
32104553
254220
620172
14739760
150462
11889
823445
5670580
244611
535175
3
13240856
18532728
1393049
5381364
11032744
1288801
1
3378724
39495083
2225930
307101
8484
1654881
3160797
19742069
131501
904054
15742992
31174299
7961350
19370509
1099368
815473
5815377
10152301
27968016
1121598
508770
3166099
14481
39066578
9731611
2287686
4264447
169976
1862169
2547307
1985777
2570108
91745
17437
34413740
25524906
2860385
16
26738644
29502923
13285477
1
33740033
31149614
485445
35534214
32484
3979
6710685
23086
16097505
33790167
3148417
188866
1442136
4495955
1
16770236
2372132
2920274
20302556
438601
2286980
1754514
23303644
3975
22565772
20651
2025673
5683833
17404239
32579916
1963930
9642
183554
269
10535532
3680698
12658238
10805871
133887
2359723
956393
31068458
1
20677088
26361834
19291746
142279
25478553
3349349
29208990
23339449
21462449
20174043
244671
5756480
15084
2855484
11128761
31988954
2705797
23388211
1074284
14210288
36294
26929893
577063
6808439
28439537
35108373
1863045
3839719
4115331
5125361
14384052
1
698838
19851771
194
32310169
17462701
2025871
19092054
4028606
283088
31408535
808827
49896
7718000
13709180
77108
1
200746
43579783
26674696
9993154
14384491
11029674
8607216
515966
6892507
1036
248800
416077
3514792
1
1923347
1196996
2835379
1381034
1287122
4732588
12228605
42913706
22640
17401
20333
129386
6581303
3511141
35100504
2665503
33115
323
46082952
15208262
186960
15960254
11723677
62639
162575
29062
3256851
7795966
33888863
28270629
9640967
33570
1720
7226
1541327
27662566
4126944
1360578
1302096
29841
9967776
8480289
17959433
27839
25185029
32581131
3137711
10446213
2643974
218036
2753051
1296550
9998704
24358620
9728120
975419
934418
21
1
15532122
10607143
68603
546
978665
236027
19680
2565442
12866595
910898
28682245
28543924
20745
1012434
334113
46444648
32460607
3234092
12937667
386882
42887973
14225051
930
2012687
2091678
28095329
5821737
3
14747955
38456826
3812006
1038098
42868520
2422334
24296834
25431527
1472
247942
1618498
1
17540299
24354812
1439939
491116
27388844
19818771
23688792
4522502
2181416
1061467
33433
1858364
13539503
707855
40139930
1
58
1
5652906
1
40204411
2327429
16920697
19860882
20678
24428100
159958
20662
16967549
20038419
3749621
30215445
4741073
48497233
32984040
19011
35618188
20399125
2678
30906890
35226671
3439771
1
1
3253469
50238
4628399
1173796
30856
3199152
43375205
25518578
673
361269
1980381
22635718
1611471
8002463
9869240
1811013
170538
14517
21943857
191026
22373357
1219610
2644075
1163906
9565971
360639
70
20077
35756510
2950050
14755713
8685344
37162550
1
31427625
450
1152014
3136177
40892667
136787
63754
426443
440459
6211512
29773372
1240646
22738458
3908832
2734907
7155383
39430968
12024980
28827635
8790297
6815598
1
11006640
2459230
12387489
12755935
189
144255
29
43011605
44
19064122
419
1
4132729
21663555
4989869
19
681788
652770
2346816
1
22834915
3243166
6037720
15947835
156518
190956
322739
32012836
44137713
1404
1127178
1013120
8709441
2566915
2881470
2076043
2158300
20890169
110395
4361752
22622380
10322697
4884838
1701
1455074
997
2961584
2682182
1
4397959
4201462
12684974
28517027
17996918
490541
21326422
8370880
25079730
14909619
33677221
2772255
15957726
17696563
8955487
7376640
11285
13752309
6712
628845
4701953
1944931
26410
11505636
38170
1
3943015
16048563
10507604
38790207
9929520
3130878
24909083
26210
4126717
37376896
158037
873719
22088885
11073769
234002
137100
38338404
6718653
6076444
616253
2069339
47820
18636094
17665040
136204
883
229493
43755
18755648
1004308
961597
14717375
5522308
32587168
357711
12695091
28657
767048
2221291
27426
368268
2593618
999
11263533
39990888
18414825
1
6702133
1439251
26767264
336903
1526279
321886
41590350
24083
2791
1743
166501
6074007
1859243
31268
2580
17820558
169147
13624882
6888526
95746
16716
294543
28399598
16916239
3241598
2
364158
1634813
26897749
4426504
50487
1
30346
19712987
246843
18824656
2228983
3353349
34746441
37082586
6002045
289617
388491
4458372
24102280
27499921
16919004
29212
20707998
31429042
31722
51164
17899554
1747
44665063
1655887
1007622
38372
3847965
13189735
5664921
466393
86458
476811
731212
29377036
29622136
18546095
2593678
863
162565
25520738
1854705
402715
971250
11096263
145975
8740592
18559696
3282415
18558815
1929770
196481
14648462
3197356
244646
213330
32994148
26256993
40660420
24790187
23681094
4500
235992
1654
21336717
10732769
1
20564648
32651912
327281
570716
4482091
6161442
309289
1322
12171891
333114
1738435
44708425
209311
50052
2672856
35114905
13741039
109578
468907
40706201
228618
17329262
68223
3207523
24028070
223710
3563713
1448395
1223
5713635
8851265
215
817473
14998939
1
30329212
21825940
1
2635600
13818228
5227
1
10684128
224665
360
17841
4688453
26822724
1
2351
29126460
3226528
8569985
1979856
600127
586103
1018018
39926496
66051
15994769
3178810
599
3473105
96267
9613045
12141717
11503446
1120751
8166322
2502
3857787
33184084
2886679
122541
32441782
1
1771
2999317
2008097
3813800
28441887
12
290
319
31218397
12145150
319445
39527
33617419
35915902
12193097
12736958
22448280
3351824
2102282
43649836
3735944
14477
11374
70639
1993430
29291386
334996
60
8529582
2643482
31330961
3511379
13556446
11327209
1
3061
12727667
253642
27173
311649
3140066
19710019
2071264
4529470
1
22819408
415555
119219
3175
14073207
40736559
1012669
2810811
21971
236297
41568774
41069755
332650
467516
68953
393796
39274230
24975925
1764386
22107
33022293
3460604
5815392
2548122
8478759
10564946
789767
1930474
321762
11709116
23687265
29
9126
35162901
25715236
1065696
40694238
718052
1791020
230262
10969224
570
41819
365281
3063859
730167
3153741
12845657
1
4072340
4088054
9022
3
2793051
13482
13425315
43792125
22862013
833557
5419
1747141
22066937
337938
27984122
7428
38329720
15042749
474060
10409075
702212
4206021
1
8783632
2532765
1354911
2748836
376447
204660
10775416
2477035
23738
4465171
182
20761233
12206077
279257
2077353
1740516
46398
27319057
30902286
463740
1
3377941
262259
1430525
38733001
1247
14691811
2451833
600609
2293032
12031137
16992028
765
39146803
203
9862323
42251702
938
4229308
19231465
22154080
1427242
23
7566535
1
250809
68143
795602
33695869
17868
24166017
269
18115795
129670
1
12014325
621
11004347
1003689
29248164
336
8588705
10375364
3391906
37103510
16842552
1720540
19074648
172904
7900
26009
9516574
23645026
466875
228228
134366
26073422
5156327
23241914
2204
1
30573533
37627112
178866
49966
1969348
162111
39281268
7259
20687145
7888144
2859174
1
31929205
26691720
83212
22952783
22751657
362497
21799867
4036251
105935
462596
18358373
30176157
13450465
40952
24789535
3320857
1190990
19422333
27673
260
1
18522066
3025938
19978230
190218
30022905
1731887
45657632
191011
27938409
4515691
22201149
16163427
6114572
47816415
39756674
1
316830
255003
20310501
2485067
2502130
3065560
1282214
18581663
9739941
295
2454780
32781574
369178
2964229
224074
1269596
13566780
14092952
8741
302901
19789578
10154478
348352
32038580
29165
6923006
7415901
35815679
14115824
120183
23273511
1395872
15038506
14064235
1941442
28237114
5526777
8175664
14919003
3095738
5317866
20330
1160584
2
11716
3
473017
24106699
117440
28741586
309220
1
11680428
196412
1306971
40146847
28690767
2707262
1065553
2562569
3212130
27712
97007
139108
1524257
3814885
1599031
46400931
22305068
15890255
317915
48642
63203
1536738
13388291
14824637
21020
665709
2921295
973056
16237738
29372844
29704488
164556
8857
13934660
33736749
292
2401
2131247
2634139
25109542
404222
3421853
167340
14317629
4249001
43574033
4384004
10
954852
38428194
98629
6036
196506
3354341
247031
33628604
590398
1
35242424
5
1124456
1536
20603537
2769811
1683092
103125
3965122
2080496
4919455
24373735
20051690
38776452
25089332
28879506
3857764
158336
40443470
1
1522964
24223
21
3932094
17069
2994717
326737
1070804
37073227
62781
3136317
1414772
9151352
5927660
30959403
319990
9006147
2595230
35410229
1610601
14814700
896
11633748
1331799
165387
4221912
1155540
155
1
44811102
111147
1442894
236441
19351654
29950414
14039325
36679264
3901417
30541367
3831083
1380003
46285007
2054009
577694
11009032
5844978
2328000
657840
833
414
204635
1274122
61602
28614662
178208
25901305
43104768
45776297
4003729
24624782
351376
15081968
300615
34665542
7620688
2156
4464756
44884131
39278134
953065
286090
1
335531
2209036
1357527
47193839
23536174
262
124174
75
38898242
21132062
36585260
2222
2358957
19905364
90240
400
24526444
43653284
3847093
2263471
1193
17066008
207990
12453807
4281778
13094099
1312931
48722350
17
20447238
19365
16921252
2652157
375102
18804944
279693
1323889
10373163
33383508
33569619
9569481
3615544
19464571
18888750
3310
19368292
443840
1350980
1981796
471501
18955909
42536820
26705695
14232446
364135
21842013
40315217
7429297
7092495
162399
30471
5418052
49222
280232
7567
37665
12225411
1
17229196
4137776
18666469
19207515
64046
25
7985088
3134998
518651
2750794
21015
1835712
703340
22095568
1619697
69050
905
1717303
27812201
209
1
1434486
22393011
40369497
9272230
415
419442
1
30770647
695572
11249744
3
6459183
14061001
39771498
2093752
16996
459385
8364372
44951
21075470
30949379
20187529
451573
379014
4303
36087120
208
26010
1929536
24097015
2
5261725
129606
268745
9967493
197470
5054160
12150065
2125745
45451389
456998
360317
25463437
15223
753112
1
2043136
41086342
3095
376398
22240171
29587319
10548212
1
36998
4461664
8343997
20526974
34859639
25486332
363646
596854
18088662
41357329
23453808
1
29983237
2876475
39921737
94175
2543130
15492944
1779863
11381060
1200723
84610
796
4296
455568
35540717
1577603
30128726
16412599
2743549
106718
7453
94771
1974
1177636
25712
6071
18085404
1620600
861833
13878719
9432210
31
15648578
1585636
6
3727679
20605
20463409
31945
26276653
236078
17162504
49978
23191415
57823
10451630
2605517
3543710
23968976
1
16846880
37919778
1
15930429
10734726
171607
75944
13951779
167767
3134302
108944
1902141
893009
12521745
365968
1078904
41559429
6533745
21729413
3528347
13633133
9388542
1
53077
109002
11980
1608572
1
628729
1222779
21399881
4202773
3529879
4993762
17783200
7849390
1057862
1128401
376
25594787
7631533
5357180
1
160275
10701675
2591
23217
1135134
25351317
1364288
181700
194
27730125
15546867
18027263
176579
2
8051038
3216217
29157
23514645
35166075
32545010
1
1721180
10443899
24880558
37308592
11641362
28347837
41312549
11884773
44421655
12612083
1
1
16150375
2594309
32418953
5848341
34715171
293333
1335042
38485276
19869794
3687250
18173
4844482
5338491
320203
6885
3931553
2267355
2197465
281753
14532
6619288
19195537
892351
7020951
46975730
1547475
41923
1
27608796
11640
1896138
20391874
6822274
35002869
1
2880700
28158939
20650534
22433576
46521
447158
4292
1713257
23669425
2354
5280143
655
20272643
13952035
37762665
41897303
9854058
400
2719729
11255
1744105
13316567
142194
933588
16443050
288986
94790
2084455
16138816
2839911
15857486
13019
2078359
21444398
3700865
2
2905923
33667622
1
1407241
1
3946200
373007
28793014
343805
1997483
27933392
238414
11008640
1188682
22288767
1501753
990218
36026903
34184956
250670
1947849
7950
29306671
1229
13766439
24392328
29590833
18033606
12250915
237349
18736748
6952993
11931096
11824
168951
22703315
25811923
12704864
57840
38784593
20269
3273380
303
2048916
2009396
20135992
40054569
1935925
45062105
21106552
6072607
1
37251173
3092055
640266
8230458
1811194
119
13439187
2927496
15795941
616847
17077366
2002529
2790849
1
43362305
9362107
2419955
36854157
33394201
5762
10003832
1211959
7809790
3002322
888716
11410
34699814
3329296
7212696
25845319
21901583
763
3422742
283830
2844162
24381
124
6359236
5676415
53747
2253546
373255
4097061
264245
182950
265917
2745886
30
247771
1507515
9456342
1
18795240
4042
28768069
18515752
362049
1134286
81354
1981705
8273107
10157179
8409286
14329067
2272667
10093693
40387
26894965
19334686
1931036
36645157
1
45657280
13904106
1775992
23133
1941098
17127686
13608075
3172171
1457897
3880074
136425
1029654
1783900
12
23186745
229687
22447412
2279211
7807134
23804157
47327
543056
25027885
41208
29340944
32166427
828152
18168516
206717
1
1125666
16757
13802248
18100447
2267903
12689433
1677582
356068
9668489
18137
37178131
20908253
49674
4091143
1713
106737
8477062
16456097
25073824
27002179
2140314
125386
7354684
1
11680145
255
1151006
14029795
7555692
203636
4325812
247
378
34778371
6352132
224467
1309613
2577869
2446375
1648566
28520982
239
764670
366593
7387
7804187
20729
16893760
1963183
10464604
1455956
615184
111
165271
1238664
1921133
32321656
253607
3665252
199594
3644464
582724
24793
2205061
30389
15026574
3499230
15078761
10040819
4591361
62754
18912514
6888480
38294
108
17381052
36791652
6452566
33045033
4444354
18027
4568636
4466783
88476
34781363
27291727
19169852
1
33207
27824560
24211
14282511
27248115
1597501
369237
28862610
6895482
2855415
1
1462912
1008333
28575188
18181744
1
34225063
1885003
16694719
956577
16920898
23554329
34421
20880166
35157
409385
7792058
20881898
4
4265394
37912206
30015
8561081
29655242
15891287
28732333
32139989
32014716
29219170
35165669
617236
35680298
7864735
4512067
112062
294255
22702590
524692
10469365
16582699
29580509
263429
43808136
32793702
12282318
3735526
13621149
17853786
117999
12776538
14087304
32799335
27461583
16143328
803044
7104
6223666
34366
40939610
5041581
9687672
180
1761665
36634796
10904013
162838
29468216
4118746
355361
6468309
4650
40649392
294626
33757760
260586
13846795
26958296
21632487
13635
5808287
16620474
978607
1288483
1510778
302551
3216091
6915049
26927806
3292979
3723236
1815597
5057993
9040521
6905508
29573451
748597
4224158
41582437
1
3325803
2278177
26012045
38848694
38070403
5
2477830
109627
21548201
2909024
825466
696
1638477
3066010
5111
22767344
31710247
19562551
2342
12222729
325277
4881334
4461342
19677
97393
1
29373995
424
33701
16660838
206
1550469
213862
2857061
8162
3932459
28649242
1165446
2930663
10913
11856
35
36507016
37777519
29444760
13120
299778
1910
168
25514528
18124212
739931
229237
4715940
705374
38063
3969032
18538226
2561743
41782838
988746
236259
3231396
112670
30479510
26599199
917015
13158
1783379
1724950
22050341
12052
2132084
507472
1
4849695
2610887
2382513
1896873
38761422
2794428
5396
26394550
39057363
32584989
42010233
31662359
78832
1668074
3582728
3479796
2298501
825647
44620
1998625
12953688
2521517
1
25758690
29659
192490
32144713
30690641
15680434
165932
802748
1313283
26316231
1960575
1
5682741
1910807
21638
3833827
17838828
112502
303025
40729
114058
601637
1297657
6792795
1286250
18751155
36424617
1
27817125
653163
35901576
8841586
3131558
24358800
2496656
11173
12570773
306
270611
20190966
63646
1099843
1017477
2871
9600249
32727989
194
1
1795622
239074
8651823
8832
1286
292
42476776
32773525
14155293
26129495
3589737
367719
1
1034809
281
2395155
6033150
2
1954781
16541287
20353857
6933042
31659443
36475275
2234
31659900
415715
226663
10879463
1
9595354
2
2327
1096439
878442
15137203
370946
26249980
3727515
19146535
21259796
4713169
2318357
5179981
2117
9971302
2642434
16534298
996606
12456802
23841290
1
18288
14715524
9523560
158781
23662045
3386184
3767372
2819446
88306
12707
291582
1465430
1131050
14347454
5592441
15297167
2546443
20254942
10180220
15120658
5880
24108
32091367
5936127
2828101
3832917
46409829
7617410
3893412
1883697
8579181
313872
32186211
39867
15880
28578723
27845075
5494475
4394
19872515
2175123
39020426
3050
437764
1665976
335964
2546622
29309548
3955843
2826557
32805182
7689728
7007007
26745159
36668718
11503456
6052439
1808311
31323031
3390909
29153622
21031640
1
3664567
8794113
333132
12418
329
1
1
37038252
16448248
32516649
331515
26465
3216764
455896
36859022
15754895
1600
17527584
1850408
105876
5922786
25555
3259
3838760
9761391
1727162
102045
24761730
40531245
2292839
10393749
1
22415989
472390
22112675
1
17682854
23055908
1
257781
22762
3131474
3698162
4205793
8615
11937655
6364
3525
16028691
1343
4481643
6105383
1722
16346546
61548
1470716
21616213
37684786
41079015
17706
2889453
20274759
1203
14234
12640
34742638
3023571
116190
26381582
23472
920116
21548
10684
1
2446
1
39355909
3952186
168184
1
2128913
11789386
24362
27780876
22582496
17392
14969996
3022129
22457024
30486866
3680927
40
26478625
29566130
19854918
1700352
12645744
24325523
1
330
44471
342397
201236
20990523
1
39261946
18609960
150233
2040496
1
6963570
2789266
45641994
34363132
16892143
407
2591937
131673
13684305
1532231
113
220186
20312601
245828
34980533
20441828
942053
329295
11610605
5278746
413894
10131753
42699746
210
42733915
17995681
35810439
4205511
22604613
5455
1222
1
4416066
6342900
408972
2469928
7386280
1349361
7152353
6217350
2246894
38376818
19052327
764
1282
441
27796123
4889795
2576674
61843
20918591
15124938
144
337203
9331
4701536
26187
2612226
3439
109199
10733280
1615679
15380249
2026598
7261906
1128145
27468
21056351
2512686
37417647
901538
876828
23628846
49969
1
110520
4723887
5943265
19889094
2484342
30768703
1617755
2035
207
37514975
1017631
14635628
6022282
856149
2784101
12511541
11054888
2189672
239
23687
3324581
18309173
28701257
500259
405977
2384583
3810411
885369
24593
3398997
12340987
10996
197127
3003
119188
96572
13388222
42409
2010687
11529811
19446
28906338
4354780
32316899
14805377
13348847
533796
9497172
3799680
146595
28904488
4705117
12746731
30762268
27225964
25264
3338056
5233604
4714964
4412756
1
3414174
1667872
3012923
12001738
2571002
8172010
12973380
141410
7654194
398007
154891
7624367
39358836
3932869
4156722
1
1578354
2707689
220
852
8796563
382174
2952327
56563
46061865
6700724
27868259
29418396
100831
3331151
2275089
39529851
296714
4385333
21809072
2104068
1078377
336772
1779683
6255677
5320191
1976907
196060
12272186
2377253
8105725
24981314
4555079
34131595
1068692
37586347
1
747586
2929937
136
23259705
694602
25835228
559687
36513323
17924024
9426538
435568
3644209
19234583
1551
4057527
1
994741
291990
3298816
6775862
7772516
15241798
302100
350224
1605778
13364
33034546
5502258
43207619
37549779
3132706
11103979
133
6071998
1
1
2132641
341885
9930793
1894963
226754
17107
10014546
2093428
1177
28504823
2179755
2946578
55676
30963119
288465
3803570
902226
1906565
37251408
13474422
4079682
610006
1956499
100479
42659158
12965197
15623937
2
37040134
1
19934
1912582
851
62
3929329
34670206
21300646
11866
15801226
30578414
2132031
37701801
17792969
35163881
1794719
2120076
9796048
38568104
1153966
4005788
35173266
2232070
14355538
1055236
16
2930748
2310399
1578944
806141
6105087
9036527
10320009
23661901
26692089
1951552
35180916
27319951
3901964
22042908
1601922
11862020
10992
56242
3078910
41543703
2397
857221
104
24515791
20449037
17260993
40773
24706693
1
27773233
26911731
1898076
21715477
2835
798454
2856
293601
261072
1
40167664
42685544
6273592
30941945
146066
345409
2582735
972710
2404720
23167931
19053874
224
8241109
1497286
2436236
130345
49070568
28936313
9085353
7748435
362430
1
37193113
3320351
802702
1
148419
282003
2111231
1
204989
21112232
2486541
1165470
1
10891788
11432590
9795629
38349321
26276487
3711019
21972140
14284284
1
3232743
19022811
891406
396952
291444
192499
1
1
6116365
1096
13023
23391879
22635355
264297
810701
1993762
20898418
262539
2697499
11648422
107269
13944775
9852802
35359
2996787
190988
12622624
54412
26753688
6350531
4445
38431955
2544605
19906133
25773025
28127882
4833607
18380636
16
262121
3182926
553741
2816260
148719
25857633
2818
513686
2029045
25008387
27946864
1
46
104656
1168
2592095
1557
22987913
110335
17518034
7444
10671022
856225
35673
4244451
17636527
2130125
4215559
10773742
12974493
18428138
2626195
2492408
1278894
415554
1933491
18388570
36190
9853
3001549
2676329
2723096
35733021
1440002
19192481
8037
3110
23548260
771
1
17870080
9639979
1839091
1028
4777601
2095402
15131496
1555138
47625968
359637
268215
25341809
33287642
4032350
1
3556103
46995379
20648782
25231
827483
1122773
173442
259617
1
10959709
45844557
1544792
388
1
6336298
249532
24794930
22844
15595349
25917156
14888022
43802848
518251
7584946
2793376
1232526
14259369
29229181
4459255
3903913
207256
30769723
1
10105908
3737832
9585371
3415309
312389
8764239
11358511
2051470
456753
12953515
452066
507719
1655301
8415
2038
708213
27923
918323
8326933
3207465
39066994
250054
8164753
27906892
9837664
8390579
300314
12262285
997
1620489
31062543
9235175
37677628
32767534
4313792
27316739
1787596
3811514
4395618
30304833
670105
468979
206728
194801
32449834
12412870
54524
3344496
25810918
13202646
1
15230078
25981066
6415687
714311
2778
2301
5157669
11802623
29684965
24605294
42090353
4073937
456364
2350
203097
19369
143487
44220829
31078
2169698
1768828
26734211
6596499
32512215
1043416
1958633
10554908
374943
11208
9125532
305515
796748
35616104
7283510
1359088
381942
15
1
37864907
2317459
1337646
18568561
23168611
774204
1
3116334
11962873
6634203
1
1225108
15
638123
17272972
22745894
1660149
11624687
21995530
253923
6404043
45287009
23955574
1422461
460509
14037
261930
3521864
3471183
27467659
1973406
17839430
712037
1
19500271
367242
807430
289636
28609
9039195
31414787
2058400
27575
213242
737
1595192
316447
482756
33
104710
27347825
25585067
61552
10544374
30262448
1
3355880
24535563
8995692
2367661
29109823
2729681
3406078
18012
36665634
13427519
28498868
955
1044222
36195915
34307534
6598428
23379
7838141
1358043
2358195
4544067
36796847
12434209
14236
93064
22427782
2517511
7338042
294717
14362344
1052209
1
1758565
2903852
323159
1692210
72853
1614
40447246
110994
27837779
2812294
31903580
22007176
40515734
1950868
904492
8218
22179460
48248750
5816052
1105534
28692691
274162
8562560
30770015
22776380
3674127
30716
29377478
595447
3401
1424491
4130432
6548145
525198
8156185
1964011
8703997
2112037
2232
10480237
10745
12091269
17156213
1
1240726
235425
7128404
2585714
44151
1602391
1113160
2570884
31886698
1343141
362191
2361864
1
384170
234722
1437288
340770
39394343
2624318
2964
1606124
1
2966434
11050546
848312
8937235
9674200
890236
2420542
27296476
3686749
1570666
1518615
20247413
2696501
2473510
9521879
3166757
3888120
2680
25025486
256245
239
2638297
15109804
15921
19513
2123332
80767
20903006
3434
682106
1841644
35734657
418839
34324539
30132295
1
117306
1
3320246
3067944
920662
1
13113690
1027212
1016761
25492
358447
631138
35525261
7189
210412
3168485
26
27380660
1370769
33654054
20739759
27468086
227368
1125095
23442416
17094789
6864594
956727
9273759
4052119
1524255
1
2083681
4329
4457
2431252
9654564
522649
1801354
22860151
7604956
1303131
21981927
12389305
11499
365301
18767649
15454150
226278
6132390
435551
91904
1
207529
28438758
504430
1
7624393
209834
2816641
4134
898323
13913861
11218
4627276
1195673
562218
3249
12350163
30806058
20
14570142
15189678
10711625
1186159
917916
1628
349820
25310941
38675192
26298373
35152846
310566
44479
40598925
30125
6857999
2889115
1619123
1
156816
1372413
12006622
9171
2930707
267665
2605154
62363
11084945
5527069
1
1587324
9681318
2445415
3632516
818905
12540441
1781854
2935458
475304
28
31447387
1243111
34069515
38744516
43015580
29852791
3721888
9824370
36331152
23022755
2893956
28415325
3281
28365905
3266932
2637915
5997938
2019523
4782586
29396
225917
28749550
4
34061754
42215
13
610971
26431911
19527938
127
2330458
2346043
33021107
6465433
98579
11995133
4618045
12062979
1680992
306490
9050
26311701
26852805
1686398
617202
479979
185722
12916
30204654
28971874
21588583
14290818
14008411
1031749
40546
2978200
9378681
86210
14380730
19830113
2933263
18280038
260213
10942275
3238617
15964
31752541
4305948
11836203
21429388
14856792
4165748
1
27866668
1903870
656905
29563611
34461257
305050
22973466
28461
9882949
9668234
17792
10344948
1350859
168640
3567854
16147587
30874939
1419347
4300138
12379
2887000
22958540
11323374
1490819
788378
31736225
928511
12055533
66374
4118158
2533136
83
129580
19685360
26301096
3564691
755494
1173172
950847
2391898
4251335
36870093
33517603
12260
26785393
1500071
7
15966
7695496
107646
704222
32981862
20879413
1
1081102
13091343
23879800
957396
1
15313636
27915
33105066
19853052
3708207
413515
107271
25199223
609223
1
24776603
31440862
3476036
17936659
299746
1575774
14772328
37788325
138878
16628
11384699
22626100
1
1751117
39142332
23561961
4844486
1
3259
1
143309
16603127
40016
8315923
5358379
40817588
12994262
6144408
18620744
4051733
22232439
38473720
157
177962
22372033
28124437
2251508
400551
112364
1815937
125423
285160
3597869
3167312
1278839
6198380
2762913
117219
5558281
23462591
129
12320
22
160438
40150175
20760568
14829974
42347
1060222
9663794
71
39845123
36
27834854
1214862
757573
2393926
7207665
13207600
1582705
1543092
5813862
193970
15546157
2900372
159
277280
149103
28593673
1473284
2308126
17039279
3399560
13183085
31597773
377041
378774
31365
5625515
340
5877474
164241
9779200
82292
29647713
1179464
2560423
13409248
27728244
1
31619348
24382560
1
21147299
1
41522605
24013
1
2743432
7136790
42602756
924436
210632
25761239
6751981
24695872
18402
1669798
1755
257424
950943
19265123
7657347
3667902
20532147
1
1
880138
14446315
6025789
2354764
21482662
32213
19549389
27005612
30874866
845735
5192251
37775473
15177323
230071
2317617
1229769
13165053
24657
933871
7042494
69772
13436256
15802630
352732
138877
39367416
32532445
21942690
7004918
667396
300180
24973140
8109938
30190
14057909
208930
14411015
230782
2231829
99726
2771975
25240
3423409
258338
30961940
1541522
346866
1
608946
16689579
2956997
15278263
1568325
1
4585029
18299274
9408728
32814848
1491031
38907894
1
12749599
2559702
3201501
4093
38055813
26786080
398566
771985
42309130
18696105
2602220
33994
12876362
231132
2256142
4003579
1
1154193
21930777
35118
24179029
32220607
2965462
5868453
5595686
46970673
10567012
21046247
7890127
48877590
16949730
14871490
4527420
1
2794453
2897028
3768850
94
121759
21273332
39522840
21398625
614830
4054844
355664
28462718
3376084
28550
30791
19415136
14583141
55712
1172299
34059200
2848071
1661042
16673698
29831985
286384
8342966
1
12771546
1367664
19623818
2454777
422566
5920526
1
29524337
24278162
2733941
1766422
43006972
25375367
43589469
17277946
149159
30047729
5842029
16419739
1881711
1329
9129006
14527736
396207
38161
750973
1207361
27376456
68101
27681476
17958848
39225183
2028662
3209589
9662651
7711417
5
14975
8839476
326745
16436370
14509019
20913519
8975
1694892
3049085
4073805
36308385
66331
1448827
5391428
10140609
2871044
1134034
38463795
1
13673
22370434
9982320
7149266
19777705
36998854
29222
25598757
387028
887284
3845977
12698362
4542062
25158131
12109217
3561301
14086470
11006608
9803
428284
11785670
10842088
2817024
2628465
7055
412779
11145270
23881419
20068963
17579708
68689
1004123
5000562
15344275
13559776
2
8168676
4229186
164219
23800765
71006
18861125
24783
11398148
4018336
315719
8872663
22238524
177908
30327687
303549
7517202
192094
1
40694639
232300
11471811
1617485
265756
11895479
29273556
4032380
1715903
10250812
22157186
236
247885
18175388
22722335
27729447
15697143
97349
16081418
2335799
365062
201322
377111
13532575
14984549
44
4220
12306
78297
4455255
6867361
10942222
141127
20380037
12848370
40034
1314904
1096084
12764470
24526315
2311529
1059588
1
5449266
4610553
7732630
20701780
21933795
20416689
109555
126422
1006549
43245767
45992
45245491
39046529
3057715
18045693
7552
22220021
165384
12441198
1
18951696
1
39807
34107
3607482
1860279
6348
1903001
247183
924174
42793232
3829535
34025
48269039
1
155
16819243
20273502
233213
121408
6285268
34578880
8170042
23862683
235202
4046803
35520109
1060066
86108
22647974
72795
10124567
19455244
4725807
197578
990
11170641
2066286
1055651
206495
15600928
1
34800095
346425
1
1109462
2925677
1258176
24239242
14326057
488339
724454
17973734
1186
1844007
18209848
1
20711376
10749852
28918100
5975568
24362194
96508
19573105
14130267
2460894
8399810
146673
2306972
11656743
1
1
1868696
17027397
2421025
677249
2576425
275
3201692
20029990
27542252
46041347
33200823
10130262
50451
6600914
11341895
36996504
9393329
16180
45046666
9123706
16783874
1509386
13349163
50178
35887683
152787
14894086
31869589
39404587
2082414
559545
30710694
31247573
1
10638269
1
92496
720596
24483135
7343210
4340577
1
18931972
12902989
682
39467599
429672
4002
193040
12751154
359210
29017592
250812
2207616
22269339
5272668
2323994
3162843
209331
35718294
13457937
3196864
244574
4995659
31316082
1123430
1501
805501
3173628
314660
6123607
95002
395759
110955
39
1126134
6953792
14314669
10876
14518025
2049765
79839
1155234
564368
177
7163342
1
27154317
3130311
616
2482966
4138709
4344387
6959450
291384
18637099
1810662
3185797
1
10130598
25314239
112835
39264
91442
653043
21060463
1893940
387894
1846136
4532837
6393030
20390930
24480066
17086026
26007
1486140
3449443
41668793
29032718
1744
18315352
5
35237031
37628430
399834
32044352
410078
39
66878
29098335
14728789
3
372768
7006441
28109300
28245392
5534
3714526
20480
127829
59597
397817
13146822
183324
10767880
17058988
175
2447288
42911012
171407
1007550
13212920
632698
39534910
1
7842
146874
365774
20557669
1792581
289760
3995205
4848073
15434348
13497513
10955590
333
2003355
39434149
589282
121042
234471
15299453
13281
3352831
16222
434431
186791
7705886
1115
457231
740956
1727126
7940470
3230673
3671021
42187697
3023
4221975
15347508
1538826
1589038
6209196
36804381
1583869
20363461
20519
45690787
4184960
7013241
1103506
29109748
263145
2075272
11505090
30467754
846981
181175
22510062
16818660
21713
710879
4497480
2266761
5348767
1896410
27948539
10141131
1093
25838859
907
29711493
968588
4285
39264
1
2750159
40136760
3500943
11987664
11682369
1603503
2979866
40
12490819
17342792
40659984
16787428
14172591
292664
1121443
30171221
30728483
184
15692350
135405
1
531423
1568073
403717
1708742
120
5192409
31066675
2486338
356621
35808224
2242692
10869
6636322
1176865
2674614
2269670
28549188
269453
25185914
95691
4008855
1502236
30416813
2689107
28465319
1
678295
2100574
28073642
16
1777737
1563270
19373935
184939
3927820
13112958
9835566
4337063
252710
24751886
1
4703167
30318897
913
37076342
15297778
475395
319112
172993
20858395
3328623
660866
12366025
8704806
12557408
123302
7581936
1683987
369839
4570
3137288
49184257
259484
45992451
4025986
6965619
964508
5617765
47439851
368257
1
17568678
9308634
3218594
1725908
5545075
145255
7635016
140370
26285167
3654140
17846609
1207871
36174022
14011800
5789
276880
7744993
256619
864709
10985597
1810273
18876456
172
1805562
2546
14603141
3722959
5998110
16709701
285152
13781118
45184159
21066841
30274066
14697578
12255150
31368381
24738241
20462730
9185945
45141102
4630045
7464520
13259051
1556691
1622905
31960849
36161
460410
416063
19174346
34431810
166480
2033
642
425735
1
4061583
10045162
1019568
5155440
2159627
14863125
2761361
43854928
9832886
950
4796316
1328
21719822
1052613
12991220
17909731
22374669
11645883
26269975
967245
1
432424
2127848
181690
37054568
402
45226460
1
1686165
26037572
2156798
29464
1890929
300217
25116389
19195
38683320
19719628
1270478
10998
12756918
2002587
321231
251809
199785
2569876
147245
20845283
249
2103873
698866
1837886
23176179
3559530
1
4888116
975275
16488834
130770
1834
106759
6774190
464989
166194
14386741
4510601
7953389
271746
1
28871775
18429335
33353388
9327497
88949
5406188
131695
22675862
38239
2336242
2011757
18542870
1016869
15713041
2482660
198321
168416
473244
1749292
23910800
4302855
29194380
27249815
13286228
8124819
44387619
667951
42437141
17747133
35141694
8969058
1402771
23077911
12622042
39053463
192373
159631
33673606
29528570
10828218
28252751
23273282
7404642
27922455
189008
13572960
4598466
32879027
1347465
4674
118
147856
49678623
696978
43
13436888
40564410
21983532
131929
19617453
11450
18993429
7528
31636184
2
14512558
18993899
27108747
1
375649
3231934
29833531
3690309
905492
3346905
18689599
1150988
33482
3011224
14354728
3684850
1878
258932
13387444
279261
17656370
6801723
141660
1352505
43832849
23973081
18736189
13411940
3427340
3809962
433369
40301990
8476
2174272
2280795
44413146
324693
1726136
3626299
11132675
21533
14313149
6388
33473490
20539
2111621
1260617
25202723
42143214
193310
206316
161589
28029026
175975
3766946
24718252
2368498
10207043
15192024
3039349
878609
23150415
12305582
2643950
43666917
19117571
2551196
20
37155013
3246956
1
22938131
2521506
120575
1
24124756
432322
763599
1505030
6374961
37748213
183
3656202
39263362
52320
3161675
21994828
27347124
25095
27404067
35327
1255500
1276387
2964
27496374
6454308
1
3905407
15373427
1478357
1658046
2112990
371601
384344
6758472
7044585
170
19294530
33670609
23555726
14581925
16583637
4277823
53343
1218470
1376214
26916029
31089657
31238557
9404883
4939814
26630
6817633
235684
16164261
34966396
16054369
28616947
1303407
452143
3078854
15385009
1306488
3307
5732206
1601
30583720
7700251
19014968
1816
2834611
16711149
8882129
3271
37837
19672
74137
44181940
21267643
4444891
304358
1759776
386131
564
3340077
932984
40748893
218104
1
442658
5276
40846260
8813855
26581753
1021387
1
677031
22517
19946601
3651183
26226906
31614958
1
9245083
11870197
322034
1640
1141644
488573
3501627
206281
148548
14626421
25707296
10778972
36333
4135646
41961178
17648318
12361503
14469490
174405
17483434
4209
1
2736296
9404823
33926305
2298846
343
1733478
13492890
3537679
1174
37722373
1060
34568010
29988
265116
2686495
24934689
6116604
25404352
4459762
26259
16043638
2795476
65768
14199
335312
35068
237454
29906750
1061544
12474
2404682
1624198
219811
103176
2533943
1573379
3868883
1441087
3288959
176945
19976605
58583
5009830
145245
2279247
7856963
680639
264429
207370
314433
7656
38351509
343706
779456
28605023
16669089
40923
5323161
5562414
2470775
7162542
3
67158
15127819
72334
11446486
4752325
12256391
9514493
39131
343796
1
29723513
2287050
39499338
26577860
859118
2922
409975
1780639
792
1832
22301622
28935
690681
24063643
20536446
26246685
17613
11947475
2484919
1066694
12985960
20870361
171946
2177864
33565510
1
19143
201610
68077
270
913410
2271805
92892
39717982
604
25515944
1654080
405397
7928
2498020
2776629
3027909
1926511
992042
3465888
1793449
4082336
10820685
23602446
81262
2261851
12
2005254
36767762
4931705
1
229316
20492537
26334394
21980998
37510
3
170
5364739
4329
35708267
1
30134253
3071329
106953
11806949
871154
6651199
558384
21096744
3344273
2495
9338937
26309330
44424
35681
20825205
996286
2486
18058596
5130082
6310
29550559
18361509
17180901
16067191
1067242
1886919
933
16679808
22197
3398097
3305134
1
41275
22830707
229159
2226781
3133869
25533879
1
15959
12604262
1
1567343
2397941
1793404
7509568
26955855
43977128
58693
16226368
333091
70186
45220058
37482581
35012
8438
1406155
2317
5989942
426968
2588198
1671901
2963648
25626520
27507488
3023059
16200
4458724
1
1453743
1237927
15463
19329889
12045590
6886574
2031166
14970159
1315228
33832527
45115074
6083578
25026151
1
674728
290763
181840
221124
40056018
1400603
741365
27310475
46213858
2870917
9978028
17897757
1413751
27413621
4416951
32176738
1
962667
11072604
3017644
89313
3531103
678923
1846
1
135801
242867
1419960
28147480
3892803
8583846
17787840
3555038
9843
85752
161344
39587269
20961334
33570340
70574
30642
1427763
36558023
47078820
920014
2303798
10757446
30188684
338256
32571384
9739212
15954737
4388115
329135
84393
1604696
321830
19991242
2840205
30132159
1673441
28316
3595
18631850
18110
895868
20527453
5362147
1
33042671
219380
121893
16579867
19593
27760282
14705410
13299224
20360737
12365209
8102
64079
182185
11824004
1
1802256
1047703
1355552
911743
16258
8353013
1608535
93790
30528416
2736332
743551
1
48892041
46827
954540
4282237
89728
236083
440818
15474
2986862
39372296
2968763
237086
381003
15576617
582683
31986750
16064317
26810
21143324
183
843893
3276241
16527645
31082163
300056
17358051
25785329
399285
30730181
2005212
1347
7699789
3500751
9208
4805566
863783
44016627
34933449
7539762
1
15817735
284
8903851
12831754
1877018
38091290
2843567
42234
1936136
15582047
2873486
6996505
124122
32891418
15180
913329
104789
23514615
4884610
3070234
27526666
677184
27361865
14949877
1
30108707
52
195773
25778
156812
189297
13877165
12974056
452
2585462
11930008
18186451
8187180
40347394
10601
1
267626
32484720
1990019
15519226
17815124
114543
25746374
221891
15616
13825650
425102
4050425
19817486
8223697
200165
17447947
3780155
17075963
2138583
6454
149908
18328783
1299122
1546220
19971981
241315
1092
12849478
11015445
813264
22622148
3788393
32078
12615363
15041186
1
34248699
8270
35529175
1117747
42933252
1458596
42316074
24712740
26205
123274
794
31428136
469220
5606948
57841
1
1
28957358
2237530
37757510
6212168
16016159
29028606
20530249
1916553
2362338
4967910
25406998
7811572
3301
1597327
40150
1157937
32383220
3062851
44411623
203177
567033
16448079
24822522
2507415
680840
744140
38190995
3287247
4929562
2027039
303046
4191735
26607511
644159
5560821
13907138
8211654
13701982
5480511
3558980
24387353
41156
22780
3954
17128255
23551511
281512
395180
1
206272
34754738
2263
184
2755722
11810
1084055
19720382
5138411
24059980
1763497
981743
3187279
30242824
1
41892
3887854
6326771
127
41503652
13263217
33503066
6517001
1402134
1456927
929
34083972
3444261
51152
185496
25
20481908
46674
1807622
2975597
134717
451673
1
10831422
17791546
894466
14840270
1013565
1841626
5149042
1
374762
14760890
32994471
36419
6054655
6302120
32246447
3202155
50873
34506459
114963
3393058
20750900
23474304
9781614
8709514
9165
2294471
1313
2187753
523630
2179300
13445891
24129031
24937611
90
2493598
2042876
4119677
16252634
1673873
4142739
1245369
8147141
7063948
1
224670
101
40382688
13930360
2237
881101
39872
10
1
87088
472368
72
35591033
847252
33567950
5978198
25314661
65570
22146303
22569345
330995
17318003
2959783
24706039
1
453221
11366660
3310173
1
20563519
18419618
17469413
80347
1156542
28878056
32227196
91067
385554
54229
22927330
1
287021
5
193423
75571
36492590
7438384
1683134
10497401
27
57369
1552674
27191268
1011719
967696
28057088
88092
10720168
20094292
2461726
78428
8259887
21919545
10313127
30747206
19405976
1
862054
274813
17861619
22330387
348915
23059387
17366120
1856903
5255213
234975
32377
23019
2906
1
25015640
30157863
10219821
15852728
15158866
41595
1833899
17405119
17684666
10968888
322680
1861748
35133
42177
3
3067
8273814
6015514
2416557
728403
1581890
387649
344772
10494775
53478
61179
43818229
846242
25603192
27886864
1747721
2405063
6603782
131871
1958734
12698848
672999
43
7560858
383355
2712395
43687022
17829903
18952095
2049
37701497
309958
191
15
14228807
495829
1
2888398
230964
529522
21725363
31528956
5051322
4411
1
1021945
1236414
26343
2095827
22053232
3046329
2373110
71528
2837908
33386038
323083
14325880
42735565
2236097
8335923
1
2413253
1
83623
4
24074371
2940469
1942
28371413
203433
2383652
148054
9678366
17647389
808382
11612648
70192
3324107
4667032
1196
108754
1971253
989639
3377826
4633320
6956543
28158237
2229303
1
240715
33949686
13240232
459041
36362562
11848714
47753150
111
33288
876860
32808796
233672
38941
96176
15998486
16770957
982255
228000
11835153
7096686
1290604
34080874
17795269
3160235
1819200
32424213
25095557
1803097
2495
1365711
298084
9709317
15476
980705
2096
575844
422101
1839877
300196
9401602
33567636
16753155
1655
23040
2606999
33234112
37318851
2883474
336793
1773484
4338085
375635
942455
1
3090471
18759360
1817313
13615876
242
149573
15205111
23322139
124395
10430865
375309
297802
2277042
5651364
103032
2237891
1
5623704
5641219
19042825
3956023
188185
857796
36164975
249175
2710468
18559
28822540
20456767
35704893
1
145306
224896
3298
10095857
26865351
1099550
34152543
8355020
529486
30596033
618369
267
3457438
41939420
185
3387462
45830812
34298913
19421917
374065
414083
81865
212128
13
1527745
2960
14615683
1
41506604
1
104531
16520
15929214
294
27418588
26424867
1913660
9096432
5443014
341992
1
2178271
1291692
180485
59178
3355
21472973
209808
24143
1
9245030
22318560
46048596
670
1440377
298912
7921740
16197830
2950396
15347427
42
451401
105450
11131654
1743493
15422746
1
1932
1030
1363489
344744
2234507
37499529
1106592
3866774
77443
2949090
3881494
25490376
43906796
45
3800370
21412688
11183857
6607202
1
840
20209
23909686
239479
256571
2349886
2960765
3400433
2574
1223171
17217
1
44105
58673
13455213
14908114
1
68814
5843844
12806374
2618597
1023670
10347437
1091692
10240846
1457
26779625
25899293
1551850
37666187
207186
2687
38662519
3349553
9335972
1982064
16529460
1
1
28857085
2027384
11998
27537
2001404
6853048
1490861
274523
18991037
3705570
5110
2404720
33178174
18070234
17869869
2310204
26017038
22000838
33373029
163290
6702669
20059304
3520042
157625
17021753
2946554
188741
63
579098
4272094
364348
20209018
1252748
963387
1
41554842
15161014
14851165
5551145
15592622
11729077
1871039
94162
39459011
6292412
32690060
44057825
8369
1604133
1
41804
15609156
222971
166038
25705565
295385
1618377
6405315
1
5642
15089211
3277434
1
11782494
27939
2574475
14046269
35214070
1
2160
880785
25370
47567344
24885587
27822643
16194488
1770594
3
3317044
475
6595421
169664
3259303
31906217
458627
15078110
403111
1
20790160
3917551
79121
16631913
11748970
14482
1190690
27505796
531758
17762043
3036274
1501606
12541553
24641403
1366062
12012903
1555119
17520968
2509615
11088429
15426607
1176714
11971772
123132
158134
15200780
1
2821652
1
25273256
19744870
28630
9383363
277620
3300849
32268923
3069759
20440
236956
846775
20155492
33375561
32841
30340358
237023
31980
105052
112007
1
21970
33708452
1
24262576
609756
13329757
15407829
17853271
315
1918659
31670
11903201
22439861
1
81304
23102323
1731186
75080
14937448
19205065
15911636
27244450
143413
25659226
242035
43085
29449017
38410
3188915
31
1514
3542696
198
306351
17642477
1234
356010
18210938
1292786
2273344
23659855
21643
25037538
27955415
21246854
182343
2104
409204
5843060
924259
1
88372
20114
5816432
6911574
189237
30839113
114314
226348
9341123
185316
622099
2430085
228909
3566369
34582
2536158
19956206
19128678
38535902
1105851
198161
12537258
3630104
15319640
940
5555768
40710046
17848908
295462
1
897744
21958451
21193959
110826
3095453
3978022
8413784
627961
8487
3464198
22797
2487
2878547
55579
25341168
22979255
38519659
9662902
1
222
19582743
30647637
2918700
20367111
134097
2970361
32535019
27652163
25217512
6513143
5270822
1
1
34444990
4078301
9197642
24757700
26578089
41517
1234445
5341980
183906
26324
2956571
11782
23117402
3137329
23221
24746813
447
419468
10614
9912066
10971261
930326
48502
307240
2137713
10071
27231780
585586
9775313
113815
47258
24544234
3
3
38953
18850438
2054939
296360
663115
1349357
5813109
2024
18793297
12490134
27262065
35831102
5486378
173676
782437
366304
24932364
9773
6673599
2319004
16714
2504094
15843
16268131
2760205
44255
2852935
9149791
21000
3176437
42972372
14430260
15470241
350497
150035
19545374
1
20060885
43951902
4529410
38104424
32
18583057
31953347
1581717
11156042
10688334
2257800
28022126
1183707
7096044
1046199
4637810
36728
24137474
9117
2640
1651664
3799279
18586513
26390167
103
34256071
10911520
2742850
31995802
5433556
36743181
8582418
1987376
14919901
4663418
1
3888232
414208
9085315
2291658
39205
1
17152297
20921145
4561709
91322
16364014
17158
21801
32057748
2951921
3628242
31666036
1861857
2771512
36114078
23690696
4165127
26065520
34422
65612
15914717
23660139
6003445
34807
1997237
374707
19698254
1844912
23870773
13452675
3178018
10848206
8330
2574490
24116
235374
17713401
1766498
12428268
9766564
26036
2219219
5158
47205518
7368807
25428840
3642825
37053250
2417699
224834
3906130
20663733
19197574
14851214
27494
284
38120169
20135194
1
31229840
11648627
14704160
15
12781953
11291883
9952
26109653
2857972
27060288
30798
9593098
1
1
998907
448981
19192087
32544904
21021815
31583531
5
4180764
1645473
5947040
1062750
28262091
1
11931866
35785393
4395756
4445387
43023192
399965
13833162
41085048
9080652
28045695
4
25105493
13101715
60776
21610603
3415088
1122046
25718244
26539597
27834217
258027
29294038
36473823
1
25757772
3294791
1
29987613
31739167
8522427
253374
3
309322
1611553
41261
4477304
878567
11081596
1
1
37532916
8726283
13516002
176811
18369228
328562
63582
460358
21333412
6116369
14534970
19656222
98469
17944043
322622
1
245653
304493
13972715
18238201
63290
29758361
14246130
1
12152708
1
3047067
1
1603209
25494775
12450984
1
915646
210
1894763
15972028
4384
2059516
502431
2918283
2095269
190319
1797362
15983534
881241
1899892
1
7259653
212111
23172970
19023915
24133785
10062990
14233666
17746620
2979546
12862111
1858
27577
7012651
32604276
4423
20937
12248270
1778
2954401
1219535
17354172
385819
500440
21979150
232964
19
17041025
1277873
26218737
199010
159928
8824772
1381367
1557275
48190729
20638001
2829803
10178
671292
1936
406280
316067
21223555
2266527
10284966
23299850
73824
17954871
8095801
2550018
23731584
2730914
390309
1077257
1145411
1
303470
2107258
376870
35455
306740
2663
1702579
1702437
26891801
4418222
17475486
306756
255544
1377382
9167993
17576280
12263319
3737639
23820558
13490433
1
23749941
3300264
26926552
1
20141
801029
24883116
4114148
17704280
3756749
2605398
1546634
94672
13395129
1975828
4143768
2
21301876
24150362
1192244
4655546
1260455
9713616
137
12879055
482481
1
976189
99906
16279408
268054
46403241
23765683
215
15276239
1178117
77762
12694114
30915018
8944
30235726
34513020
21637098
4133762
1647
3557574
274595
5138736
1552710
505174
3407028
4767672
3861587
1553978
265880
3298
1998894
19148228
38604047
9082830
13095489
1132291
8931
2983037
268
262434
218903
8240221
1081796
28824998
10097973
43793198
29148300
1293713
129317
1533481
23342206
20550269
1
4507
41463281
14934
14604359
1081
5964807
19818
8885462
1155
1
3001223
27610368
1
26242347
10329095
2023423
188482
28893849
1568304
3556147
2802045
126853
38125116
3575625
1532263
35465999
12888186
1205479
7256919
52202
40147954
11417716
3532519
1315074
245
10036367
367084
170423
10548363
18373235
2300816
4713864
2509137
105
33018704
4581769
10950604
2918574
4020971
1747762
3553
10172221
1045485
26870862
32176999
4674756
22
24791689
18943760
21889
1191122
14880
3020438
2584686
1689031
1739072
19391
29627641
365937
25208005
4075612
573892
1
1944496
1
23770410
14697335
25689853
2996658
16472474
2047591
25680962
292566
34679929
13482
6359494
1938776
2026
11215452
3452910
1195430
266486
2935758
1992935
20477
18657051
501634
43100746
137266
16
1974446
3595092
44993512
4939318
2295807
14420325
28468285
258362
1
205499
60899
288221
656
1
1910593
6504074
33797813
11134219
40477953
14664
472114
21523417
1695400
7631570
109665
15681925
3
5312324
205623
238354
26361041
16298370
590
1125446
15536296
780176
32865110
2468589
32726
242586
30849
1227822
1476298
31673718
20354852
667579
30039831
3864144
197756
263664
79153
11691054
2560554
196371
22906095
27308
1170
3703337
2027333
543345
17679141
1577768
2912416
94475
1
1540984
25747775
2418
29551
272670
248372
249887
2780912
1106696
4252000
21570558
6289234
237119
21916757
8288
1
479576
14043913
35238468
1
3934
138892
1741646
227633
17228928
4409205
8433105
40305600
1
6173592
2252237
1454995
225527
1942185
12882081
14917963
436508
9020072
246404
23522026
132016
4274024
1
36779285
1490946
856508
1662501
5
2773
1792764
8839610
2707505
13818
47272264
1795918
15487621
10268574
39304750
1
1280
13810283
10337173
16919763
32277688
300
3782
149150
26837105
12403
1712311
3
19299323
127360
2505079
278650
31131
630759
2235232
31042415
13646010
6123717
25444150
2745606
9072844
25079081
6975658
545274
17020177
3073055
759267
22402230
269268
38286913
8131115
289
24382
24072828
331
30979823
3686669
453093
152955
22458696
1
2530445
16587043
18470618
347612
156576
25214067
2123576
22589913
14573189
15680978
346372
16062563
8546038
195671
41280
3692034
14793396
20108774
36494270
5989524
2877910
3031344
11036341
36162
3595681
157
1818
1192125
12119120
1586605
9324586
9
17648109
7681606
1
1401
40481473
20356621
40945
14158
14749227
32653
196
37467636
138138
12165
25347671
2047830
2998783
14238743
9545809
94
1
9295283
43183
2095619
21085705
21545031
442511
13380271
27950494
28705694
4
268639
449149
37379238
10521252
1293426
40184981
40271
1644694
14762196
2411838
37750
216601
11905
784308
35703629
990
2651239
3170163
105176
1
53674
76666
2676736
10913677
10053052
13210313
43116650
1906922
186551
130385
484677
283
439313
8759179
1005765
2270756
8676413
10927587
155636
29605271
24023894
131020
1896452
10050284
5149792
591028
4612160
2439358
22392733
821361
20143561
1
911294
20688298
6417802
7671202
19421003
9589359
71
9212117
81601
3552
4371643
2887607
2441520
2408952
9103116
131147
167962
2842725
267
11778558
1064
4432226
31220809
84876
1824052
3612709
5
14779
16527256
4126865
19336
3245733
2545866
1
293471
175
357350
3825126
8016
296840
11563668
6911713
3860832
17386
3347915
1983089
416709
335105
24210745
5849260
37244292
32258295
33965063
1
2366166
2
275241
36566
535615
1765300
2206878
3922
7376084
106526
25626
24153933
802860
9862733
34581594
28376600
1973329
150820
1450957
19890367
5679
13966638
2349865
1088550
9096804
3024541
4072225
3872443
18730218
11129067
31556153
311854
1675693
198208
6649
2702058
21308537
21886587
1072724
8230564
31739944
15305904
2710861
27017243
1366465
123852
30128
26128
258314
1133720
29323737
3449029
158906
6911226
2187951
38617917
34115
1958971
242811
215810
41881
22844304
211016
1
25401664
3323679
173
28521476
11144
23604
15056052
61493
20294624
3094876
15449836
14038
2137498
57097
1
5027009
134092
10388528
10770686
645437
370223
2936656
15054
28721
27868
222
18502967
1417534
41660766
1340676
6036
12449370
1475623
1870
36
5327583
20723643
44909286
10754
384
1868
7945946
11238458
11778542
2511094
37991839
10369057
25994
16872285
41268362
27975
2336440
39456158
2222
32438
57753
23880077
2178514
251656
11270925
26529327
27071532
35179190
22868867
1667531
1459488
154030
35915400
7912964
16234110
7884195
131677
1404611
3424205
132077
367637
34983550
405421
1752349
8602928
4105500
2269
24131268
1251709
5409854
117594
12239173
13
1507443
3043251
22896053
2330310
35697452
1
485373
1953155
3211690
723554
445531
37001314
4359281
2901833
22218
10008448
1893574
22404563
1848079
245822
349
3200520
8687579
10273
1666533
939420
16824592
33506514
24162115
4594295
22711499
129959
393824
21364335
3204
18630525
23637527
44125
26125923
13446802
31562
9991
23772387
161763
36586829
10197767
13542090
18373268
14845204
22548024
681747
1974266
39446431
45195505
158813
32277
1
407726
4335997
266492
111611
1289
300310
3958201
33243538
23288169
28000001
9500912
17522253
21307469
17898572
27672493
7068362
2551557
21387184
29866455
13289461
26440238
3401722
16402725
502383
11072232
41966
23996825
17549392
4502966
1
17922526
2167011
19003796
1932633
1277378
309217
7127993
32257
12866967
9629816
123643
171
1
21036258
28964055
3019
27465641
25489981
18130968
34847698
21568918
3769678
2028168
3511529
1916695
6215042
294845
6948235
2294412
32084379
23703368
1449040
17276204
24297421
15998550
3390113
802403
13973193
334868
14813454
264966
1989590
1026784
1
38629690
28598355
26173154
2908235
196724
390752
26735658
3569201
105840
41318
11369809
36542419
16475
18121150
86469
137
29422940
1
12174981
2739211
354941
639235
10360267
8516276
2606252
151523
862495
6346202
9438037
20421484
3996927
7763166
32436694
16456308
136796
17992681
4963995
4881602
12222268
1007600
15161133
5232149
706175
34338
3864643
171034
3220524
1318025
18889
561824
30764
4333
921758
28031735
32003694
20990121
10800166
703741
189582
27303871
1695655
42262898
11272005
1822849
2409729
248531
16496664
29932082
5297399
16981839
3200484
42991235
29118861
12231051
32304237
22
3301914
11190739
17238
3543399
42225069
40337591
2321182
150862
368063
16210213
432105
28739065
167840
33636176
23081
25446
35676142
318181
17202880
5465
34982505
180352
49409
33438560
7312
7836260
18387552
11098295
28883228
40110149
1172672
17683379
176354
1036786
1569916
1
39735502
20648
1624617
19971756
11684747
1
5908974
17876776
21732763
28386944
617703
164804
385262
61164
4124
186021
8152634
3283944
17570028
664916
2139112
20804650
17307647
16039201
1
486749
204974
2008
1
25788441
8286697
3101
654031
3749276
36770718
43924483
2881487
26617191
2784465
25315868
1
897263
36779876
1143487
23742268
29315498
64
3851328
1
12788758
39031891
11215486
18429212
267515
305815
40746846
31576343
1537991
70017
199685
35709346
2423
24747001
4113577
40344657
2542329
2035151
43307068
1
500
6796213
30683232
2693
1806889
24644489
2149993
2718215
15374862
17484929
2770
16689381
9268232
3923875
37302
19035
1486998
31235379
1173070
3981932
28593697
10284629
33001238
29572979
3994689
51151
29604622
2014245
672215
755187
42814944
11714928
756890
275266
1241307
260194
2092001
1571257
4957367
32555952
1126514
13336593
661556
3923267
466856
14521825
16965798
36475
30381468
4257887
2098088
2072874
3192385
3569460
21434727
18544693
6
130419
3542536
3156925
29176083
8160483
303692
27507224
32170448
9995566
927537
3079335
419088
24041
1735799
3980334
1468
9490813
504462
10212653
22275
2071266
10944711
132493
1
37688
1608297
20840
14141785
452
16485091
2271729
25743496
28792256
87058
3507338
3898383
14565134
8929509
168691
1
4055129
216324
6657555
48502
1451
13179080
13369628
26981232
13381236
237871
12390203
14287
1295
28589
18169157
2044511
1
5757171
29518
23685127
9250928
2462231
12907261
26741956
35292695
102191
67461
120295
4329944
14386537
114119
14964926
1901124
10247335
1488300
25070021
1519890
3577707
29189
2322810
7065885
3628130
125123
2458908
20264923
10351158
11387032
36082866
793200
10756
475828
21812524
476628
258685
109772
14383293
2658758
3633531
3600964
19906535
85195
14748
12625383
11209
31057
172865
7261579
131919
482760
3177638
3529
3689425
15860332
18816841
40729532
1083149
1
13192723
496302
361072
826617
45540341
1241631
4974986
1528580
4088718
3449
38248
25668799
2870953
18913048
1932373
15557368
31808271
3220315
124
3471832
1
1
1219823
3977396
2879498
11238
3755261
24539346
314650
14339
23221
20814868
276214
15893940
3694742
173188
112813
596283
26851
1910134
332357
11484863
2872527
3811411
292416
25490981
2109474
31758450
25875177
3934228
1
1
49208
28031551
21161509
6466442
160186
8869291
23569291
1
155737
1722320
10834726
4229601
414319
4627865
25336468
33637543
9868144
6470090
9074066
14515
38549246
50081
36621736
23596886
3486113
1810998
218181
2989956
2484289
46319451
4681565
217815
15389540
1729112
3268
107459
2380552
52650
24360217
3745
12641992
912672
948554
40522616
304
7331359
1
29665593
4468076
18154730
36066168
2198540
34104279
1384290
31439897
14525
176181
36881378
17672131
8882855
7587215
40123874
1827506
32949
374610
415945
26898566
159539
3536154
2794615
37550246
40712712
8949005
1020
164741
285555
1569134
1867563
7314138
139144
106921
566279
257336
33267536
34673
117
165
29779778
2203
3
27844409
933231
36865835
14110698
7
43878568
13593020
2408487
35315633
449040
1661293
22436057
6804929
4886104
37012922
1927
27561
9115
25119046
3218531
89851
1253436
2944880
395
9644991
2852584
2065761
37978850
3770761
9832505
202520
3808501
52227
152996
20886094
2465092
2020696
43178494
559749
35424565
1921101
1972948
1265417
787274
1
939796
1713
131899
14104119
7467151
13337792
722461
26188
7757819
6
3821232
2020948
4887638
29672853
24044011
2153150
8969381
28562464
36401
39482506
1477796
35028510
18309837
13972
417021
1
447279
37618932
40164715
42383
1
34832794
3563398
137270
19162038
27821672
1
32994520
8102705
1
1
16544693
196182
443199
1203601
2144167
21369
9659
3851859
21108873
90902
18423052
32550
3955638
33619334
396901
1331042
3340800
11740955
176917
33585218
13588486
32680
35815364
697
12755527
24101
88292
4189181
1
1439
13299009
25039949
23904186
113069
20325117
1
846861
2389994
9189724
1947948
6130159
20270219
246
24137822
1635156
4560271
23091126
83551
519215
2548900
6061871
1
40254
225296
222491
3104984
26490547
147278
13802041
190167
27694
47146
11151198
1
3949008
26833876
8127733
589863
4132944
633822
19
32202376
9782129
1511100
667856
265238
302691
20929778
8925501
440334
6768
1954128
11384491
647511
1232037
2530906
11980812
443248
168613
1
10692039
2142776
17221897
2122329
112968
7667761
25470208
203882
2652727
44322
6963150
7225927
2839047
31541270
880348
423015
3251300
24542164
236271
39292196
21294804
50210
578454
23057969
3523008
11105319
4247170
314584
3777326
2554219
1
1777205
16
23619424
1114957
3707635
9070241
3208265
26134
14674772
1705
7033032
29137089
485138
1539940
1255496
482604
343780
171477
26645
323370
112915
1989712
2564465
33674421
3786343
15872536
119605
646519
2996718
120
3147665
136872
672833
79655
1102276
418699
560
7619000
15873929
1
21601985
382854
13674253
21907180
31051980
1359917
258413
3954476
1510749
206928
1551947
20366428
47533
1
12
1092337
16137
12541070
45489691
7745368
4659774
2138235
11892
48706
1815847
3197910
4791968
19347032
30727233
1
34034824
86
1034352
2454
3565619
12976003
1527465
20547201
2108
14086
171799
1848254
5834887
40664580
1842204
8353
328177
2688611
27406436
24789062
1860234
4060
125260
1
3356
10324757
23399433
22
38926871
26878958
20320187
68550
14602390
2134502
25866858
38750004
1685701
8003205
30098438
283210
519406
732858
25461108
1
1578415
84
13236259
2559816
3745011
4169618
9782697
597613
1
1751860
16786
15919080
11320276
20322
36544338
42119490
144195
37607262
11478174
325671
2515019
3147798
27667866
39902155
1959974
1
34555679
148536
10790233
2271825
249486
15523201
13092820
28647054
6744824
56828
2616
31351619
1354791
5222394
70220
1174710
27901997
4639273
1611082
2576598
23960
2273418
10791134
2873032
351733
22655
291354
526658
183227
35017951
6498756
1885869
1
8978684
1475093
21480894
2966087
16648
6918781
2387760
36432599
2434959
1877600
1
12667
3628595
14395820
42188
9795576
3411
444536
4385854
4715557
4538601
4683967
18974698
28397737
4897684
1665692
2382856
183636
1
3494769
83487
764542
4939848
16694278
4033387
17236020
33865882
3733019
27901172
11760602
2889071
18990723
3423420
420
132001
11198906
2124690
3004662
252829
4208538
3434135
3469507
404224
46670923
1
2672379
3
44660
1
41532819
26401888
2188124
13742311
23638039
24484901
3372910
105343
20303844
3907325
1251000
22704
2359266
23591
161683
83048
18619361
3461105
14993197
11806525
2489415
1248225
19700236
3515343
19166483
34418952
12373312
24942389
24080315
15395117
11901583
34292
1344235
2098
12231158
9160
21692010
251
5205083
130
151289
6344370
1
2292468
983797
1785271
5686996
658862
31601017
15086515
28532449
17049618
95711
6469506
63288
1411935
13425214
2149680
22282643
4794702
1
11780824
2107552
23214891
32649368
7778440
13557319
32930243
15962047
2159562
13831841
834151
13601627
648217
3041528
182454
38060307
363963
36973482
731995
61406
11419673
2751359
2889482
3234599
24496791
22754843
46324661
2494297
11351303
4690895
1107515
1152072
26389412
1762457
16414499
19035076
12301301
1296805
3392
25997883
2944584
2523323
8319462
2
8835630
1358337
2439871
35
911381
1
1667438
22850026
28798
7390853
77065
4925296
1
29475084
87956
9489399
1909347
16652
24090816
15620728
221089
2058537
125794
413333
1851190
605780
129920
947249
18615795
6416308
3774804
18825469
6347
44737795
475
32689703
1189967
1
3973887
2825820
4134
1546
3110394
10815643
33550
25704856
2615362
31268868
234920
23876085
21048241
9464972
37236
1855050
31080231
2389984
2212588
11798695
951438
9668
568170
15800572
25670476
12
865796
4725248
1
26935336
26909641
39644711
24063397
9379521
2190072
12105578
8761577
34103
17050287
1
179739
28366
1008476
22939064
4522806
1898841
19834345
2310650
8568020
1015343
25454913
8900189
403097
33363329
4203290
3547107
35348424
4011868
13873
41520832
6217130
537646
99890
283140
1691762
263877
3065561
3245242
5567995
10045364
235301
222817
13888299
13390635
630383
11470706
30470550
12173725
16226750
3376566
1944035
40381624
9703669
130739
15157556
31793513
737857
37290184
1403828
26501282
13836786
4071162
31622729
13174973
3902298
722433
3466161
2256
5057455
38603930
1399586
16321
17331
2872328
21116916
23026074
19689116
1830987
38525227
151150
2554002
3245529
1
3172568
38230
7603974
12240401
33437650
3886
397754
616
21663394
1291115
26751567
1085060
1
104646
12263
10595
897996
1314358
22733088
7114119
30872805
6076380
1
1122571
22333
1450336
2078919
42265802
8396960
955233
1
24160054
297298
132
3796393
1
17163
3
23832
8934639
7175386
1
11611142
939150
1575965
3
9986169
20175368
174
21206349
190400
15210528
15607410
33996291
32603140
7733625
1
11232616
3474705
49863221
2529423
28536061
25776361
20887310
17004731
27905842
36107
13526
379069
163717
755773
1232
46656350
38370
6964354
721101
485588
10762178
317
14934594
22482715
8847606
52095
503648
469226
535163
33082037
2517
1570142
11133913
1824289
27398940
632717
9819373
33016
1916957
16143
179502
9949549
33126272
324768
19106205
64729
3853
16838761
23411253
43247240
845185
3738
4718165
8121197
19723405
1
9637664
15696629
28493322
127587
10124498
1454
343010
608652
2440490
16689115
58473
185295
176733
12157393
457717
430918
7172999
5548768
4707370
886288
1100395
1
18023924
11273849
3769044
1677621
1497
24639337
709364
1
15394324
22676005
1186304
2954816
18578378
261441
31245
2727155
2850
11728815
16994309
1
235092
1858643
17978511
29217005
7064281
1515477
20526353
44766975
25081328
17242065
36009566
34636529
8476951
7712051
2788603
26348
22506850
1500
18475495
16149329
1539502
17654950
308874
23732
153772
42811
20346803
143051
38125260
700275
39896397
2794849
31717
20569899
2583345
170837
21154737
1
273145
362989
21671735
3418338
29399615
2427714
220652
19604960
975740
2762723
3998048
2279671
2435805
1036367
3972854
4609080
21995262
10514498
2410053
2886800
28527161
96989
3
2530763
842911
1690715
21
28858419
423
31012953
27323988
1438614
843621
13558843
17766711
20406762
3376149
3001340
43405772
123894
34621933
35454490
3640775
6792133
3061445
5707
19141
376793
43450632
390
29740868
206317
26471128
335450
1
58167
149420
7800843
4
25786280
17662484
1525464
1779
26008829
30702
4765557
4889037
1660108
16484210
1
1
33274309
5676746
1
439
6945108
734818
114675
23102167
415814
171779
996260
24492329
7187600
176449
2191546
15985263
2
30918265
26730
34219531
3363264
4938927
626603
1284556
2800711
32184
22530760
13165467
23345705
12119783
217926
1090400
9276522
188
1326112
17820846
182
13700032
337797
23655623
1581043
2477610
279443
24250957
172044
286203
1236626
1662731
9216373
1732245
2152724
2365
22460032
10681199
2177804
25580103
10512768
11839
23138300
2847456
390690
30781876
146948
984286
984
21963
12930279
2594927
17360
2263781
3077
625
6113306
28386397
29650
75663
31633580
6807564
125841
2336119
27967758
1
207867
9260243
9559874
985600
2374
377614
133923
27937858
913793
542085
15355667
246402
25239379
1673100
358848
5840502
25888661
8429098
1355626
15053090
101900
5046181
25660768
120622
22554274
119529
8150999
3775128
316403
1545857
9144094
5036760
2091960
1916920
3321118
1254231
2081892
281326
2214625
1471065
5808580
40088
3635568
17881796
19979
1208349
6368898
63198
161390
3732192
34798
14195086
18367651
8014200
18702910
26441167
259638
124300
136036
57727
38623323
35333868
4446
3591344
8835281
39339
31412500
1735673
467800
5743758
4299073
11480298
47382925
5562452
4735222
2651550
2987748
17736881
33218553
2309147
1343
27441178
12909296
17901386
221953
18385
42
493532
139438
1077028
7640570
29365961
278903
1984
2133516
45691137
4376114
10719163
32046983
3197288
2882179
7225823
2346981
91646
23986944
2632288
12534560
169711
4564440
1475559
1
1
2139623
196382
19752
3410550
12030440
17740808
9630110
32044898
44023726
2223343
15760083
873965
1471969
1818322
17296094
1506369
1300559
2690472
707590
15781062
518065
32641812
34754612
385444
23543808
32517008
262666
802771
6972625
11644257
409067
21856825
41784159
20052615
212
18964109
573
8890999
7472331
1363630
39285579
16620691
10889388
3606673
9615534
23080
2113636
21342
3583789
3120161
30620056
2231494
29609453
1155870
6561106
9682765
3973
30260883
1545872
935866
9309104
35271799
19373817
2876508
1807058
9151239
4039695
19494945
46617849
336119
1272868
33792335
1714220
31515579
11233516
887767
263741
2335147
26084885
2763552
9478816
12688164
418327
10281272
2824604
21408634
12279973
14503859
1
27243007
