30877 1
1648 2
1525 5
2260 4
1657 2
1428 2
2382 4
1661 1
2020 1
2349 1
1334 9
1339 1
1235 9
2408 1
1797 9
3782 3
1704 1
1899 3
3469 2
2556 1
2240 4
1643 3
1192 1
1870 2
1108 1
1232 9
1018 9
1727 4
2213 1
2201 1
2894 3
1214 1
1257 6
2489 2
1507 1
852 4
2444 4
2687 1
2253 2
2414 1
1363 5
1362 1
2224 6
1724 3
1698 1
1584 1
1871 36
1315 1
1148 4
1367 8
2007 1
1965 12
2918 1
1262 9
1230 1
1953 9
2324 9
1651 4
642 4
1600 1
2439 4
1167 1
2573 1
1579 3
2430 36
2062 16
1609 2
2591 4
1919 1
1724 1
1573 1
3553 1
767 9
2542 9
2413 6
1061 3
1403 1
2810 4
1517 16
2166 9
3482 6
1774 2
2908 1
2657 2
1689 1
2504 4
1750 12
2300 16
1257 2
713 2
1343 2
2290 1
3533 4
2968 1
1920 3
1145 9
1046 2
1728 1
2036 4
1539 1
2001 1
182 1
91 2
414 1
142 1
447 1
125 2
189 8
203 1
446 2
76 2
184 2
132 2
226 1
39 3
167 1
289 1
488 3
382 4
423 1
480 1
241 4
361 21
284 3
128 3
110 1
361 1
47 2
412 2
378 1
384 5
421 4
183 24
334 4
464 1
240 4
332 2
118 1
190 1
297 25
153 1
284 2
214 1
254 1
185 1
135 2
140 1
287 4
106 1
292 1
155 1
45 16
335 1
448 1
270 1
361 1
95 1
104 4
178 1
175 16
147 6
238 1
141 9
205 1
265 2
6 2
375 1
216 2
244 1
193 4
323 1
208 4
203 6
64 15
178 16
50 12
470 4
191 1
115 1
174 1
47 2
392 4
239 21
431 1
119 1
261 1
362 1
203 9
276 1
374 16
317 9
90 1
67 12
113 6
139 16
493 1
371 1
271 1
129 2
317 1
202 3
151 3
256 4
287 1
201 1
140 1
321 15
239 1
324 4
141 4
92 3
187 1
226 2
118 4
268 2
102 2
280 4
130 4
331 1
255 2
586 4
36 6
72 1
268 4
35 3
140 1
328 1
201 4
432 1
130 15
229 3
285 2
318 9
80 4
390 1
478 2
277 1
356 2
154 4
221 1
278 25
82 2
425 1
163 1
370 18
86 1
192 4
448 4
249 10
375 1
283 1
364 12
33 2
200 2
92 1
371 4
199 12
231 1
382 4
242 2
652 4
263 2
366 1
141 1
205 1
373 4
326 1
57 1
203 1
139 9
489 4
162 1
182 1
215 2
285 12
137 1
258 1
30 1
613 16
467 2
82 1
320 1
196 16
444 2
191 18
199 1
265 1
294 1
443 2
280 1
126 4
235 3
322 5
178 3
330 1
175 1
232 1
270 1
80 1
251 18
80 9
215 1
192 2
266 1
330 1
360 3
431 1
280 10
155 8
252 2
230 1
566 1
146 4
26 4
36 8
204 1
312 2
59 1
162 4
203 1
308 2
296 1
421 1
259 2
11 2
284 1
274 3
96 5
282 9
456 1
206 1
289 1
306 4
340 1
121 4
203 3
361 1
76 2
203 2
77 2
213 1
243 9
150 2
157 1
221 4
284 3
26 2
259 4
307 4
405 1
145 4
47 2
244 1
43 1
441 4
390 2
129 1
196 2
275 3
381 1
208 3
271 12
523 1
162 2
287 9
55 4
406 9
298 2
467 4
304 1
451 4
110 8
266 1
31 2
84 2
148 4
395 6
210 16
159 6
343 1
414 4
211 4
34 4
166 1
252 1
187 1
292 1
19 3
229 6
281 4
92 1
188 4
385 1
436 1
72 8
425 8
38 2
354 2
56 1
361 1
445 1
323 1
360 2
335 1
171 4
221 4
429 1
286 2
155 1
255 1
318 1
241 2
224 2
80 2
116 1
178 1
170 2
208 2
306 3
277 4
124 4
77 1
476 1
103 2
247 1
490 3
403 1
265 4
304 3
295 12
341 1
184 2
181 1
271 1
227 1
91 1
371 2
128 1
198 3
299 1
325 2
64 1
381 1
90 1
109 9
119 1
254 1
210 2
308 1
229 12
37 4
85 6
375 1
320 1
66 3
118 2
379 6
548 1
241 12
66 1
140 1
112 1
164 4
94 1
152 1
37 2
26 2
73 1
152 4
407 1
230 1
207 6
257 2
191 2
302 1
114 6
34 1
407 1
288 6
263 4
332 15
288 4
282 9
30 1
218 4
100 2
308 2
224 2
308 1
158 2
482 1
57 2
240 3
85 1
337 3
193 1
190 8
142 1
304 3
315 16
320 2
131 8
120 2
275 1
188 2
223 2
184 4
187 2
306 1
71 24
171 1
658 1
303 2
174 4
135 2
60 2
236 1
232 1
281 24
101 1
309 1
249 1
315 4
328 4
441 25
90 2
35 1
118 1
354 1
111 2
190 4
173 3
109 1
300 2
117 30
184 9
272 8
208 3
476 16
344 3
362 2
315 4
387 4
72 3
117 4
273 9
110 1
170 35
389 2
241 1
51 6
192 1
259 4
247 1
228 2
146 2
116 1
414 4
157 1
318 4
386 4
342 4
48 4
133 1
205 1
549 2
166 4
205 1
366 4
125 12
308 1
300 2
353 4
91 9
375 2
250 16
136 1
501 1
130 2
84 4
127 2
61 4
382 1
120 1
179 1
327 2
315 4
310 1
100 8
148 1
356 4
277 1
102 4
416 2
258 6
418 1
214 4
345 4
87 1
206 2
358 4
242 1
183 1
70 3
202 4
120 1
254 1
202 1
314 4
369 4
153 4
82 2
280 4
283 1
28 1
195 2
111 8
108 1
355 1
74 1
169 1
89 4
278 1
363 1
313 3
29 6
119 2
352 1
608 3
518 16
260 3
275 2
207 4
231 1
65 1
156 1
51 9
159 1
112 12
124 1
184 15
80 1
276 4
56 1
321 1
211 1
76 1
378 4
221 4
142 1
141 2
298 9
304 3
282 2
113 1
390 6
266 2
570 4
89 4
261 6
252 3
111 1
62 1
298 8
193 1
129 4
239 1
417 7
195 1
78 8
252 2
277 2
327 1
234 1
168 7
131 1
115 6
78 1
407 2
147 12
419 2
349 2
272 2
284 1
402 3
338 2
58 4
228 1
270 1
499 1
434 3
577 1
290 2
68 2
171 1
405 4
85 3
74 4
471 1
196 1
383 4
147 2
404 1
205 2
287 1
288 1
174 8
315 1
176 4
176 1
243 2
45 4
296 1
141 1
384 4
110 1
69 3
204 4
347 3
118 1
54 9
106 9
185 1
180 1
137 1
157 1
79 4
288 12
273 9
85 1
231 1
127 8
76 1
225 6
254 3
286 2
194 2
79 1
440 16
189 2
443 1
394 1
251 1
166 1
174 4
421 1
163 1
134 1
189 1
337 6
354 1
80 1
309 2
295 1
219 2
189 1
310 2
28 1
224 9
257 1
260 2
239 2
411 1
366 2
33 4
160 1
399 3
380 1
49 3
170 3
117 4
86 1
396 2
35 1
243 1
417 1
126 1
225 4
281 40
113 21
41 2
141 4
191 4
288 8
153 1
320 1
59 2
301 1
403 2
87 4
194 10
207 3
253 1
307 3
289 4
318 2
225 1
266 4
260 1
397 1
191 24
362 2
345 18
156 1
262 2
318 8
233 2
311 4
236 2
182 1
143 12
102 1
64 1
313 4
60 36
101 1
307 4
555 1
410 1
161 2
256 2
237 1
124 6
272 1
152 2
66 1
97 6
102 1
105 2
115 1
315 1
61 12
265 6
97 10
253 2
124 3
152 1
51 1
109 1
24 1
352 3
389 1
268 16
184 1
161 1
336 1
132 1
489 2
664 1
127 1
259 2
266 3
318 4
242 1
240 3
146 6
358 1
399 1
254 9
230 1
475 1
414 4
283 4
420 9
94 1
309 6
371 2
322 2
289 4
490 3
213 2
495 1
145 2
85 6
207 1
275 3
281 6
299 1
454 2
62 1
222 4
259 1
226 1
422 15
152 6
111 3
451 4
204 6
452 20
244 4
47 2
392 1
166 1
346 2
434 4
119 1
222 6
207 4
57 6
129 4
340 1
223 9
249 9
234 1
404 1
336 2
291 9
130 5
236 4
182 2
108 1
418 6
241 4
491 2
171 4
325 4
275 4
143 3
312 1
308 2
175 4
392 4
261 2
168 1
444 2
267 1
332 4
307 1
246 2
92 1
418 2
527 6
256 1
120 3
127 1
119 1
69 4
212 1
184 2
211 8
395 1
72 2
47 1
274 1
283 1
248 2
172 15
50 2
209 6
218 1
146 6
347 6
374 3
446 1
146 1
266 1
347 2
438 1
384 2
434 6
459 3
272 2
199 6
127 1
363 4
194 18
131 1
190 1
399 1
172 3
226 1
275 9
53 1
243 1
281 9
200 1
386 1
83 4
151 1
117 1
281 4
371 2
287 3
269 1
276 1
195 1
41 2
271 4
81 2
70 2
282 1
78 3
207 1
293 8
178 1
246 12
163 2
287 2
162 1
316 1
287 1
95 1
173 36
363 2
167 1
553 1
445 4
342 8
218 1
296 1
331 1
200 2
207 1
501 2
156 2
95 1
176 3
357 1
129 1
325 2
287 9
336 1
231 2
450 2
236 2
283 6
377 1
166 2
366 2
308 1
422 1
256 4
167 4
209 9
183 1
369 8
281 4
177 1
299 1
259 1
408 4
128 1
209 1
338 3
287 1
324 1
130 1
9 1
455 3
330 3
353 8
136 3
195 1
132 1
367 8
140 1
206 16
220 6
353 3
348 2
108 1
244 1
140 6
333 2
90 20
204 4
219 4
138 1
360 4
304 2
39 3
307 2
286 2
181 1
203 1
136 2
328 2
320 1
221 2
251 10
182 1
282 1
272 3
663 1
327 2
270 3
274 1
171 1
243 3
210 1
70 6
230 2
112 2
174 4
57 2
259 1
333 2
183 9
341 2
334 2
92 1
0 1
6 6249375022499650002
4999999998 1
621 4
497 4
10878940 9
2014 1
