2.0000 2.0000
2.0000 2.0000
2.0000 2.0000
2.0000 2.0000
2.0000 2.0000
2.0000 2.0000
2.0000 2.0000
2.0000 2.0000
2.0000 2.0000
2.0000 2.0000
2.0000 2.0000
2.0000 2.0000
2.0000 2.0000
2.0000 2.0000
2.0000 2.0000
2.0000 2.0000
2.0000 2.0000
2.0000 2.0000
2.0000 2.0000
2.0000 2.0500
2.0000 2.0000
2.0000 2.0000
2.0000 2.0000
2.0000 2.0000
2.0000 2.1000
2.0000 2.0833
2.0000 2.0714
2.0000 2.1250
2.0000 2.1111
2.0000 2.1500
2.0000 2.0000
2.0000 2.0000
2.0000 2.0000
2.0000 2.1250
2.0000 2.2000
2.0000 2.1667
2.0000 2.2143
2.0000 2.1875
2.0000 2.2222
2.0000 2.2000
2.0000 2.0000
2.0000 2.0000
2.0000 2.1667
2.0000 2.2500
2.0000 2.3000
2.0000 2.2500
2.0000 2.2857
2.0000 2.2500
2.0000 2.2778
2.0000 2.3000
2.0000 2.0000
2.0000 2.2500
2.0000 2.3333
2.0000 2.3750
2.0000 2.4000
2.0000 2.3333
2.0000 2.3571
2.0000 2.3750
2.0000 2.3889
2.0000 2.4000
2.0000 2.0000
2.0000 2.2500
2.0000 2.3333
2.0000 2.3750
2.0000 2.4000
2.0000 2.4167
2.0000 2.4286
2.0000 2.4375
2.0000 2.4444
2.0000 2.4500
2.0000 2.0000
2.0000 2.2500
2.0000 2.5000
2.0000 2.5000
2.0000 2.5000
2.0000 2.5000
2.0000 2.5000
2.0000 2.5000
2.0000 2.5000
2.0000 2.5500
2.0000 2.0000
2.0000 2.5000
2.0000 2.5000
2.0000 2.5000
2.0000 2.6000
2.0000 2.5833
2.0000 2.5714
2.0000 2.5625
2.0000 2.6111
2.0000 2.6000
2.0000 2.0000
2.0000 2.5000
2.0000 2.6667
2.0000 2.6250
2.0000 2.7000
2.0000 2.6667
2.0000 2.6429
2.0000 2.6875
2.0000 2.6667
2.0000 2.7000
2.5000 2.5000
2.2500 2.7500
2.1667 2.6667
2.1250 2.7500
2.1000 2.8000
2.1667 2.7500
2.1429 2.7857
2.1250 2.7500
2.1111 2.7778
2.1000 2.8000
2.5000 2.5000
2.2500 2.7500
2.3333 2.6667
2.2500 2.7500
2.2000 2.8000
2.2500 2.8333
2.2143 2.8571
2.2500 2.8125
2.2222 2.8333
2.2000 2.8500
2.5000 2.5000
2.5000 2.7500
2.3333 2.8333
2.3750 2.8750
2.3000 2.9000
2.3333 2.9167
2.2857 2.8571
2.2500 2.9375
2.2222 2.8889
2.2000 2.9500
2.5000 2.5000
2.5000 3.0000
2.5000 2.8333
2.5000 3.0000
2.4000 3.0000
2.3333 3.0000
2.2857 3.0000
2.3125 3.0000
2.2778 3.0000
2.3000 3.0000
2.5000 2.5000
2.5000 3.0000
2.5000 3.0000
2.5000 3.0000
2.4000 3.1000
2.3333 3.0000
2.3571 3.0714
2.3750 3.0625
2.3889 3.1111
2.4000 3.1000
3.0000 3.0000
2.7500 3.0000
2.6667 3.1667
2.5000 3.1250
2.4000 3.2000
2.4167 3.1667
2.5000 3.1429
2.5000 3.1875
2.4444 3.1667
2.4000 3.2000
3.0000 3.0000
2.7500 3.0000
2.6667 3.1667
2.5000 3.1250
2.5000 3.2000
2.5833 3.2500
2.5714 3.2143
2.5000 3.2500
2.5000 3.2222
2.5000 3.2500
3.0000 3.0000
3.0000 3.0000
2.6667 3.3333
2.6250 3.2500
2.6000 3.3000
2.6667 3.3333
2.5714 3.2857
2.5625 3.3125
2.5556 3.3333
2.6000 3.3500
3.0000 3.0000
3.0000 3.2500
2.6667 3.3333
2.6250 3.3750
2.7000 3.4000
2.6667 3.3333
2.6429 3.4286
2.6250 3.3750
2.6667 3.3889
2.6000 3.4000
3.0000 3.0000
3.0000 3.2500
2.6667 3.3333
2.7500 3.5000
2.8000 3.5000
2.6667 3.4167
2.7143 3.4286
2.7500 3.5000
2.6667 3.5000
2.7000 3.5000
3.5000 3.5000
3.0000 3.5000
2.8333 3.5000
2.8750 3.5000
2.8000 3.6000
2.7500 3.5833
2.7857 3.5714
2.7500 3.5625
2.7778 3.5556
2.8000 3.6000
3.5000 3.5000
3.0000 3.5000
2.8333 3.5000
3.0000 3.5000
2.8000 3.6000
2.8333 3.6667
2.8571 3.6429
2.8125 3.6250
2.8333 3.6111
2.8000 3.6500
3.5000 3.5000
3.0000 3.5000
3.0000 3.6667
3.0000 3.6250
2.9000 3.7000
3.0000 3.6667
2.8571 3.7143
2.9375 3.7500
2.8889 3.7222
2.9000 3.7500
3.5000 3.5000
3.0000 3.7500
3.1667 3.6667
3.0000 3.7500
3.0000 3.8000
3.0000 3.7500
2.9286 3.7857
3.0000 3.7500
2.9444 3.7778
3.0000 3.8000
3.5000 3.5000
3.0000 3.7500
3.1667 3.8333
3.0000 3.8750
3.1000 3.9000
3.0000 3.8333
3.0714 3.8571
3.0000 3.8750
3.0556 3.8889
3.0000 3.9000
4.0000 4.0000
3.2500 4.0000
3.3333 4.0000
3.1250 4.0000
3.2000 4.0000
3.0833 4.0000
3.1429 4.0000
3.0625 4.0000
3.1111 4.0000
3.0500 4.0000
4.0000 4.0000
3.2500 4.0000
3.3333 4.0000
3.2500 4.0000
3.2000 4.0000
3.1667 4.0000
3.1429 4.0000
3.1875 4.0000
3.1111 4.0000
3.1500 4.0000
4.0000 4.0000
3.2500 4.0000
3.3333 4.0000
3.2500 4.0000
3.2000 4.0000
3.2500 4.0000
3.2143 4.0000
3.2500 4.0000
3.2222 4.0000
3.2000 4.0000
4.0000 4.0000
3.5000 4.0000
3.3333 4.0000
3.3750 4.0000
3.3000 4.0000
3.3333 4.0000
3.2857 4.0000
3.2500 4.0000
3.3333 4.0000
3.2500 4.0000
4.0000 4.0000
3.5000 4.0000
3.3333 4.0000
3.5000 4.0000
3.4000 4.0000
3.3333 4.0000
3.4286 4.0000
3.3125 4.0000
3.3333 4.0000
3.3500 4.0000
4.0000 4.0000
3.7500 4.0000
3.5000 4.0000
3.5000 4.0000
3.5000 4.0000
3.4167 4.0000
3.4286 4.0000
3.4375 4.0000
3.3889 4.0000
3.4000 4.0000
4.0000 4.0000
3.7500 4.0000
3.5000 4.0000
3.5000 4.0000
3.6000 4.0000
3.5000 4.0000
3.4286 4.0000
3.5000 4.0000
3.5000 4.0000
3.4500 4.0000
4.0000 4.0000
3.7500 4.0000
3.6667 4.0000
3.5000 4.0000
3.6000 4.0000
3.5833 4.0000
3.5714 4.0000
3.5000 4.0000
3.5556 4.0000
3.5500 4.0000
4.0000 4.0000
4.0000 4.0000
3.6667 4.0000
3.6250 4.0000
3.6000 4.0000
3.6667 4.0000
3.6429 4.0000
3.6250 4.0000
3.5556 4.0000
3.6000 4.0000
4.0000 4.0000
4.0000 4.0000
3.8333 4.0000
3.7500 4.0000
3.7000 4.0000
3.6667 4.0000
3.7143 4.0000
3.6875 4.0000
3.6667 4.0000
3.6500 4.0000
4.0000 4.0000
4.0000 4.0000
4.0000 4.0000
3.8750 4.0000
3.8000 4.0000
3.7500 4.0000
3.7143 4.0000
3.7500 4.0000
3.7778 4.0000
3.7500 4.0000
4.0000 4.0000
4.0000 4.0000
4.0000 4.0000
3.8750 4.0000
3.9000 4.0000
3.8333 4.0000
3.7857 4.0000
3.7500 4.0000
3.7778 4.0000
3.8000 4.0000
4.0000 4.0000
4.0000 4.0000
4.0000 4.0000
4.0000 4.0000
4.0000 4.0000
3.9167 4.0000
3.8571 4.0000
3.8750 4.0000
3.8333 4.0000
3.8500 4.0000
4.0000 4.0000
4.0000 4.0000
4.0000 4.0000
4.0000 4.0000
4.0000 4.0000
4.0000 4.0000
4.0000 4.0000
3.9375 4.0000
3.9444 4.0000
3.9500 4.0000
4.0000 4.0000
4.0000 4.0000
4.0000 4.0000
4.0000 4.0000
4.0000 4.0000
4.0000 4.0000
4.0000 4.0000
4.0000 4.0000
4.0000 4.0000
4.0000 4.0000
4.0000 4.0000
4.0000 4.0000
4.0000 4.0000
4.0000 4.0000
4.0000 4.0000
4.0000 4.0000
4.0000 4.0000
4.0000 4.0000
4.0000 4.0000
4.0000 4.0000
