5413753
7095728
5421660
7152295
5369615
7187539
5369157
7111593
5435873
7146349
5455825
7230302
5497806
7161253
5456197
7093229
5415833
7047851
5415413
7122058
5391816
7227758
5503322
7083417
5461180
7130194
5520401
7124113
5393382
7191026
5464657
7203634
5489491
7246645
5374893
7080790
5442881
7220881
5448974
7142774
5423573
7106812
5420796
7072294
5445457
7224649
5344967
7217000
5562649
7194530
5491349
7129767
5416098
7183746
5472983
7192724
5434816
7041085
5412760
7173307
5537794
7178551
5487171
7202883
5422448
7076140
5456007
7122559
5520263
7154083
5503378
7162852
5487725
7176996
5313800
7179183
5445201
7153870
5450008
7157478
5473761
7131014
5428558
7135730
5469994
7148223
5396411
7193343
5440968
7145524
5461797
7182801
5441110
7089934
5447749
7111620
5430433
7136862
5408793
7112753
5405148
7090687
5478949
7136915
5377042
7184160
5503156
7202692
5507631
7167422
5371464
7191410
5472320
7145630
5384321
7075234
5395538
7130434
5392888
7113307
5411186
7169598
5432991
7101416
5388177
7109850
5447904
7217019
5410629
7082655
5390402
7216615
5429494
7105174
5448190
7101715
5448673
7133464
5435193
7158214
5460045
7144564
5412212
7130408
5439103
7118730
5404249
7103687
5491562
7109085
5503019
7137722
5458133
7175859
5457337
7085660
5452066
7202707
5417382
7112463
5550918
7077393
5496990
7170242
5482058
7091706
5556386
7056744
5472174
7159402
5420806
7083625
5366330
7231853
5416774
7145100
5475437
7220680
5443851
7191077
5449459
7087528
5458754
7154307
5471748
7114908
5514936
7132248
5465588
7069965
5372713
7138450
5477520
7177070
5445269
7161566
5509112
7134649
5376331
7095835
10511685
10545315
10541981
10560112
10525391
10558946
10604223
10504210
10534265
10548275
10582124
10506289
10473988
10513201
10471111
10581668
10541498
10518146
10595697
10636190
10546701
10518884
10543686
10465721
10584252
10466372
10431875
10571679
10476127
10559509
10519554
10517604
10502961
10497258
10531297
10554788
10575953
10444616
10571019
10522863
10533001
10481639
10470317
10548128
10503508
10515000
10533749
10467694
10521050
10597741
10468121
10552211
10607638
10560457
10484304
10449349
10499485
10479569
10593003
10541561
10581222
10432501
10465438
10521398
10427675
10507182
10466751
10582568
10467114
10531719
10505488
10556443
10580533
10611479
10479855
10520486
10448915
10514300
10524550
10505009
10553960
10567964
10482213
10531226
10521717
10662981
10460984
10426537
10469121
10470245
10294904489
10311414873
10283967908
10306100100
10302749662
10311054301
10295492388
10339539151
10316881445
10298696025
10320460833
10321812212
10334066232
10308376536
10323359378
10354213451
10293839108
10343770619
10312908436
10300477404
10292218740
10337200584
10331518574
10321326860
10324402579
10313561479
10302317367
10290374988
10310238251
10325106118
10304823267
10332841778
10297031091
10316933847
10320849970
10329231390
10306882575
10298015437
10325329825
10300502300
10307921094
10300521920
10345432591
10320919693
10308948601
10338036336
10316365598
10324891309
10297220673
10330537377
10322024107
10323396424
10281406378
10319849378
10303816335
10301524972
10319509394
10308456708
10295407400
10326614942
10313379476
10317394751
10323841873
10308309637
10312327671
10320024948
10315406747
10293267815
10329529616
10333360289
10329805795
10312240430
10340171807
10305321599
10271750142
10330694843
10344680170
10296776462
10314207255
10284275224
10325916705
10306599673
10322931014
10308951444
10312479318
10295493088
10330365194
10310344247
10290646829
10321364867
10334052066
10304533018
10303271230
10318704124
10330298678
10324434803
10310673596
10317976065
10299661745
10326320835
13617727254926
13621777666906
13628768214799
13614757286029
13625579216404
13625357281906
13628663257892
13619270721163
13623661069093
13620572036552
13627455329875
13617807967062
13622221882736
13616739191493
13621629555291
13627442863852
13621265937682
13619666372639
13616350820060
13619872993326
13619011403272
13616572704078
13621077326448
13615360354221
13617337056708
13623463718332
13617964623588
13623936350077
13622679151179
13623713493255
13619665248190
13618490098314
13624707663667
13627511380270
13619415606196
13624576694299
13621967175013
13619619465662
13628007353373
13622458646103
13616681697184
13616008740306
13622254673510
13621225144509
13619719677212
13618040731477
13619629423359
13623581425684
13617159909306
13613167346446
13625891662905
13625251036472
13621801512874
13621648942247
13619951631594
13613137778501
13614986408209
13617666375838
13621309175332
13620567894542
13627105427598
13627280098020
13629623963845
13620797961553
13618942408455
13619821768652
13625754698152
13619751003071
13628782932856
13621086668845
13621968813131
13621906783977
13627263786569
13623313201374
13620574882295
13630157847123
13617979838559
13626066780546
13617705514422
13621361378694
13615695117850
13626484264084
13624613676436
13620005879591
13625978226638
13623841599868
13616316931457
13624573821037
13627291185350
13622863083666
13627812759142
13625251530424
13621856517670
13628404618768
13617983028973
13626142250754
13627631073595
13629759420653
13628352924167
13619774794128
15272419508620471
15773989780135932
15276158282483958
15773993810588364
15272624460243784
15773995617578792
15274050623741457
15773994019739536
15278408386149714
15773993321172944
