333828889
565353203
811918617
333828889
409279589
16334
0
128243197
1481719
39028
0
0
103925
0
197946
0
499
0
0
14810
9327
36541757
741081
2297087
295492
684528320
0
526589
3877432
310373468
25164109
846927
220
8105
1791738
667
59897
531715840
0
12321916
406546680
0
531715840
0
0
511
1662575
296629080
684528320
223556
0
12160767
684528320
0
9686
33600624
669
0
97191993
0
0
2286990
0
38541686
71844830
5073549
2587259
577640
60996
841
305961300
39443451
233213660
0
1925522
168861400
412433280
412433280
47692221
0
5042466
8718696
880258
0
300
11545083
32452
0
0
0
0
684528320
0
29041
653
19911223
10873420
40176307
27300146
310373468
