2148
1618
834
13108
2399
4738
458
1755980604
563
2363
146
701
394
2076
2620
0
2009476067
338
668
11868905355
6753
3654
2139341233
325
3077
4202426782
2028
6010
128
151736390278
20
7143832559
694
1427
5209
16670756439
1248
668
651
5388
2211794468
142
292
795
25
89
2276
1141
1422
746
84329805403
385
2951327035
490
1068
3271
953
23861904124
1401
1081
661731186
82
11050661210
128
1418
3296
1501
627
538
1303958943
736
3224
1363
1417
651
488
1138
387
419
956
84
3754
409
1240
84
2886
38
981
501
403933181
9093543206
813
360
1040
1022
1586
8769145363
1031
944
1299
719
473
2608
1595
225
6390057929
0
532
2835
13070864742
4064
4453
7673023510
496
17983655972
902
55
1210
1382
18141028887
592
446
2831
1639
2332
55
416
0
2212
272
1630
176
1702
981
1174
53
877
746
1460
1926
726
3990
418
951
12121281406
546
66
2186
13007390464
14591511760
1862
599736930
1302
444
438
54
11720
356
1328
8766699789
142
131
1202
501
800
12036780917
12524571710
981
252
542
1400
999
20245971192
32
3945680704
556
175
2119
54934235002
445
345
1156
2822
268113380
84
5579
251
2130
545
173
134959557
81
285
1578
1029
694
3410
37774490151
848
42
136
8291360508
6552248198
538
3284
594
7485
845
464
6547372807
1088
5022049714
840
591
2734
348
469
173
217
1652
841
889
1267
604
95
18352
693527516
406
1262
1173
1008
394297355
1084
14382010340
196774146
1164
2556
794
4424298082
1244
76
3024
0
9574
895
793
2216
240
2365
2244
4133296404
1010
15468230687
2359
145
1822
12930342938
1031
53167273091
457
70612502674
713
309
6967072358
82736661994
143
55244399750
3557
20976
2553
12816284729
542
30620
9811
692
1084
29896597456
275
8787788266
1440
1044
536
2259
637
606
347182125
312
879
2400
11530436680
120
11179
7647
3420256098
1300
3768
415
902
1719
603
675
333
2256
2054
2802
53867285316
548
885
991
663
2938
1716
72
4954567484
1141
531
168
740
836
633
75
2001975738
1737
768
1328
8448
38
3050
106
10273401473
10176401507
36091296876
645
250
16423423921
9260
989
870
3729
993
1742
1336
702035237
511
9448701666
1252
1904
2165
84
1549
3242
1508
50
10005993137
2160
532
6476746808
811
2878
191
199
1896
1485
717
1362
11330020345
1159
94
651
2264
5871425095
309
3040831179
1323
920
1225
320
3306
916
1124
1194363956
678
995
1134
1298
2254
581
353
2368870959
816
408
11577100273
3372352332
745
2621360974
11998351568
10213051850
1774
1047
3307
3403305843
422
188
184
333
4291370428
4
4
600
24
190
154
581
701
334
55
2380264792
1668
2107752960
262
86
2681820958
12694715594
12
1109411848
1043628788
38
10
7201909508
196
629537878
56
468
375
14
172
374
274
8
210
634
260
188
180
666
102
52
412
8909486598
1174
1094
297
496
161685824
4
1846
208
208
2793052458
24
452
30
108
616
4
215
366
260
742
526
180
283
122
1038
441
289
112
356
70
66
26
75
504
668
242
470
1692
1060
556
610
470
140
254
1370
68
1058
560
338
296
332
7478765502
1480253854
7624734239
1306038024702
471633164891
1661068353570
7958425135268
102329923717
1015346653154
1851732409294
