938813981
363035595
393046200
707164727
856598030
371523278
35010995
612204043
416333697
847279047
544526375
257670922
339555279
629958180
490971454
553861094
976868046
687152810
948294785
201748063
528039262
989444512
940955983
895868325
534092564
675038604
589793535
371835966
666829894
596907230
289328358
228299579
358000214
247046577
938390243
115526165
455620338
209148400
797141143
88403075
912986006
453406577
117926746
449275269
163777385
695288297
117624727
384461856
926484118
143948213
872810596
667725496
114178384
3871497
266413149
18303364
798690847
281116244
242800511
186136850
965358620
739282070
326376388
942663600
613285444
996980053
434918981
901273881
816
594796225
132643826
182537276
291474618
527242277
620199784
7440587
129184763
639992259
546396121
144689312
213132565
161823109
704221319
89849282
350406599
734872914
139352474
87856331
662970875
384790634
145579556
778068740
466287454
379166753
918871590
96418314
551413147
42761208
434476781
3473355
329343985
879272120
340518974
831869507
809540646
560831869
909120653
819472843
544921396
15925568
439647475
512595253
979282063
520982142
583449859
50739866
68197802
37687452
220073186
739968566
256292795
170828324
413058611
706371455
172824251
790394173
475794374
450846212
67551934
212018454
415233961
927105739
23799791
749672566
377713020
290530454
224099186
814399146
795888848
362454364
150938697
378232614
319940438
742762856
67794061
790706139
520857176
757031340
184787038
1596
469154924
513557227
125930763
520330308
348542783
475170818
926505657
40843010
654546918
412269427
264943326
704032718
15576
993637429
48758010
707518612
738181665
876728223
509411263
280091213
392295306
458902034
760272196
223609668
662820881
920466433
401308593
112563479
647227780
54524177
293311535
638747024
72837893
125137090
796089296
402112119
213445063
204669197
715378725
943827501
423984802
163954441
828462740
343743545
631048577
693903314
979409993
730613345
234689088
599171181
997160466
98463040
246206947
583306320
917119307
36575289
739297405
82064023
267448643
914734440
883499227
616441673
772184566
138478942
780
954776036
822336417
1748006
80346043
604921651
668763630
41504059
672324396
66
118485798
385986146
940116547
53924432
387119535
361253324
166383653
816154653
602320320
952209112
125674778
490008737
950555979
230955252
210086879
844077957
793227314
714187442
455870805
517355129
217871847
963481604
705053030
915950115
93323036
837180317
787004781
56822177
374939835
399869460
890235203
273445618
430843900
857590103
100033645
295576141
87169296
318307743
635240157
371772509
120
796045439
159528696
13203
794396722
713002849
408335944
31
249540935
852238243
905500426
795684413
791361968
4487537
722201998
146863062
318124989
892876312
684331808
786719330
286308186
168629551
510106497
709060016
874906884
99407158
29781132
860270556
963352237
596336353
921575942
786181543
469619815
281049768
670649610
457504202
17756770
236883431
788342334
660463132
384644730
631420583
449664142
190860205
602292794
948760220
935538732
929587494
890202266
535753600
155058898
703160139
872352265
300976222
698912018
180182147
909632038
458056220
47622747
789020321
186455752
248994444
332052390
223429967
813420241
813816203
97261696
103300192
90968785
34781036
723091732
739297405
47702707
484968093
265430157
122316020
210076295
441032867
591474373
716466573
213727349
230059851
582465602
832065281
271369676
763391078
773422771
304947856
221035884
354618790
21791872
789241651
466596539
449275269
532348119
386229942
437641614
804883368
208695493
694611850
211925258
829390867
435170868
245054197
983257501
358000214
844218486
304288792
434421918
144916759
407685110
350263518
252480822
386515872
986577487
773771320
255950109
222630864
292558459
802101406
101999236
326182416
373401960
366296056
887942163
693799845
635850050
423634387
30115996
865223140
942543660
35009079
806559956
361034539
339276334
255217527
516152009
720210487
141121980
1011615
215807203
786208759
468797815
691872013
624128501
979920221
874906884
523218392
807006724
13124760
312541877
361922884
211638344
463968007
14365
202955274
700242968
965639337
368308100
242025807
399899017
664115511
732808528
635595863
614477368
121376085
986418016
243711241
212431465
174633203
397765822
555430476
796267604
616619727
906905656
236636513
282572277
626655667
831402264
501685056
57422350
289700957
534478655
304700083
833492463
325359146
153735825
200149530
335656999
840322104
91522149
36361854
527020697
457820052
936698382
633776592
611894711
748788899
443845346
772964092
705748106
123193303
869096885
404947483
201358432
86548660
975075322
567869564
536413025
350327274
6084368
822621352
253818505
474024830
237170123
467185853
900879586
50320028
33452175
342046340
62389545
916480283
488955620
302842555
825656930
778068740
609745384
727184505
431785287
762581578
474960092
799311242
230073775
782692259
8626767
447494387
957501039
569098909
498520830
446926160
575116082
240851073
985346186
998551022
605932432
419220431
831071208
316416443
895197679
149630852
629720881
201886801
497713640
575868995
288649803
556924023
830888641
524742083
751470536
883074564
788998637
223316369
541684370
805390000
454458298
233004138
32705247
626532653
722436007
773092801
866112126
945406609
204449241
739842679
593718804
327516956
649698125
21788051
119392002
653329189
92021271
291223587
604248554
508073100
579075193
840592752
616109881
409863077
588586468
689819463
51691340
40241645
834642425
228502022
907604858
437256585
784987496
835304275
879272120
769751101
12581332
572487055
865464849
688457780
364225494
685944718
84627724
620199784
952232685
215908831
769606300
179512473
855735141
956065119
776918297
764034062
491677648
992444515
618006090
914005176
324779447
843463839
28887097
855078152
537209352
17497074
250728242
731811183
355051860
462371024
654737636
854456261
317809686
644946394
337308609
934948082
188447009
773316932
57670749
298813341
904095956
870958784
330637335
430531935
695489595
779507537
881867675
520895602
936020276
642695949
903502155
558889962
296533845
582254158
716320863
453135817
160900733
220115640
298402780
914561046
116294670
252503631
536252702
450528949
371309592
927513921
986651481
909632038
427533380
560891761
754976310
279450823
665880
85430094
727676392
152947697
120559769
47253437
586304282
961808495
75808424
907128716
264209315
779507537
345170074
655922145
345840364
291024074
839943326
25200
302065962
525753106
62389545
493188116
987901562
772953613
876130146
406
214251846
467650008
568923538
387300242
234607139
289297685
479710600
178539171
109991080
601417808
611069348
555521112
536505001
731647604
3552872
820833409
158092807
943617875
46360
996368363
805446769
170567064
89614829
991477499
297630169
327285706
968403480
87507309
391618683
537005279
1534944
110198040
571067826
446334921
608368418
771357979
751639293
786332230
720136072
792876616
518090227
782815416
769751101
185400197
932305564
598747095
414605887
595929612
918266848
510846011
288787250
343267103
231798875
348189202
711370592
459037028
548065661
21616528
701720556
715237426
645015600
686002634
240238387
94029206
731392004
201209616
541360535
826001873
340439287
178364269
888044669
524266555
150316568
957154558
577036723
100441254
128100056
767982497
399956488
542451666
814708504
879084693
575751185
795095084
203472972
263426420
724623509
586625188
308121244
131010459
523093782
109197351
673044174
720827092
532381897
852821837
470896195
696764188
48
65455775
71482294
172278515
38
14926336
841737828
968476656
328918882
672368305
320450203
650366963
162195833
657591406
568864179
5205371
900319269
105137824
546645980
581671230
467729567
777453290
108595036
211689366
18924653
322259593
963618311
916853837
12185124
903925048
131575701
333506544
318445796
287627626
242493972
201436991
154501974
783232465
450591884
452438248
81058015
474824872
326287992
489388859
410526461
505105762
549774192
317494072
377774430
777416899
888534905
167257710
243414176
124748057
964594478
13948788
259006635
927597698
391308217
686569257
563381255
32059675
677052942
750092742
896993749
896362321
820919608
33180464
981928307
100143278
253867465
524599725
374855895
259554350
158088348
396278246
632412106
845388169
700667475
532754361
623276760
4852575
276723587
243315566
776918297
641755808
461557898
106
1286632
294802159
546523594
118485798
560470593
453940509
67106422
55
456795499
570725477
68079805
425355388
322259593
367877709
940081682
779093057
463847221
761059448
709253396
565763954
347550137
849848129
974300532
677709672
244769421
217241250
601038821
849381054
727499515
479613804
248012972
702337184
933250522
582364534
514063279
939907216
201554648
303717276
860509166
96418314
218541047
507177622
559632000
513799030
278283899
513692371
311435264
378546189
135485626
964193678
738008923
953289141
305743584
791488621
365821976
141698901
836101996
192857955
533894229
474695702
343998278
849143671
776433416
942780573
753038975
352977570
268139403
202015450
476656094
17640853
468437392
831310377
279597512
533279921
619742813
493734645
260521052
587685044
35341100
858239971
568515330
545022070
566673122
810534848
293807375
489042937
473992581
349791971
243600380
159262000
184604869
241186014
46517063
330820777
836651806
167436385
907681748
73990598
848947148
291377331
408263417
373031181
378769489
493472987
5399969
115414104
800203261
627766145
198208010
483238089
429456548
854331310
181607898
387403776
678033635
507556722
248398433
260555737
799812715
279853396
945063881
457945430
415051170
637777625
564665241
38301000
640545098
542634414
875037672
889117799
175288314
477634099
639966403
741824121
876733088
838398770
899855150
691824734
429961239
77487298
242091498
428239775
907239793
498400567
985494471
445600442
159452712
678467807
175300594
215759626
431281796
135173506
