110484520
172140732
120978452
62881866
89387921
54574522
157431423
198764291
203212502
99885195
37967964
105164054
1562370
34229870
240947879
21384598
219668111
235204830
83403921
213167938
17036105
249628340
154693137
60787057
255231721
240758830
223164459
76807749
47012870
154147480
211521678
41992685
97640670
42045373
170630109
23723768
146054740
129432517
44653526
252767434
190305006
120524646
99757488
102621430
220480903
256976959
144848859
45242951
170415528
67694536
197628874
82402637
111073641
254371380
250973136
24696546
238396976
108465177
81982075
102907606
62947126
56192499
67517734
257346650
219269750
207999869
183180737
24861968
162786870
168142479
46485177
166232954
69066760
170717657
108733853
7211437
216869557
175253125
182040932
231707274
142350952
215896683
35107130
59573755
33758021
196134816
215662668
127060269
4762937
209019680
92260136
187192377
204706480
29582309
244533784
164144743
202815909
6871007
115335961
6777256
