454865319
0
0
0
0
0
0
0
0
0
0
0
0
920145337
0
0
0
0
0
0
0
0
0
0
0
0
577631734
365005289
440034889
12646998
0
0
0
0
0
0
0
0
0
131196271
366425503
228866217
0
0
0
0
0
0
0
0
0
672163599
710076673
693209620
712534354
755219705
137024473
0
0
0
0
0
0
0
0
0
614856798
433682986
767519317
0
0
0
0
0
0
0
0
0
370676992
526783753
579573887
783317340
0
0
452327281
0
0
630287769
0
0
0
325702211
0
0
660113789
0
0
925066403
0
0
0
813141725
0
0
930026623
0
0
42057001
996390386
0
0
0
690039894
0
0
0
159035703
586348564
0
0
0
699291838
0
0
0
722693883
784873787
0
0
0
668080237
0
0
0
75176030
310166144
493601408
912162891
888204955
452746210
1
875726864
0
984315442
658599508
79368311
0
435954942
326628402
484324086
0
94215600
158739710
665620671
0
480894319
0
496534749
764950701
651887456
19168470
697457315
878926924
0
0
521625176
0
0
829225604
0
0
0
124649110
0
0
550666526
0
0
1860201
0
0
0
294049907
0
0
43036392
0
0
263272659
317108532
583663
987653114
415991071
810511554
0
194508824
1
694173431
710992011
411567872
0
612892260
931988611
310165968
0
295790691
189701529
66089707
0
905989802
0
548828575
477077805
218647599
527858132
62041906
509773007
0
0
0
441175423
0
0
0
235852842
752497829
0
0
0
847942751
0
0
0
800809386
518316597
0
0
0
344305802
0
0
0
41659381
86762096
0
0
0
958385598
0
0
0
400553447
463006007
0
0
0
576254599
0
0
0
557441856
850289547
0
0
0
554768240
0
0
0
306656010
614927741
0
0
933923757
0
0
566171602
0
0
0
65537490
0
0
43521180
0
0
651659519
0
0
0
386524436
0
0
85311753
0
0
947499374
337453219
188994678
15521529
7064652
261007207
0
424974287
0
754848178
457382250
214310418
1
39335451
946457077
937772428
0
580884353
291441183
607377635
0
365330900
0
239929717
688687605
769705040
568947898
83337085
217355077
192481779
867217954
0
0
0
0
0
0
0
0
0
173998150
725442622
735877211
0
0
0
0
0
0
0
0
0
478623953
274508032
184579484
412017843
0
0
0
0
0
0
0
0
0
0
0
0
831707298
0
0
0
0
0
0
0
0
0
0
0
0
386922568
499973442
53330289
680934163
0
0
0
0
0
0
0
0
0
194912110
792372537
919071908
0
0
0
0
0
0
0
0
0
323927946
821208564
362180986
863208158
982958630
75158491
466906373
230558085
0
205860715
0
114573240
237261034
388371305
0
850951529
8805524
830339472
1
737235452
63316399
207996254
0
664999889
0
437755927
664203562
471761908
288685644
786270631
935342634
0
0
20374150
0
0
310377680
0
0
0
518277853
0
0
440754635
0
0
206353530
0
0
0
520547184
0
0
598172340
0
0
830381542
78680682
0
0
0
666587334
0
0
0
55578466
273972225
0
0
0
995676792
0
0
0
57930135
229391841
0
0
0
540513473
0
0
0
492912057
905815179
0
0
0
20626118
0
0
0
44760282
170879109
0
0
0
687556745
0
0
0
139501057
362954593
0
0
0
154700581
0
0
0
978295589
991123582
159895593
971117955
50483890
104664741
0
133149949
0
526738645
761154541
867123200
0
258692714
827779728
416025658
0
401773578
69554308
220559681
1
72905142
0
969298791
390632098
908401827
970973721
219873729
808754733
0
0
667297276
0
0
99760543
0
0
0
48435327
0
0
225704126
0
0
653651429
0
0
0
2293973
0
0
563365362
0
0
361691588
523372056
544327314
23177958
159861068
420787102
0
526372724
0
914232961
899257828
914640300
0
554691010
754550011
384814277
0
160094987
406639363
754402547
0
381163288
1
987430440
587364381
241934242
987073803
973131363
695276301
0
0
0
733128463
0
0
0
455482015
268161173
0
0
0
339612751
0
0
0
965616591
522238913
0
0
0
870191094
0
0
0
806551862
578600246
0
0
545328793
0
0
893396236
0
0
0
678257122
0
0
809333367
0
0
597077312
0
0
0
459627477
0
0
690728923
0
0
953151802
71341029
670226729
890044188
0
0
0
0
0
0
0
0
0
751406413
68620165
853529931
0
0
0
0
0
0
0
0
0
13415771
366341466
993166413
848410771
328182527
821672823
0
0
0
0
0
0
0
0
0
220603645
84937978
279130915
0
0
0
0
0
0
0
0
0
803677649
814991109
230223910
993043584
0
0
0
0
0
0
0
0
0
0
0
0
666080329
0
0
0
0
0
0
0
0
0
0
0
0
283179241
0
48945369
0
0
0
0
1
0
1
1
3
1
1
1
