-1
-1
-1
-1
-1
-1
-1
-1
-1
-1
-1
-1
-1
-1
-1
-1
-1
-1
-1
-1
-1
-1
-1
-1
-1
-1
-1
-1
-1
-1
-1
-1
-1
-1
-1
-1
4
-1
-1
6
-1
-1
5
-1
-1
8
-1
7
-1
7
-1
-1
6
-1
-1
10
-1
9
-1
-1
9
-1
8
-1
8
-1
-1
7
-1
-1
-1
-1
-1
-1
-1
-1
-1
-1
-1
-1
-1
-1
-1
-1
-1
-1
-1
-1
-1
-1
-1
-1
-1
-1
-1
-1
-1
-1
-1
-1
-1
7
-1
6
-1
6
-1
-1
5
-1
-1
9
-1
8
-1
-1
8
-1
7
-1
7
-1
-1
6
-1
-1
-1
-1
-1
-1
-1
-1
-1
-1
-1
-1
-1
-1
-1
-1
-1
-1
-1
-1
-1
-1
-1
-1
-1
-1
-1
-1
-1
-1
-1
-1
-1
-1
-1
-1
-1
-1
-1
-1
-1
-1
-1
-1
-1
-1
-1
-1
-1
-1
-1
5
-1
-1
4
-1
-1
7
-1
6
-1
6
-1
-1
5
-1
-1
9
-1
8
-1
-1
8
-1
7
-1
7
-1
-1
6
-1
-1
-1
-1
-1
-1
-1
-1
-1
-1
-1
-1
-1
-1
-1
-1
-1
-1
-1
-1
-1
-1
-1
-1
-1
-1
-1
8
-1
7
-1
-1
7
-1
6
-1
6
-1
-1
5
-1
-1
-1
-1
-1
-1
-1
-1
-1
-1
-1
-1
-1
-1
-1
-1
-1
-1
-1
-1
-1
-1
-1
-1
-1
-1
-1
-1
-1
-1
-1
-1
-1
6
-1
5
-1
5
-1
-1
4
-1
-1
8
-1
7
-1
-1
7
-1
6
-1
6
-1
-1
5
-1
-1
-1
-1
-1
-1
-1
-1
-1
-1
-1
-1
-1
-1
-1
-1
-1
-1
-1
-1
-1
-1
-1
-1
-1
-1
-1
-1
-1
-1
-1
-1
-1
-1
-1
-1
-1
-1
-1
-1
-1
-1
7
-1
6
-1
-1
6
-1
5
-1
5
-1
-1
4
-1
-1
-1
-1
-1
-1
-1
-1
-1
-1
-1
-1
-1
-1
-1
-1
12
-1
14
8
16
-1
18
10
20
-1
22
12
24
-1
26
14
28
-1
30
16
32
-1
34
18
36
-1
38
20
40
-1
42
22
44
-1
46
24
48
-1
50
26
52
-1
54
28
56
-1
58
30
60
-1
62
32
64
-1
66
34
68
-1
70
36
72
-1
74
38
76
-1
78
40
80
-1
82
42
84
-1
86
44
88
-1
90
46
92
-1
94
48
96
-1
98
50
100
-1
102
52
104
-1
106
54
108
-1
110
56
112
-1
114
58
116
-1
118
60
120
-1
122
62
124
-1
126
64
128
-1
130
66
132
-1
134
68
136
-1
138
70
140
-1
142
72
-1
-1
-1
1942
2292
-1
-1
-1
2273
1547
-1
1785
1915
-1
2148
-1
-1
-1
-1
-1
-1
-1
-1
-1
-1
1512
-1
1481
-1
1525
-1
1849
-1
-1
588
1278
2247
-1
-1
-1
-1
-1
-1
-1
-1
1903
-1
-1
-1
-1
1692
-1
-1
-1
975
-1
-1
-1
1257
-1
-1
-1
-1
-1
-1
-1
-1
1467
-1
-1
2111
-1
-1
-1
791
-1
-1
868
-1
2011
-1
859
-1
-1
-1
660
-1
1634
-1
-1
1273
-1
-1
-1
-1
-1
-1
-1
