5056
1386
16642
27643
7590
18997
3252
9358
10974
21456
7779
10615
17141
27447
8082
15472
10682
2664
5598
10584
4352
7812
11142
623
548
18018
24490
8218
1180
3024
25276
3315
29253
918
6267
4589
2252
9490
6258
21925
29797
16566
2751
16005
18182
5332
28728
3696
27777
8820
1762
42
5093
19278
15978
2560
5466
21227
4014
4900
582
16188
1498
10593
3194
13835
6506
3196
24879
14044
15432
23226
14413
12658
9714
6356
7101
8078
1086
13506
25344
2730
16044
6069
23358
11204
13235
4059
1890
749
19488
5025
6813
26219
7042
10080
8
4830
9057
1436
16728
1898
1084
15774
19992
576
64
8185
9774
911
22255
9653
829
5921
7182
3456
5412
9744
15248
2436
1674
15831
1848
7350
21170
2454
6018
20617
15688
19726
4671
18955
674
14827
5188
10500
1418
26602
2219
1131
9323
3293
3683
7182
2710
142
11661
907
10766
20332
6166
6990
17358
8308
4302
3648
14344
11189
12253
17947
6924
21612
11752
16035
3365
6900
10320
12089
8100
10275
18768
4319
17262
10361
6062
23154
2336
9797
4590
4763
19743
8173
8173
3189
11570
2705
4662
7532
24960
5751
10828
361
5831
3048
7300
7997
2714
5369
15102
2108
17433
48
12269
672
21857
22048
756
16038
4998
12184
3765
24709
6116
3234
17489
6176
16726
6292
4407
6738
16500
4355
8896
3486
17368
9240
2391
12460
20076
29349
11835
21053
15796
10369
15232
12768
4473
23478
23696
13213
2191
12348
16461
4253
3016
7189
4109
24906
9184
3852
148
18018
13650
17210
23587
7651
7124
1001
4723
4506
14236
636
3287
4776
18480
2976
6521
9817
11854
23333
16807
13380
22636
16983
462
6312
10515
6274
8160
6804
4235
21521
7161
8602
2433
10785
13014
12492
21852
8871
5600
11726
14843
20138
14577
3212
3288
3205
22992
3517
5323
8760
7283
4411
6482
1487
2586
1599
3298
6383
2351
22416
10746
2940
2182
28648
13776
10070
4080
9276
3545
11793
20394
9628
7104
3078
14756
809
5774
1756
16876
16464
2908
9316
14738
6048
19653
16947
8162
2592
6124
1875
1078
11406
8665
12815
12363
147
18109
5496
15852
23103
4669
5040
1005
1474
11918
978
12726
5491
6829
23365
16367
16286
4524
5082
16758
23941
15564
21536
18435
7054
3024
3570
9126
16107
16096
3553
1679
6703
13859
1474
14546
10729
16237
3447
6875
3038
20833
15538
3671
15603
25545
17932
10458
14125
11962
1871
6718
14511
4854
4879
20613
2236
6092
5412
8561
703
15973
6866
2393
12781
26118
695
5103
1680
10866
2262
2248
11357
607
6321
18133
849
8178
5902
22835
507
6585
12199
5710
179
14893
4092
12929
816
6300
480
10638
9539
6384
23044
23432
14416
5359
11060
3264
3480
4411
1099
16808
9487
22384
18787
2944
6436
29082
15770
3673
13050
20812
7378
17460
3416
19058
5910
1631
15188
17027
20310
4494
5300
7877
8289
1463
4464
7269
15843
19558
14756
15886
319
5669
8316
5247
7768
1925
149
7812
13647
13013
12845
144
5694
422
6045
22096
21896
5908
2484
22064
6264
3367
1342
14251
2093
7617
2801
12855
11942
4881
2931
4695
5915
1690
3678
14558
13338
20508
16630
22813
4113
13032
4438
395
6876
1290
8756
18887
14675
7678
19964
8343
21538
6319
21012
2053
2850
3791
5670
18796
18096
2974
5596
2368
889
966
4158
18690
14381
10406
867
1356
13025
16632
13482
3780
9996
25962
1529
5474
1279
9909
15195
12991
24465
11644
8246
12876
14028
5922
4573
6370
6864
11879
20136
14646
702
7332
20160
13246
3488
1008
24319
2807
9604
7187
6573
760
4998
13846
9710
1842
1566
1761
16600
296
1962
4160
3660
11136
5985
15322
18471
9450
17525
9359
1098
6280
1086
2604
2900
15933
11751
17370
20924
21682
2323
4524
18011
923
23797
5259
4868
2947
25236
5340
173
7938
7237
4710
9396
18369
498
7980
9677
5654
7345
21065
993
4977
4656
1498
457
8322
15582
1826
20773
15699
1169
7248
11358
5578
16836
3025
4011
7014
12600
5372
12114
19785
8043
25130
13169
25088
21762
3360
9769
16509
2271
6048
2676
26460
11007
13899
19230
7739
9607
7169
9823
15652
12212
10066
22783
3931
1002
20818
16572
21880
18554
17474
24967
246
926
4154
23262
3400
4845
19095
17547
5842
10384
6026
18102
17136
24907
17646
19922
11441
2196
2994
623
17213
11169
14832
11015
22724
3444
12341
3880
127
6132
24952
10439
6151
3132
18168
636
10197
3413
2352
17333
18285
8718
14994
4889
6216
10080
10111
23080
4313
18693
3294
2814
386
11371
23520
1210
1057
1146
10368
10289
1085
19036
11754
12756
25942
584
15360
1851
6583
15042
9742
7200
16091
1365
4038
17454
7686
1050
18617
3173
3372
17510
16790
21755
3085
5397
7392
15443
1034
14850
21158
18774
9198
16237
10802
10936
10398
7824
26109
4284
4014
2068
1464
14278
17076
15270
16149
26706
3823
10573
6916
28026
2513
6423
15228
1912
13363
11813
19782
11138
28557
7863
143
1764
5574
28631
13264
7348
8373
25662
21302
353
18777
542
12121
4041
27687
13714
5362
6898
4824
26490
7644
15932
4936
8750
7335
24403
17855
21028
16968
12473
635
18036
13464
11802
6922
17532
28427
7470
16627
14876
3098
4992
967
5310
1008
554
13318
288
2877
9534
15412
2464
18320
447
6573
15402
10110
203
15626
13115
4837
14284
847
1647
4744
25856
14531
22117
7464
12396
670
3072
4301
26880
10185
8880
17371
4403
17808
2712
9476
6118
14450
2855
2797
12555
25112
4504
203
2236
14480
9252
2912
3410
3906
1098
9954
7334
1024
148
14448
25493
12539
8311
6061
16164
5177
23459
23478
23413
2372
17316
3234
21711
6804
14075
17869
11067
1384
557
19077
11392
11902
8820
17142
1128
1088
12432
15937
234
18389
9282
9184
16070
21810
10963
13160
10768
10262
15925
1962
28088
16060
2976
10974
9104
3866
6108
3347
2248
25936
12890
5172
3072
4076
16099
8664
16488
7547
20567
7712
17903
22498
5094
6255
20480
8516
5649
19210
3222
600
4110
14114
2774
12166
665
10833
3871
15414
3539
1842
12558
16800
4926
24228
8626
