10803
2726434
78295
60398
7420
27853
11108
59625
84494
66592
7486
51725
28716
59691
68919
71346
21379
48983
17289
9532
41433
2389894
62082
41071
32744
42718
147216
11603
5153549
110705
45709
143137
15895
5128128
114556
24450
111951
28974
5052272
52443
105728
47589
42171
30449
53328
102682
100448
135061
161633
70329
12972
153385
114781
3611
4714180
244382
105038
11708
142268
33241
9782
68806
112093
274523
74574
17731
29371
36528
195295
141736
11762
144995
150654
83646
73627
242277
8156215
192522
30508
8436993
132600
111907
26444
90726
128898
50096
55089
71736
67592
167365
26645
31357
198510
72928
249574
70985
29403
152436
8738
183173
146147
94741
62975
5830
65753
108538
210670
45208
8529686
27464
151133
59776
49171
8277957
8493552
60688
5991899
72073
229120
18810
299735
74322
225575
11264082
314274
253369
35238
236971
98935
208795
67952
11446314
17575
225657
189848
200698
294731
121636
29036
33920
11321103
272677
11389553
42994
136944
83490
64497
60596
17513
11325
327112
132864
2471
96337
234654
85894
11300996
33791
212980
277574
54407
35056
10429835
53195
223365
233380
179921
2471
61237
62163
10973465
7339773
14169976
93459
14563733
14565126
311044
231397
238968
428235
396267
317832
141013
14186534
424153
14047220
28741
169465
57952
339663
252418
127662
321024
332304
290879
14687654
305788
90347
214571
157961
245714
88058
468171
414484
134949
14658493
26880
324114
457214
20148
11777
86415
373985
80716
177305
273500
13838663
317469
38669
69385
35623
156269
369234
407632
178524
30542
62806
346439
145812
257575
86923
97877
65950
285520
14488314
420012
40723
140576
322642
175052
149234
47323
56014
131914
235099
59137
377639
54230
153399
10506239
14960
22015
4254
23700
65024
80270
59164
72502
41241
4570
86802
34001
83017
9219
71821
56392
68518
65039
3079866
6338
10307
13564
87144
2414809
5713479
32243
5840686
149006
665
29541
82809
28847
130198
34750
26841
5910019
130125
146918
54824
5643152
98063
121680
64622
76609
10433
13335
19051
43970
34421
231188
169726
16352
217255
13415
53627
96347
178806
39261
8688465
1881
65262
69130
8283126
33301
42434
21009
262448
15379
938
100886
252136
34561
46010
165556
30815
146560
62126
31741
174645
76179
67983
8596520
75068
246382
211362
3784
85162
152330
1891
50866
69882
7948504
65907
53477
166564
30565
7806565
6579773
12154894
170214
11331122
277173
35178
6606
77572
3933
169219
11820375
210475
18756
11144619
250106
150718
187705
176519
7950
12154898
148447
65846
36096
160274
169413
279090
336625
230991
66102
311138
71959
229929
360790
81814
11544710
114542
100460
95725
168099
345256
184741
79659
205411
103899
88247
115428
109483
141363
113130
11981796
182469
67056
355504
110617
122137
56025
1299
28180
165221
166838
81142
79095
307785
132630
314273
161291
142226
97486
354582
230892
310640
209915
133076
10573
253632
198911
64781
4773142
34131
420207
12973914
26429
61899
219579
173706
74523
138947
278954
306128
38457
73209
286419
13002889
124787
209933
176385
79117
286719
249482
13250120
148033
257621
82306
17011
102561
32497
10646
125877
83473
53914
249748
77013
12961859
74711
281325
202401
332101
200679
67918
135841
350666
10780
92694
110218
410007
226913
12820355
23331
279045
372315
13384225
397502
47796
13681404
13572513
227195
26286
302687
265016
188904
4563
12726042
313937
88104
291690
209656
246963
11746461
