11
18
20
16
7
76
4
46
3
6
2
3
3
3
3
6
2
3
2
2
2
2
4
2
2
2
2
5
2
3
2
2
4
4
2
3
3
2
6
2
3
2
2
2
2
2
3
2
3
4
2
3
2
3
7
4
2
7
3
6
2
2
3
8
2
2
2
6
2
2
4
2
2
2
9
2
9
2
2
6
3
3
2
3
5
3
3
7
2
12
5
2
6
3
3
3
5
2
2
2
2
4
4
8
3
4
3
2
2
4
3
3
2
4
2
2
7
2
4
3
3
2
2
3
2
7
2
2
4
3
2
3
8
3
2
2
3
4
4
2
2
3
3
3
3
3
4
2
2
5
7
2
2
3
2
2
3
3
2
3
3
4
3
2
2
2
4
2
2
2
7
7
3
2
2
11
4
2
2
3
12
2
2
3
7
8
2
4
4
3
3
3
4
2
2
2
4
5
2
2
3
4
5
3
4
2
8
3
3
4
2
2
4
6
2
6
2
2
2
2
2
2
2
2
3
7
3
4
2
2
3
6
2
2
3
2
6
7
3
2
2
3
4
3
2
2
2
4
2
3
2
3
2
2
2
3
3
2
2
4
5
3
2
3
2
3
2
4
2
2
2
2
3
2
2
2
5
2
4
2
4
3
2
2
3
3
4
3
4
2
2
2
2
6
4
2
3
2
3
4
3
2
3
4
2
3
4
4
3
2
3
2
3
2
2
3
2
2
3
8
3
3
2
2
4
6
3
3
2
3
10
3
2
2
3
3
2
3
6
2
3
4
2
4
2
2
3
2
3
2
3
5
3
2
3
2
4
2
4
2
3
5
4
3
2
4
3
3
2
2
4
4
3
4
3
4
4
2
3
4
2
6
2
3
3
2
4
5
3
3
3
2
3
4
2
2
6
5
3
5
3
4
3
4
6
2
4
3
3
6
4
4
4
3
3
2
3
2
2
2
3
2
5
3
3
7
5
7
3
5
5
2
2
3
3
2
3
3
3
4
7
2
2
6
4
9
3
2
2
2
3
4
3
2
6
3
2
2
2
2
5
4
4
2
2
6
3
3
5
2
2
2
3
3
2
2
2
3
4
2
3
5
3
2
4
2
2
4
3
3
4
2
4
2
2
2
2
4
2
4
3
2
6
2
2
4
2
3
3
3
2
2
3
3
2
4
4
2
3
3
3
5
2
2
4
2
2
3
2
2
3
2
3
3
6
5
5
2
4
2
2
3
2
2
2
5
2
2
2
3
3
5
2
2
8
4
4
2
3
3
3
6
2
8
4
3
2
2
2
2
3
2
2
2
4
3
2
4
2
4
4
5
2
3
3
3
2
4
5
2
2
2
4
2
2
2
2
3
6
2
2
3
4
2
2
4
12
4
4
2
4
2
3
2
2
4
3
2
2
2
3
2
2
2
2
5
3
3
3
4
4
3
2
2
2
6
6
3
3
3
3
2
4
2
3
2
4
4
5
3
2
2
4
2
2
3
3
3
2
2
2
6
3
2
5
7
2
2
3
2
2
6
6
7
3
2
2
3
2
2
3
5
2
2
2
3
4
3
3
3
3
2
9
2
4
3
4
3
5
7
3
3
3
2
3
3
2
4
2
5
4
4
2
2
4
2
4
5
2
2
3
5
2
3
2
7
3
2
5
2
3
3
5
9
4
4
2
6
5
6
2
4
6
6
2
3
4
3
2
2
2
4
4
4
7
4
2
5
2
2
2
3
4
2
3
3
3
3
3
3
2
8
5
3
2
2
3
5
2
3
2
2
2
3
2
4
3
2
3
9
3
3
4
8
2
3
3
4
9
2
3
2
5
2
2
2
2
2
3
2
2
