0
14803
33622
41117
76836
43438
64964
123245
149469
162042
114763
240737
266206
202588
327024
276638
317930
320276
369666
388607
382515
529545
386320
481330
508701
412041
500271
723977
634179
580362
693855
631239
832699
715493
613083
1445281
1020700
23221
2392708
1214900
1651212
1950038
421496
1199449
822617
8682252
8433005
8872951
8071057
8278473
8386737
7889326
8663230
8240023
8212730
45192459
45048397
45320297
44055479
44273509
44027720
45773031
46075645
45746651
44349836
2157226900
1942530246
229670905
1209436926
42254891
1121187496
1275384852
1007118927
994316302
561221961
428525818
1200358879
1570896757
1135897592
2134010369
732451871
1610553896
504485829
582628263
2045303091
1168472845
443040236
1702896571
1280425509
1070188357
1249549862
193315726
1558212048
160151637
384259439
7656034089
7661935333
7656216138
7661165693
7652829317
